[2025/07/28 06:55:06] - Namespace(backdoor_type='narcissus', batch_size=128, blend_size=32, data_dir='/home/amax/STU/DATASET/tiny-imagenet-200', dataset='cifar10', epochs=300, learning_rate=0.1, model='resnet18', model_dir='/home/boot/STU/workspaces/wzx/Samples_select/models/', num_classes=10, num_levels='36:60:12', output_dir='save_metric_10_res', poisoning_rate=4e-05, res_rate=1, res_sel='log', result_dir='narcissus_log_0.00004', seed=1, select_epoch=10, selection='res', type=None, y_target=0)
[2025/07/28 06:55:06] - Epoch 	 lr 	 Time 	 TrainLoss 	 TrainACC 	 PoisonLoss 	 PoisonACC 	 CleanLoss 	 CleanACC 	 TargetSum 	 CleanSum
[2025/07/28 06:55:15] - 0 	 0.100 	 9.2 	 1.8213 	 0.3524 	 2.7738 	 0.1818 	 1.8497 	 0.3728 	 0.0091 	 0.0186
[2025/07/28 06:55:24] - 1 	 0.100 	 8.6 	 1.3013 	 0.5271 	 6.2492 	 0.0088 	 1.7441 	 0.4833 	 0.0000 	 0.0000
[2025/07/28 06:55:32] - 2 	 0.100 	 8.5 	 1.0260 	 0.6377 	 6.2583 	 0.0003 	 1.3426 	 0.5257 	 0.0000 	 0.0000
[2025/07/28 06:55:41] - 3 	 0.100 	 9.0 	 0.8348 	 0.7078 	 3.9294 	 0.1330 	 1.0799 	 0.6398 	 0.0000 	 0.0000
[2025/07/28 06:55:50] - 4 	 0.100 	 9.1 	 0.6897 	 0.7593 	 5.3365 	 0.0156 	 0.8583 	 0.7140 	 0.0000 	 0.0000
[2025/07/28 06:55:59] - 5 	 0.100 	 8.9 	 0.6059 	 0.7892 	 4.0104 	 0.0707 	 0.7428 	 0.7584 	 0.0000 	 0.0000
[2025/07/28 06:56:08] - 6 	 0.100 	 9.2 	 0.5611 	 0.8062 	 3.6772 	 0.0561 	 0.7334 	 0.7514 	 0.0000 	 0.0000
[2025/07/28 06:56:17] - 7 	 0.100 	 8.8 	 0.5260 	 0.8197 	 6.3723 	 0.0021 	 0.9472 	 0.7041 	 0.0000 	 0.0000
[2025/07/28 06:56:26] - 8 	 0.100 	 9.1 	 0.4984 	 0.8290 	 5.5109 	 0.0050 	 0.6525 	 0.7792 	 0.0000 	 0.0000
[2025/07/28 06:56:35] - 9 	 0.100 	 9.2 	 0.4738 	 0.8366 	 4.2111 	 0.0653 	 0.5355 	 0.8193 	 0.0000 	 0.0000
[2025/07/28 06:56:44] - 10 	 0.100 	 8.9 	 0.4604 	 0.8439 	 5.5957 	 0.0001 	 0.5425 	 0.8072 	 0.0000 	 0.0000
[2025/07/28 06:56:53] - 11 	 0.100 	 8.7 	 0.4432 	 0.8500 	 5.1495 	 0.0004 	 0.5079 	 0.8254 	 0.0000 	 0.0000
[2025/07/28 06:57:02] - 12 	 0.100 	 8.8 	 0.4331 	 0.8521 	 6.9338 	 0.0012 	 0.4836 	 0.8366 	 0.0000 	 0.0000
[2025/07/28 06:57:10] - 13 	 0.100 	 8.7 	 0.4151 	 0.8582 	 5.6464 	 0.0074 	 0.7603 	 0.7523 	 0.0000 	 0.0000
[2025/07/28 06:57:19] - 14 	 0.100 	 8.9 	 0.4103 	 0.8590 	 3.7096 	 0.0086 	 0.5095 	 0.8277 	 0.0000 	 0.0000
[2025/07/28 06:57:28] - 15 	 0.100 	 8.8 	 0.3986 	 0.8644 	 7.1164 	 0.0006 	 0.6115 	 0.7945 	 0.0000 	 0.0000
[2025/07/28 06:57:37] - 16 	 0.100 	 8.9 	 0.3920 	 0.8654 	 5.0754 	 0.0056 	 0.9369 	 0.7252 	 0.0000 	 0.0000
[2025/07/28 06:57:46] - 17 	 0.100 	 8.7 	 0.3824 	 0.8681 	 4.9296 	 0.0214 	 0.5768 	 0.8078 	 0.0000 	 0.0000
[2025/07/28 06:57:55] - 18 	 0.100 	 8.8 	 0.3767 	 0.8720 	 8.4724 	 0.0000 	 0.6741 	 0.7804 	 0.0000 	 0.0000
[2025/07/28 06:58:03] - 19 	 0.100 	 8.7 	 0.3671 	 0.8753 	 4.9182 	 0.0306 	 0.5276 	 0.8206 	 0.0000 	 0.0000
[2025/07/28 06:58:12] - 20 	 0.100 	 8.8 	 0.3655 	 0.8742 	 3.5768 	 0.0339 	 0.5859 	 0.8068 	 0.0233 	 0.7480
[2025/07/28 06:58:20] - 21 	 0.100 	 8.3 	 0.3607 	 0.8757 	 5.3892 	 0.0060 	 0.4929 	 0.8340 	 0.0000 	 0.0000
[2025/07/28 06:58:29] - 22 	 0.100 	 8.9 	 0.3588 	 0.8774 	 2.9320 	 0.0192 	 0.5638 	 0.8197 	 0.0000 	 0.0000
[2025/07/28 06:58:37] - 23 	 0.100 	 8.4 	 0.3508 	 0.8794 	 3.7480 	 0.0324 	 0.4650 	 0.8458 	 0.0000 	 0.0000
[2025/07/28 06:58:46] - 24 	 0.100 	 8.6 	 0.3522 	 0.8805 	 2.9835 	 0.1414 	 0.5076 	 0.8296 	 0.0000 	 0.0000
[2025/07/28 06:58:55] - 25 	 0.100 	 8.7 	 0.3493 	 0.8807 	 5.3523 	 0.0017 	 0.5891 	 0.8108 	 0.0000 	 0.0000
[2025/07/28 06:59:04] - 26 	 0.100 	 9.1 	 0.3444 	 0.8828 	 4.6484 	 0.0057 	 0.5708 	 0.8188 	 0.0000 	 0.0000
[2025/07/28 06:59:13] - 27 	 0.100 	 8.8 	 0.3423 	 0.8824 	 4.1254 	 0.0098 	 0.6350 	 0.7964 	 0.0000 	 0.0000
[2025/07/28 06:59:21] - 28 	 0.100 	 8.6 	 0.3372 	 0.8852 	 3.5980 	 0.0126 	 0.5603 	 0.8151 	 0.0000 	 0.0000
[2025/07/28 06:59:30] - 29 	 0.100 	 8.7 	 0.3397 	 0.8840 	 6.1248 	 0.0003 	 0.4804 	 0.8371 	 0.0000 	 0.0000
[2025/07/28 06:59:39] - 30 	 0.100 	 8.7 	 0.3345 	 0.8856 	 6.2125 	 0.0008 	 0.5138 	 0.8296 	 0.0000 	 0.0000
[2025/07/28 06:59:47] - 31 	 0.100 	 8.6 	 0.3347 	 0.8851 	 4.5137 	 0.0300 	 0.5756 	 0.8155 	 0.0000 	 0.0000
[2025/07/28 06:59:56] - 32 	 0.100 	 8.7 	 0.3310 	 0.8878 	 2.3770 	 0.2817 	 0.5379 	 0.8267 	 0.0000 	 0.0000
[2025/07/28 07:00:04] - 33 	 0.100 	 8.6 	 0.3335 	 0.8853 	 4.8549 	 0.0000 	 0.5654 	 0.8166 	 0.0000 	 0.0000
[2025/07/28 07:00:13] - 34 	 0.100 	 8.9 	 0.3254 	 0.8904 	 4.6098 	 0.0000 	 0.5979 	 0.8133 	 0.0000 	 0.0000
[2025/07/28 07:00:22] - 35 	 0.100 	 8.7 	 0.3309 	 0.8871 	 5.8207 	 0.0001 	 0.4678 	 0.8458 	 0.0000 	 0.0000
[2025/07/28 07:00:31] - 36 	 0.100 	 8.8 	 0.3257 	 0.8889 	 5.6722 	 0.0013 	 0.7962 	 0.7579 	 0.0000 	 0.0000
[2025/07/28 07:00:39] - 37 	 0.100 	 8.3 	 0.3230 	 0.8900 	 4.7080 	 0.0006 	 0.6096 	 0.8099 	 0.0000 	 0.0000
[2025/07/28 07:00:48] - 38 	 0.100 	 9.1 	 0.3230 	 0.8915 	 3.8820 	 0.0232 	 0.4316 	 0.8512 	 0.0000 	 0.0000
[2025/07/28 07:00:57] - 39 	 0.100 	 9.0 	 0.3238 	 0.8896 	 5.4905 	 0.0007 	 0.4988 	 0.8320 	 0.0000 	 0.0000
[2025/07/28 07:01:06] - 40 	 0.100 	 8.7 	 0.3097 	 0.8947 	 3.9648 	 0.0068 	 0.4500 	 0.8486 	 0.0287 	 0.8227
[2025/07/28 07:01:15] - 41 	 0.100 	 8.8 	 0.3196 	 0.8927 	 3.4619 	 0.0344 	 0.4608 	 0.8460 	 0.0000 	 0.0000
[2025/07/28 07:01:24] - 42 	 0.100 	 9.0 	 0.3170 	 0.8918 	 5.9578 	 0.0006 	 0.5552 	 0.8194 	 0.0000 	 0.0000
[2025/07/28 07:01:32] - 43 	 0.100 	 8.6 	 0.3145 	 0.8936 	 3.9916 	 0.0024 	 0.4869 	 0.8444 	 0.0000 	 0.0000
[2025/07/28 07:01:41] - 44 	 0.100 	 8.9 	 0.3208 	 0.8892 	 7.8427 	 0.0000 	 0.5898 	 0.8117 	 0.0000 	 0.0000
[2025/07/28 07:01:50] - 45 	 0.100 	 8.9 	 0.3165 	 0.8920 	 4.8296 	 0.0010 	 0.6395 	 0.7968 	 0.0000 	 0.0000
[2025/07/28 07:01:59] - 46 	 0.100 	 9.2 	 0.3209 	 0.8909 	 4.0047 	 0.0039 	 0.4338 	 0.8512 	 0.0000 	 0.0000
[2025/07/28 07:02:08] - 47 	 0.100 	 9.0 	 0.3101 	 0.8944 	 3.0859 	 0.0383 	 0.5284 	 0.8300 	 0.0000 	 0.0000
[2025/07/28 07:02:17] - 48 	 0.100 	 8.8 	 0.3177 	 0.8913 	 1.0819 	 0.6492 	 0.5470 	 0.8196 	 0.0000 	 0.0000
[2025/07/28 07:02:27] - 49 	 0.100 	 9.4 	 0.3069 	 0.8956 	 6.3700 	 0.0007 	 0.4400 	 0.8471 	 0.0000 	 0.0000
[2025/07/28 07:02:36] - 50 	 0.100 	 9.0 	 0.3119 	 0.8933 	 8.0119 	 0.0000 	 0.5647 	 0.8213 	 0.0000 	 0.0000
[2025/07/28 07:02:45] - 51 	 0.100 	 9.0 	 0.3067 	 0.8948 	 2.6483 	 0.0149 	 0.5119 	 0.8305 	 0.0000 	 0.0000
[2025/07/28 07:02:54] - 52 	 0.100 	 9.0 	 0.3113 	 0.8949 	 2.0285 	 0.2052 	 0.7164 	 0.7794 	 0.0000 	 0.0000
[2025/07/28 07:03:03] - 53 	 0.100 	 9.0 	 0.3078 	 0.8938 	 4.5366 	 0.0067 	 0.4766 	 0.8467 	 0.0000 	 0.0000
[2025/07/28 07:03:12] - 54 	 0.100 	 9.3 	 0.3036 	 0.8969 	 6.8387 	 0.0001 	 0.5453 	 0.8225 	 0.0000 	 0.0000
[2025/07/28 07:03:21] - 55 	 0.100 	 8.8 	 0.3066 	 0.8960 	 5.5118 	 0.0046 	 0.4981 	 0.8417 	 0.0000 	 0.0000
[2025/07/28 07:03:30] - 56 	 0.100 	 8.7 	 0.3076 	 0.8946 	 4.7779 	 0.0012 	 0.8814 	 0.7478 	 0.0000 	 0.0000
[2025/07/28 07:03:39] - 57 	 0.100 	 9.0 	 0.3066 	 0.8955 	 6.8513 	 0.0000 	 0.4563 	 0.8498 	 0.0000 	 0.0000
[2025/07/28 07:03:47] - 58 	 0.100 	 8.8 	 0.3091 	 0.8928 	 6.2509 	 0.0097 	 0.4889 	 0.8442 	 0.0000 	 0.0000
[2025/07/28 07:03:56] - 59 	 0.100 	 8.7 	 0.3024 	 0.8975 	 5.4598 	 0.0148 	 0.6115 	 0.8133 	 0.0000 	 0.0000
[2025/07/28 07:04:05] - 60 	 0.010 	 8.9 	 0.1626 	 0.9470 	 3.7335 	 0.0597 	 0.2082 	 0.9286 	 0.0524 	 0.8296
[2025/07/28 07:04:14] - 61 	 0.010 	 9.1 	 0.1201 	 0.9599 	 3.2934 	 0.0894 	 0.1999 	 0.9345 	 0.0000 	 0.0000
[2025/07/28 07:04:23] - 62 	 0.010 	 9.1 	 0.0970 	 0.9682 	 2.2648 	 0.2420 	 0.1961 	 0.9360 	 0.0000 	 0.0000
[2025/07/28 07:04:32] - 63 	 0.010 	 8.8 	 0.0866 	 0.9711 	 2.0980 	 0.3184 	 0.1965 	 0.9376 	 0.0000 	 0.0000
[2025/07/28 07:04:41] - 64 	 0.010 	 8.8 	 0.0756 	 0.9750 	 2.0877 	 0.3573 	 0.1919 	 0.9368 	 0.0000 	 0.0000
[2025/07/28 07:04:50] - 65 	 0.010 	 8.7 	 0.0665 	 0.9778 	 1.6957 	 0.4637 	 0.1851 	 0.9421 	 0.0000 	 0.0000
[2025/07/28 07:04:58] - 66 	 0.010 	 8.8 	 0.0604 	 0.9795 	 1.2327 	 0.6112 	 0.2076 	 0.9362 	 0.0000 	 0.0000
[2025/07/28 07:05:07] - 67 	 0.010 	 8.8 	 0.0539 	 0.9819 	 2.5115 	 0.3394 	 0.2000 	 0.9391 	 0.0000 	 0.0000
[2025/07/28 07:05:16] - 68 	 0.010 	 8.8 	 0.0491 	 0.9840 	 2.9009 	 0.2118 	 0.2094 	 0.9378 	 0.0000 	 0.0000
[2025/07/28 07:05:24] - 69 	 0.010 	 8.6 	 0.0458 	 0.9844 	 2.6587 	 0.2358 	 0.2183 	 0.9367 	 0.0000 	 0.0000
[2025/07/28 07:05:33] - 70 	 0.010 	 8.8 	 0.0450 	 0.9849 	 1.0324 	 0.6201 	 0.2082 	 0.9402 	 0.0000 	 0.0000
[2025/07/28 07:05:42] - 71 	 0.010 	 8.9 	 0.0398 	 0.9873 	 0.2603 	 0.9313 	 0.2333 	 0.9369 	 0.0000 	 0.0000
[2025/07/28 07:05:51] - 72 	 0.010 	 8.5 	 0.0376 	 0.9883 	 1.3854 	 0.5709 	 0.2282 	 0.9349 	 0.0000 	 0.0000
[2025/07/28 07:06:00] - 73 	 0.010 	 8.9 	 0.0374 	 0.9880 	 1.1622 	 0.6502 	 0.2291 	 0.9336 	 0.0000 	 0.0000
[2025/07/28 07:06:08] - 74 	 0.010 	 8.8 	 0.0354 	 0.9890 	 0.7013 	 0.7853 	 0.2290 	 0.9383 	 0.0000 	 0.0000
[2025/07/28 07:06:17] - 75 	 0.010 	 8.7 	 0.0324 	 0.9896 	 0.3169 	 0.9093 	 0.2332 	 0.9337 	 0.0000 	 0.0000
[2025/07/28 07:06:26] - 76 	 0.010 	 9.2 	 0.0343 	 0.9883 	 2.7240 	 0.2853 	 0.2353 	 0.9359 	 0.0000 	 0.0000
[2025/07/28 07:06:35] - 77 	 0.010 	 8.9 	 0.0325 	 0.9894 	 0.3466 	 0.8990 	 0.2510 	 0.9329 	 0.0000 	 0.0000
[2025/07/28 07:06:44] - 78 	 0.010 	 8.9 	 0.0345 	 0.9879 	 0.6897 	 0.7887 	 0.2505 	 0.9312 	 0.0000 	 0.0000
[2025/07/28 07:06:53] - 79 	 0.010 	 9.3 	 0.0325 	 0.9890 	 1.3783 	 0.5936 	 0.2248 	 0.9373 	 0.0000 	 0.0000
[2025/07/28 07:07:02] - 80 	 0.010 	 8.4 	 0.0328 	 0.9900 	 2.3137 	 0.2903 	 0.2406 	 0.9361 	 0.5097 	 0.9364
[2025/07/28 07:07:11] - 81 	 0.010 	 9.0 	 0.0331 	 0.9890 	 4.0031 	 0.1201 	 0.2670 	 0.9267 	 0.0000 	 0.0000
[2025/07/28 07:07:19] - 82 	 0.010 	 8.7 	 0.0333 	 0.9894 	 2.7916 	 0.3146 	 0.2423 	 0.9359 	 0.0000 	 0.0000
[2025/07/28 07:07:28] - 83 	 0.010 	 8.7 	 0.0297 	 0.9908 	 1.1269 	 0.6232 	 0.2379 	 0.9361 	 0.0000 	 0.0000
[2025/07/28 07:07:37] - 84 	 0.010 	 8.7 	 0.0351 	 0.9886 	 1.8393 	 0.4812 	 0.2498 	 0.9307 	 0.0000 	 0.0000
[2025/07/28 07:07:46] - 85 	 0.010 	 9.1 	 0.0367 	 0.9881 	 0.4144 	 0.8639 	 0.2494 	 0.9321 	 0.0000 	 0.0000
[2025/07/28 07:07:55] - 86 	 0.010 	 8.8 	 0.0343 	 0.9886 	 0.6718 	 0.8054 	 0.2556 	 0.9305 	 0.0000 	 0.0000
[2025/07/28 07:08:04] - 87 	 0.010 	 9.0 	 0.0387 	 0.9877 	 0.7343 	 0.7894 	 0.2511 	 0.9320 	 0.0000 	 0.0000
[2025/07/28 07:08:13] - 88 	 0.010 	 8.8 	 0.0351 	 0.9886 	 0.2093 	 0.9334 	 0.2801 	 0.9256 	 0.0000 	 0.0000
[2025/07/28 07:08:22] - 89 	 0.010 	 9.1 	 0.0385 	 0.9874 	 1.6006 	 0.5284 	 0.2902 	 0.9227 	 0.0000 	 0.0000
[2025/07/28 07:08:30] - 90 	 0.001 	 8.8 	 0.0221 	 0.9935 	 1.4132 	 0.5722 	 0.2027 	 0.9439 	 0.0000 	 0.0000
[2025/07/28 07:08:39] - 91 	 0.001 	 8.9 	 0.0127 	 0.9969 	 0.8781 	 0.7291 	 0.2032 	 0.9453 	 0.0000 	 0.0000
[2025/07/28 07:08:48] - 92 	 0.001 	 8.6 	 0.0102 	 0.9977 	 1.2369 	 0.6274 	 0.2016 	 0.9471 	 0.0000 	 0.0000
[2025/07/28 07:08:57] - 93 	 0.001 	 8.7 	 0.0089 	 0.9980 	 0.8027 	 0.7572 	 0.1976 	 0.9482 	 0.0000 	 0.0000
[2025/07/28 07:09:05] - 94 	 0.001 	 8.6 	 0.0086 	 0.9982 	 0.6294 	 0.8100 	 0.1990 	 0.9479 	 0.0000 	 0.0000
[2025/07/28 07:09:14] - 95 	 0.001 	 8.7 	 0.0080 	 0.9983 	 0.5709 	 0.8294 	 0.2050 	 0.9459 	 0.0000 	 0.0000
[2025/07/28 07:09:23] - 96 	 0.001 	 9.0 	 0.0072 	 0.9987 	 0.4746 	 0.8613 	 0.1982 	 0.9478 	 0.0000 	 0.0000
[2025/07/28 07:09:32] - 97 	 0.001 	 8.7 	 0.0066 	 0.9988 	 0.5540 	 0.8403 	 0.1975 	 0.9483 	 0.0000 	 0.0000
[2025/07/28 07:09:40] - 98 	 0.001 	 8.9 	 0.0056 	 0.9990 	 0.5530 	 0.8400 	 0.2009 	 0.9471 	 0.0000 	 0.0000
[2025/07/28 07:09:49] - 99 	 0.001 	 8.9 	 0.0058 	 0.9992 	 0.5851 	 0.8330 	 0.1992 	 0.9486 	 0.0000 	 0.0000
[2025/07/28 07:09:58] - 100 	 0.001 	 9.1 	 0.0053 	 0.9993 	 0.5429 	 0.8433 	 0.1983 	 0.9495 	 0.7002 	 0.9396
[2025/07/28 07:10:08] - 101 	 0.001 	 9.1 	 0.0051 	 0.9992 	 0.3610 	 0.8998 	 0.1954 	 0.9483 	 0.0000 	 0.0000
[2025/07/28 07:10:17] - 102 	 0.001 	 9.1 	 0.0048 	 0.9994 	 0.1984 	 0.9431 	 0.1967 	 0.9474 	 0.0000 	 0.0000
[2025/07/28 07:10:26] - 103 	 0.001 	 9.0 	 0.0050 	 0.9992 	 0.2024 	 0.9443 	 0.1961 	 0.9480 	 0.0000 	 0.0000
[2025/07/28 07:10:35] - 104 	 0.001 	 9.3 	 0.0050 	 0.9992 	 0.2892 	 0.9179 	 0.1989 	 0.9488 	 0.0000 	 0.0000
[2025/07/28 07:10:44] - 105 	 0.001 	 9.0 	 0.0045 	 0.9994 	 0.2518 	 0.9287 	 0.1965 	 0.9489 	 0.0000 	 0.0000
[2025/07/28 07:10:53] - 106 	 0.001 	 8.8 	 0.0045 	 0.9993 	 0.3374 	 0.9026 	 0.1947 	 0.9491 	 0.0000 	 0.0000
[2025/07/28 07:11:02] - 107 	 0.001 	 8.8 	 0.0041 	 0.9995 	 0.3683 	 0.8967 	 0.1941 	 0.9485 	 0.0000 	 0.0000
[2025/07/28 07:11:11] - 108 	 0.001 	 9.1 	 0.0044 	 0.9993 	 0.3122 	 0.9109 	 0.1964 	 0.9497 	 0.0000 	 0.0000
[2025/07/28 07:11:20] - 109 	 0.001 	 8.9 	 0.0042 	 0.9994 	 0.2325 	 0.9367 	 0.1966 	 0.9492 	 0.0000 	 0.0000
[2025/07/28 07:11:29] - 110 	 0.001 	 9.1 	 0.0040 	 0.9995 	 0.2460 	 0.9326 	 0.1940 	 0.9503 	 0.0000 	 0.0000
[2025/07/28 07:11:37] - 111 	 0.001 	 8.8 	 0.0037 	 0.9996 	 0.2624 	 0.9274 	 0.1923 	 0.9509 	 0.0000 	 0.0000
[2025/07/28 07:11:47] - 112 	 0.001 	 9.3 	 0.0037 	 0.9994 	 0.2190 	 0.9400 	 0.1992 	 0.9492 	 0.0000 	 0.0000
[2025/07/28 07:11:56] - 113 	 0.001 	 8.9 	 0.0034 	 0.9996 	 0.2355 	 0.9368 	 0.1987 	 0.9503 	 0.0000 	 0.0000
[2025/07/28 07:12:04] - 114 	 0.001 	 8.7 	 0.0035 	 0.9995 	 0.2406 	 0.9340 	 0.1994 	 0.9508 	 0.0000 	 0.0000
[2025/07/28 07:12:13] - 115 	 0.001 	 8.7 	 0.0032 	 0.9997 	 0.2491 	 0.9346 	 0.1952 	 0.9496 	 0.0000 	 0.0000
[2025/07/28 07:12:22] - 116 	 0.001 	 8.9 	 0.0033 	 0.9997 	 0.2529 	 0.9307 	 0.2006 	 0.9499 	 0.0000 	 0.0000
[2025/07/28 07:12:31] - 117 	 0.001 	 9.0 	 0.0035 	 0.9996 	 0.2759 	 0.9257 	 0.1959 	 0.9494 	 0.0000 	 0.0000
[2025/07/28 07:12:40] - 118 	 0.001 	 8.9 	 0.0032 	 0.9997 	 0.2607 	 0.9306 	 0.1973 	 0.9497 	 0.0000 	 0.0000
[2025/07/28 07:12:49] - 119 	 0.001 	 8.8 	 0.0032 	 0.9997 	 0.1791 	 0.9504 	 0.2012 	 0.9491 	 0.0000 	 0.0000
[2025/07/28 07:12:58] - 120 	 0.001 	 9.1 	 0.0033 	 0.9997 	 0.2723 	 0.9266 	 0.1973 	 0.9500 	 0.9275 	 0.9494
[2025/07/28 07:13:07] - 121 	 0.001 	 8.8 	 0.0031 	 0.9998 	 0.2027 	 0.9452 	 0.1951 	 0.9517 	 0.0000 	 0.0000
[2025/07/28 07:13:15] - 122 	 0.001 	 8.5 	 0.0030 	 0.9997 	 0.1893 	 0.9473 	 0.2033 	 0.9503 	 0.0000 	 0.0000
[2025/07/28 07:13:24] - 123 	 0.001 	 8.9 	 0.0031 	 0.9997 	 0.1153 	 0.9681 	 0.2021 	 0.9499 	 0.0000 	 0.0000
[2025/07/28 07:13:33] - 124 	 0.001 	 8.7 	 0.0031 	 0.9997 	 0.1573 	 0.9557 	 0.2012 	 0.9512 	 0.0000 	 0.0000
[2025/07/28 07:13:41] - 125 	 0.001 	 8.7 	 0.0029 	 0.9998 	 0.1693 	 0.9519 	 0.1967 	 0.9494 	 0.0000 	 0.0000
[2025/07/28 07:13:50] - 126 	 0.001 	 9.1 	 0.0030 	 0.9997 	 0.1599 	 0.9541 	 0.2023 	 0.9504 	 0.0000 	 0.0000
[2025/07/28 07:13:59] - 127 	 0.001 	 8.8 	 0.0029 	 0.9998 	 0.1303 	 0.9634 	 0.2004 	 0.9505 	 0.0000 	 0.0000
[2025/07/28 07:14:08] - 128 	 0.001 	 9.0 	 0.0027 	 0.9998 	 0.1567 	 0.9550 	 0.1991 	 0.9513 	 0.0000 	 0.0000
[2025/07/28 07:14:17] - 129 	 0.001 	 8.9 	 0.0028 	 0.9998 	 0.1614 	 0.9540 	 0.1961 	 0.9506 	 0.0000 	 0.0000
[2025/07/28 07:14:26] - 130 	 0.001 	 8.8 	 0.0027 	 0.9997 	 0.1749 	 0.9501 	 0.1946 	 0.9500 	 0.0000 	 0.0000
[2025/07/28 07:14:35] - 131 	 0.001 	 8.8 	 0.0026 	 0.9997 	 0.1537 	 0.9567 	 0.1947 	 0.9513 	 0.0000 	 0.0000
[2025/07/28 07:14:44] - 132 	 0.001 	 9.0 	 0.0027 	 0.9998 	 0.1573 	 0.9551 	 0.1950 	 0.9500 	 0.0000 	 0.0000
[2025/07/28 07:14:52] - 133 	 0.001 	 8.7 	 0.0027 	 0.9997 	 0.1577 	 0.9556 	 0.1973 	 0.9500 	 0.0000 	 0.0000
[2025/07/28 07:15:01] - 134 	 0.001 	 8.8 	 0.0026 	 0.9998 	 0.1643 	 0.9542 	 0.1945 	 0.9512 	 0.0000 	 0.0000
[2025/07/28 07:15:10] - 135 	 0.001 	 8.6 	 0.0025 	 0.9999 	 0.1639 	 0.9532 	 0.1995 	 0.9515 	 0.0000 	 0.0000
[2025/07/28 07:15:19] - 136 	 0.001 	 8.9 	 0.0028 	 0.9997 	 0.1953 	 0.9447 	 0.1929 	 0.9524 	 0.0000 	 0.0000
[2025/07/28 07:15:27] - 137 	 0.001 	 8.7 	 0.0026 	 0.9997 	 0.2431 	 0.9314 	 0.1942 	 0.9502 	 0.0000 	 0.0000
[2025/07/28 07:15:36] - 138 	 0.001 	 9.0 	 0.0026 	 0.9997 	 0.2361 	 0.9353 	 0.1965 	 0.9504 	 0.0000 	 0.0000
[2025/07/28 07:15:45] - 139 	 0.001 	 8.9 	 0.0026 	 0.9998 	 0.1950 	 0.9449 	 0.1939 	 0.9505 	 0.0000 	 0.0000
[2025/07/28 07:15:54] - 140 	 0.001 	 9.0 	 0.0025 	 0.9998 	 0.1836 	 0.9492 	 0.1941 	 0.9496 	 0.9513 	 0.9506
[2025/07/28 07:16:03] - 141 	 0.001 	 9.0 	 0.0025 	 0.9998 	 0.2090 	 0.9418 	 0.1922 	 0.9512 	 0.0000 	 0.0000
[2025/07/28 07:16:12] - 142 	 0.001 	 8.7 	 0.0025 	 0.9998 	 0.1781 	 0.9506 	 0.1947 	 0.9505 	 0.0000 	 0.0000
[2025/07/28 07:16:21] - 143 	 0.001 	 9.3 	 0.0026 	 0.9998 	 0.2100 	 0.9431 	 0.1920 	 0.9507 	 0.0000 	 0.0000
[2025/07/28 07:16:30] - 144 	 0.001 	 9.0 	 0.0023 	 0.9999 	 0.2424 	 0.9349 	 0.1946 	 0.9508 	 0.0000 	 0.0000
[2025/07/28 07:16:39] - 145 	 0.001 	 8.9 	 0.0026 	 0.9998 	 0.2274 	 0.9379 	 0.1933 	 0.9515 	 0.0000 	 0.0000
[2025/07/28 07:16:48] - 146 	 0.001 	 8.8 	 0.0025 	 0.9998 	 0.2335 	 0.9356 	 0.1987 	 0.9510 	 0.0000 	 0.0000
[2025/07/28 07:16:57] - 147 	 0.001 	 8.7 	 0.0023 	 0.9999 	 0.2050 	 0.9424 	 0.1971 	 0.9523 	 0.0000 	 0.0000
[2025/07/28 07:17:06] - 148 	 0.001 	 8.9 	 0.0023 	 0.9999 	 0.1981 	 0.9450 	 0.1930 	 0.9519 	 0.0000 	 0.0000
[2025/07/28 07:17:14] - 149 	 0.001 	 8.9 	 0.0025 	 0.9998 	 0.1742 	 0.9503 	 0.2013 	 0.9520 	 0.0000 	 0.0000
[2025/07/28 07:17:23] - 150 	 0.001 	 8.8 	 0.0024 	 0.9998 	 0.1247 	 0.9649 	 0.1919 	 0.9525 	 0.0000 	 0.0000
[2025/07/28 07:17:32] - 151 	 0.001 	 8.9 	 0.0023 	 0.9999 	 0.2134 	 0.9401 	 0.1963 	 0.9518 	 0.0000 	 0.0000
[2025/07/28 07:17:41] - 152 	 0.001 	 8.7 	 0.0023 	 0.9998 	 0.1489 	 0.9584 	 0.1962 	 0.9504 	 0.0000 	 0.0000
[2025/07/28 07:17:49] - 153 	 0.001 	 8.5 	 0.0025 	 0.9998 	 0.1416 	 0.9592 	 0.1928 	 0.9515 	 0.0000 	 0.0000
[2025/07/28 07:17:58] - 154 	 0.001 	 8.9 	 0.0022 	 0.9999 	 0.1793 	 0.9492 	 0.1899 	 0.9517 	 0.0000 	 0.0000
[2025/07/28 07:18:07] - 155 	 0.001 	 8.9 	 0.0021 	 0.9999 	 0.1581 	 0.9550 	 0.1921 	 0.9502 	 0.0000 	 0.0000
[2025/07/28 07:18:16] - 156 	 0.001 	 8.8 	 0.0022 	 0.9999 	 0.1363 	 0.9612 	 0.1947 	 0.9502 	 0.0000 	 0.0000
[2025/07/28 07:18:25] - 157 	 0.001 	 8.6 	 0.0023 	 0.9999 	 0.1486 	 0.9580 	 0.1915 	 0.9507 	 0.0000 	 0.0000
[2025/07/28 07:18:34] - 158 	 0.001 	 9.1 	 0.0023 	 0.9998 	 0.1714 	 0.9507 	 0.1989 	 0.9512 	 0.0000 	 0.0000
[2025/07/28 07:18:43] - 159 	 0.001 	 9.2 	 0.0023 	 0.9999 	 0.1811 	 0.9488 	 0.1903 	 0.9516 	 0.0000 	 0.0000
[2025/07/28 07:18:51] - 160 	 0.001 	 8.5 	 0.0021 	 1.0000 	 0.1977 	 0.9451 	 0.1909 	 0.9514 	 0.9486 	 0.9513
[2025/07/28 07:19:00] - 161 	 0.001 	 8.6 	 0.0020 	 1.0000 	 0.1462 	 0.9577 	 0.1919 	 0.9507 	 0.0000 	 0.0000
[2025/07/28 07:19:09] - 162 	 0.001 	 8.6 	 0.0021 	 0.9999 	 0.1426 	 0.9601 	 0.1912 	 0.9507 	 0.0000 	 0.0000
[2025/07/28 07:19:18] - 163 	 0.001 	 9.2 	 0.0023 	 0.9998 	 0.1825 	 0.9479 	 0.1895 	 0.9508 	 0.0000 	 0.0000
[2025/07/28 07:19:27] - 164 	 0.001 	 9.1 	 0.0021 	 1.0000 	 0.1630 	 0.9547 	 0.1952 	 0.9511 	 0.0000 	 0.0000
[2025/07/28 07:19:36] - 165 	 0.001 	 9.0 	 0.0024 	 0.9999 	 0.1634 	 0.9551 	 0.1905 	 0.9510 	 0.0000 	 0.0000
[2025/07/28 07:19:45] - 166 	 0.001 	 8.8 	 0.0022 	 0.9999 	 0.1803 	 0.9498 	 0.1904 	 0.9515 	 0.0000 	 0.0000
[2025/07/28 07:19:53] - 167 	 0.001 	 8.6 	 0.0022 	 0.9999 	 0.1723 	 0.9529 	 0.1916 	 0.9510 	 0.0000 	 0.0000
[2025/07/28 07:20:02] - 168 	 0.001 	 8.7 	 0.0023 	 0.9999 	 0.1662 	 0.9533 	 0.1926 	 0.9509 	 0.0000 	 0.0000
[2025/07/28 07:20:11] - 169 	 0.001 	 8.9 	 0.0022 	 0.9999 	 0.1681 	 0.9540 	 0.1950 	 0.9506 	 0.0000 	 0.0000
[2025/07/28 07:20:20] - 170 	 0.001 	 8.9 	 0.0022 	 0.9999 	 0.1594 	 0.9571 	 0.1980 	 0.9517 	 0.0000 	 0.0000
[2025/07/28 07:20:29] - 171 	 0.001 	 9.0 	 0.0021 	 0.9999 	 0.1385 	 0.9624 	 0.1964 	 0.9504 	 0.0000 	 0.0000
[2025/07/28 07:20:37] - 172 	 0.001 	 8.8 	 0.0021 	 0.9999 	 0.1396 	 0.9602 	 0.1947 	 0.9506 	 0.0000 	 0.0000
[2025/07/28 07:20:46] - 173 	 0.001 	 8.8 	 0.0024 	 0.9998 	 0.1669 	 0.9550 	 0.1921 	 0.9502 	 0.0000 	 0.0000
[2025/07/28 07:20:55] - 174 	 0.001 	 8.7 	 0.0020 	 1.0000 	 0.1844 	 0.9502 	 0.1995 	 0.9516 	 0.0000 	 0.0000
[2025/07/28 07:21:04] - 175 	 0.001 	 8.8 	 0.0021 	 0.9999 	 0.1585 	 0.9568 	 0.1936 	 0.9509 	 0.0000 	 0.0000
[2025/07/28 07:21:13] - 176 	 0.001 	 8.9 	 0.0020 	 0.9999 	 0.1649 	 0.9548 	 0.1924 	 0.9503 	 0.0000 	 0.0000
[2025/07/28 07:21:21] - 177 	 0.001 	 8.6 	 0.0020 	 0.9999 	 0.1501 	 0.9587 	 0.1974 	 0.9508 	 0.0000 	 0.0000
[2025/07/28 07:21:30] - 178 	 0.001 	 8.9 	 0.0021 	 0.9999 	 0.1425 	 0.9602 	 0.1973 	 0.9509 	 0.0000 	 0.0000
[2025/07/28 07:21:39] - 179 	 0.001 	 8.8 	 0.0020 	 0.9999 	 0.1236 	 0.9659 	 0.1933 	 0.9516 	 0.0000 	 0.0000
[2025/07/28 07:21:48] - 180 	 0.001 	 9.1 	 0.0021 	 0.9999 	 0.1112 	 0.9688 	 0.1915 	 0.9509 	 0.9568 	 0.9509
[2025/07/28 07:21:57] - 181 	 0.001 	 8.7 	 0.0022 	 0.9999 	 0.1516 	 0.9576 	 0.1918 	 0.9507 	 0.0000 	 0.0000
[2025/07/28 07:22:06] - 182 	 0.001 	 9.0 	 0.0021 	 0.9999 	 0.1354 	 0.9638 	 0.1942 	 0.9516 	 0.0000 	 0.0000
[2025/07/28 07:22:15] - 183 	 0.001 	 9.1 	 0.0020 	 0.9999 	 0.1595 	 0.9558 	 0.1939 	 0.9504 	 0.0000 	 0.0000
[2025/07/28 07:22:24] - 184 	 0.001 	 8.6 	 0.0021 	 0.9999 	 0.1371 	 0.9619 	 0.1934 	 0.9513 	 0.0000 	 0.0000
[2025/07/28 07:22:32] - 185 	 0.001 	 8.8 	 0.0022 	 0.9999 	 0.1202 	 0.9653 	 0.1953 	 0.9515 	 0.0000 	 0.0000
[2025/07/28 07:22:41] - 186 	 0.001 	 8.9 	 0.0022 	 0.9999 	 0.1174 	 0.9663 	 0.1918 	 0.9512 	 0.0000 	 0.0000
[2025/07/28 07:22:50] - 187 	 0.001 	 8.7 	 0.0021 	 0.9999 	 0.1163 	 0.9676 	 0.1938 	 0.9500 	 0.0000 	 0.0000
[2025/07/28 07:22:59] - 188 	 0.001 	 9.2 	 0.0020 	 0.9999 	 0.1324 	 0.9629 	 0.1967 	 0.9516 	 0.0000 	 0.0000
[2025/07/28 07:23:08] - 189 	 0.001 	 9.0 	 0.0020 	 1.0000 	 0.1402 	 0.9596 	 0.1967 	 0.9519 	 0.0000 	 0.0000
[2025/07/28 07:23:17] - 190 	 0.001 	 8.6 	 0.0020 	 0.9999 	 0.1351 	 0.9621 	 0.1935 	 0.9507 	 0.0000 	 0.0000
[2025/07/28 07:23:25] - 191 	 0.001 	 8.7 	 0.0020 	 1.0000 	 0.1797 	 0.9484 	 0.1924 	 0.9515 	 0.0000 	 0.0000
[2025/07/28 07:23:34] - 192 	 0.001 	 9.0 	 0.0020 	 0.9999 	 0.1866 	 0.9471 	 0.1922 	 0.9513 	 0.0000 	 0.0000
[2025/07/28 07:23:43] - 193 	 0.001 	 8.9 	 0.0019 	 1.0000 	 0.1637 	 0.9533 	 0.1947 	 0.9511 	 0.0000 	 0.0000
[2025/07/28 07:23:52] - 194 	 0.001 	 8.7 	 0.0021 	 0.9999 	 0.1456 	 0.9584 	 0.1950 	 0.9506 	 0.0000 	 0.0000
[2025/07/28 07:24:01] - 195 	 0.001 	 8.7 	 0.0020 	 0.9999 	 0.1620 	 0.9548 	 0.1958 	 0.9505 	 0.0000 	 0.0000
[2025/07/28 07:24:09] - 196 	 0.001 	 8.6 	 0.0020 	 1.0000 	 0.1074 	 0.9699 	 0.1927 	 0.9506 	 0.0000 	 0.0000
[2025/07/28 07:24:18] - 197 	 0.001 	 8.6 	 0.0019 	 1.0000 	 0.1053 	 0.9706 	 0.1913 	 0.9502 	 0.0000 	 0.0000
[2025/07/28 07:24:27] - 198 	 0.001 	 8.8 	 0.0019 	 1.0000 	 0.1319 	 0.9633 	 0.1910 	 0.9512 	 0.0000 	 0.0000
[2025/07/28 07:24:36] - 199 	 0.001 	 8.9 	 0.0020 	 1.0000 	 0.1074 	 0.9710 	 0.1953 	 0.9508 	 0.0000 	 0.0000
[2025/07/28 07:24:44] - 200 	 0.001 	 8.7 	 0.0021 	 0.9999 	 0.1142 	 0.9692 	 0.1907 	 0.9517 	 0.9614 	 0.9510
[2025/07/28 07:24:53] - 201 	 0.001 	 9.0 	 0.0019 	 1.0000 	 0.0896 	 0.9749 	 0.1910 	 0.9513 	 0.0000 	 0.0000
[2025/07/28 07:25:02] - 202 	 0.001 	 8.5 	 0.0020 	 0.9999 	 0.0937 	 0.9738 	 0.1898 	 0.9514 	 0.0000 	 0.0000
[2025/07/28 07:25:11] - 203 	 0.001 	 8.9 	 0.0018 	 1.0000 	 0.0871 	 0.9748 	 0.1933 	 0.9515 	 0.0000 	 0.0000
[2025/07/28 07:25:19] - 204 	 0.001 	 8.7 	 0.0021 	 0.9999 	 0.0932 	 0.9741 	 0.1907 	 0.9527 	 0.0000 	 0.0000
[2025/07/28 07:25:28] - 205 	 0.001 	 8.9 	 0.0021 	 0.9999 	 0.1000 	 0.9714 	 0.1939 	 0.9512 	 0.0000 	 0.0000
[2025/07/28 07:25:37] - 206 	 0.001 	 8.8 	 0.0019 	 1.0000 	 0.1009 	 0.9711 	 0.1933 	 0.9514 	 0.0000 	 0.0000
[2025/07/28 07:25:46] - 207 	 0.001 	 8.9 	 0.0020 	 0.9999 	 0.0927 	 0.9734 	 0.1915 	 0.9512 	 0.0000 	 0.0000
[2025/07/28 07:25:55] - 208 	 0.001 	 8.8 	 0.0020 	 0.9999 	 0.1197 	 0.9654 	 0.1907 	 0.9505 	 0.0000 	 0.0000
[2025/07/28 07:26:04] - 209 	 0.001 	 9.0 	 0.0020 	 0.9999 	 0.1137 	 0.9677 	 0.1934 	 0.9524 	 0.0000 	 0.0000
[2025/07/28 07:26:12] - 210 	 0.001 	 8.6 	 0.0019 	 1.0000 	 0.1114 	 0.9679 	 0.1921 	 0.9508 	 0.0000 	 0.0000
[2025/07/28 07:26:21] - 211 	 0.001 	 8.6 	 0.0019 	 1.0000 	 0.1285 	 0.9633 	 0.1930 	 0.9513 	 0.0000 	 0.0000
[2025/07/28 07:26:30] - 212 	 0.001 	 8.8 	 0.0019 	 1.0000 	 0.1265 	 0.9642 	 0.1923 	 0.9516 	 0.0000 	 0.0000
[2025/07/28 07:26:39] - 213 	 0.001 	 8.9 	 0.0020 	 0.9999 	 0.1452 	 0.9581 	 0.1927 	 0.9523 	 0.0000 	 0.0000
[2025/07/28 07:26:48] - 214 	 0.001 	 9.0 	 0.0019 	 0.9999 	 0.1403 	 0.9599 	 0.1928 	 0.9510 	 0.0000 	 0.0000
[2025/07/28 07:26:57] - 215 	 0.001 	 9.1 	 0.0019 	 1.0000 	 0.1233 	 0.9644 	 0.1985 	 0.9506 	 0.0000 	 0.0000
[2025/07/28 07:27:06] - 216 	 0.001 	 8.9 	 0.0019 	 0.9999 	 0.1065 	 0.9688 	 0.1924 	 0.9507 	 0.0000 	 0.0000
[2025/07/28 07:27:15] - 217 	 0.001 	 8.9 	 0.0019 	 1.0000 	 0.1308 	 0.9637 	 0.1964 	 0.9511 	 0.0000 	 0.0000
[2025/07/28 07:27:24] - 218 	 0.001 	 9.0 	 0.0019 	 0.9999 	 0.1694 	 0.9528 	 0.1961 	 0.9506 	 0.0000 	 0.0000
[2025/07/28 07:27:33] - 219 	 0.001 	 9.1 	 0.0019 	 0.9999 	 0.1538 	 0.9562 	 0.1935 	 0.9511 	 0.0000 	 0.0000
[2025/07/28 07:27:42] - 220 	 0.001 	 8.9 	 0.0021 	 0.9999 	 0.1120 	 0.9677 	 0.1935 	 0.9517 	 0.9667 	 0.9513
[2025/07/28 07:27:51] - 221 	 0.001 	 9.0 	 0.0021 	 0.9999 	 0.1155 	 0.9676 	 0.1957 	 0.9509 	 0.0000 	 0.0000
[2025/07/28 07:27:59] - 222 	 0.001 	 8.8 	 0.0020 	 1.0000 	 0.1187 	 0.9666 	 0.1918 	 0.9511 	 0.0000 	 0.0000
[2025/07/28 07:28:09] - 223 	 0.001 	 9.1 	 0.0019 	 1.0000 	 0.1316 	 0.9627 	 0.1912 	 0.9515 	 0.0000 	 0.0000
[2025/07/28 07:28:17] - 224 	 0.001 	 9.0 	 0.0020 	 0.9999 	 0.1320 	 0.9636 	 0.1951 	 0.9520 	 0.0000 	 0.0000
[2025/07/28 07:28:26] - 225 	 0.001 	 8.5 	 0.0020 	 0.9999 	 0.1177 	 0.9677 	 0.1910 	 0.9513 	 0.0000 	 0.0000
[2025/07/28 07:28:35] - 226 	 0.001 	 8.8 	 0.0019 	 1.0000 	 0.1357 	 0.9621 	 0.1904 	 0.9507 	 0.0000 	 0.0000
[2025/07/28 07:28:44] - 227 	 0.001 	 8.8 	 0.0020 	 0.9999 	 0.1126 	 0.9693 	 0.1910 	 0.9515 	 0.0000 	 0.0000
[2025/07/28 07:28:52] - 228 	 0.001 	 8.8 	 0.0020 	 1.0000 	 0.1403 	 0.9608 	 0.1956 	 0.9506 	 0.0000 	 0.0000
[2025/07/28 07:29:01] - 229 	 0.001 	 8.7 	 0.0019 	 1.0000 	 0.1329 	 0.9616 	 0.1946 	 0.9513 	 0.0000 	 0.0000
[2025/07/28 07:29:10] - 230 	 0.001 	 8.8 	 0.0019 	 1.0000 	 0.1153 	 0.9679 	 0.1928 	 0.9522 	 0.0000 	 0.0000
[2025/07/28 07:29:19] - 231 	 0.001 	 8.8 	 0.0018 	 1.0000 	 0.1391 	 0.9619 	 0.1946 	 0.9518 	 0.0000 	 0.0000
[2025/07/28 07:29:27] - 232 	 0.001 	 8.7 	 0.0019 	 0.9999 	 0.1533 	 0.9560 	 0.1948 	 0.9513 	 0.0000 	 0.0000
[2025/07/28 07:29:36] - 233 	 0.001 	 8.9 	 0.0020 	 0.9999 	 0.1509 	 0.9572 	 0.1961 	 0.9507 	 0.0000 	 0.0000
[2025/07/28 07:29:45] - 234 	 0.001 	 8.9 	 0.0019 	 1.0000 	 0.1596 	 0.9540 	 0.1968 	 0.9505 	 0.0000 	 0.0000
[2025/07/28 07:29:54] - 235 	 0.001 	 8.9 	 0.0020 	 0.9999 	 0.1378 	 0.9608 	 0.1913 	 0.9511 	 0.0000 	 0.0000
[2025/07/28 07:30:03] - 236 	 0.001 	 8.7 	 0.0019 	 1.0000 	 0.1689 	 0.9511 	 0.1924 	 0.9518 	 0.0000 	 0.0000
[2025/07/28 07:30:12] - 237 	 0.001 	 8.8 	 0.0020 	 0.9999 	 0.1646 	 0.9517 	 0.1971 	 0.9517 	 0.0000 	 0.0000
[2025/07/28 07:30:20] - 238 	 0.001 	 8.6 	 0.0019 	 0.9999 	 0.1761 	 0.9497 	 0.2041 	 0.9510 	 0.0000 	 0.0000
[2025/07/28 07:30:29] - 239 	 0.001 	 8.6 	 0.0019 	 1.0000 	 0.1159 	 0.9668 	 0.1918 	 0.9519 	 0.0000 	 0.0000
[2025/07/28 07:30:37] - 240 	 0.001 	 8.6 	 0.0019 	 1.0000 	 0.1400 	 0.9606 	 0.1939 	 0.9520 	 0.9610 	 0.9513
[2025/07/28 07:30:46] - 241 	 0.001 	 9.0 	 0.0018 	 1.0000 	 0.1290 	 0.9647 	 0.1928 	 0.9516 	 0.0000 	 0.0000
[2025/07/28 07:30:55] - 242 	 0.001 	 9.0 	 0.0019 	 0.9999 	 0.1242 	 0.9641 	 0.1921 	 0.9504 	 0.0000 	 0.0000
[2025/07/28 07:31:04] - 243 	 0.001 	 8.7 	 0.0020 	 1.0000 	 0.1272 	 0.9636 	 0.1941 	 0.9499 	 0.0000 	 0.0000
[2025/07/28 07:31:13] - 244 	 0.001 	 8.7 	 0.0018 	 1.0000 	 0.1335 	 0.9624 	 0.1939 	 0.9510 	 0.0000 	 0.0000
[2025/07/28 07:31:22] - 245 	 0.001 	 8.7 	 0.0019 	 1.0000 	 0.1556 	 0.9558 	 0.1959 	 0.9516 	 0.0000 	 0.0000
[2025/07/28 07:31:30] - 246 	 0.001 	 8.6 	 0.0019 	 0.9999 	 0.1187 	 0.9664 	 0.1956 	 0.9505 	 0.0000 	 0.0000
[2025/07/28 07:31:39] - 247 	 0.001 	 8.9 	 0.0019 	 0.9999 	 0.1182 	 0.9657 	 0.1950 	 0.9509 	 0.0000 	 0.0000
[2025/07/28 07:31:48] - 248 	 0.001 	 8.8 	 0.0018 	 1.0000 	 0.1137 	 0.9673 	 0.1975 	 0.9519 	 0.0000 	 0.0000
[2025/07/28 07:31:57] - 249 	 0.001 	 8.8 	 0.0018 	 1.0000 	 0.1181 	 0.9659 	 0.1951 	 0.9506 	 0.0000 	 0.0000
[2025/07/28 07:32:05] - 250 	 0.001 	 8.7 	 0.0019 	 0.9999 	 0.1429 	 0.9596 	 0.1943 	 0.9510 	 0.0000 	 0.0000
[2025/07/28 07:32:14] - 251 	 0.001 	 8.7 	 0.0019 	 0.9999 	 0.1188 	 0.9661 	 0.1937 	 0.9515 	 0.0000 	 0.0000
[2025/07/28 07:32:23] - 252 	 0.001 	 9.0 	 0.0019 	 1.0000 	 0.1427 	 0.9597 	 0.1924 	 0.9505 	 0.0000 	 0.0000
[2025/07/28 07:32:32] - 253 	 0.001 	 8.8 	 0.0019 	 1.0000 	 0.0897 	 0.9731 	 0.1956 	 0.9508 	 0.0000 	 0.0000
[2025/07/28 07:32:41] - 254 	 0.001 	 8.8 	 0.0019 	 0.9999 	 0.1842 	 0.9477 	 0.1927 	 0.9504 	 0.0000 	 0.0000
[2025/07/28 07:32:50] - 255 	 0.001 	 9.1 	 0.0020 	 0.9999 	 0.1786 	 0.9498 	 0.1988 	 0.9517 	 0.0000 	 0.0000
[2025/07/28 07:32:58] - 256 	 0.001 	 8.8 	 0.0019 	 0.9999 	 0.1425 	 0.9591 	 0.1937 	 0.9496 	 0.0000 	 0.0000
[2025/07/28 07:33:07] - 257 	 0.001 	 8.6 	 0.0020 	 0.9999 	 0.1281 	 0.9637 	 0.1931 	 0.9500 	 0.0000 	 0.0000
[2025/07/28 07:33:16] - 258 	 0.001 	 9.0 	 0.0018 	 1.0000 	 0.1365 	 0.9623 	 0.1958 	 0.9507 	 0.0000 	 0.0000
[2025/07/28 07:33:25] - 259 	 0.001 	 9.1 	 0.0020 	 0.9999 	 0.1251 	 0.9650 	 0.1937 	 0.9512 	 0.0000 	 0.0000
[2025/07/28 07:33:34] - 260 	 0.001 	 9.2 	 0.0019 	 0.9999 	 0.1239 	 0.9653 	 0.1963 	 0.9512 	 0.9624 	 0.9509
[2025/07/28 07:33:43] - 261 	 0.001 	 9.0 	 0.0019 	 0.9999 	 0.1328 	 0.9622 	 0.1955 	 0.9504 	 0.0000 	 0.0000
[2025/07/28 07:33:53] - 262 	 0.001 	 9.2 	 0.0018 	 1.0000 	 0.1391 	 0.9600 	 0.1976 	 0.9508 	 0.0000 	 0.0000
[2025/07/28 07:34:01] - 263 	 0.001 	 8.8 	 0.0019 	 1.0000 	 0.1873 	 0.9448 	 0.1930 	 0.9505 	 0.0000 	 0.0000
[2025/07/28 07:34:10] - 264 	 0.001 	 8.8 	 0.0019 	 0.9999 	 0.2079 	 0.9400 	 0.1936 	 0.9513 	 0.0000 	 0.0000
[2025/07/28 07:34:19] - 265 	 0.001 	 8.9 	 0.0019 	 0.9999 	 0.1914 	 0.9449 	 0.1920 	 0.9521 	 0.0000 	 0.0000
[2025/07/28 07:34:28] - 266 	 0.001 	 8.7 	 0.0018 	 1.0000 	 0.1404 	 0.9601 	 0.1978 	 0.9506 	 0.0000 	 0.0000
[2025/07/28 07:34:37] - 267 	 0.001 	 8.8 	 0.0018 	 0.9999 	 0.1744 	 0.9503 	 0.1996 	 0.9508 	 0.0000 	 0.0000
[2025/07/28 07:34:45] - 268 	 0.001 	 8.8 	 0.0019 	 0.9999 	 0.1525 	 0.9563 	 0.1978 	 0.9515 	 0.0000 	 0.0000
[2025/07/28 07:34:54] - 269 	 0.001 	 8.7 	 0.0021 	 0.9999 	 0.1274 	 0.9639 	 0.2031 	 0.9509 	 0.0000 	 0.0000
[2025/07/28 07:35:03] - 270 	 0.001 	 8.9 	 0.0020 	 1.0000 	 0.2019 	 0.9429 	 0.1955 	 0.9519 	 0.0000 	 0.0000
[2025/07/28 07:35:12] - 271 	 0.001 	 8.5 	 0.0018 	 1.0000 	 0.1815 	 0.9486 	 0.1913 	 0.9513 	 0.0000 	 0.0000
[2025/07/28 07:35:21] - 272 	 0.001 	 9.0 	 0.0020 	 0.9999 	 0.1352 	 0.9618 	 0.1933 	 0.9511 	 0.0000 	 0.0000
[2025/07/28 07:35:29] - 273 	 0.001 	 8.9 	 0.0019 	 1.0000 	 0.1798 	 0.9491 	 0.1922 	 0.9509 	 0.0000 	 0.0000
[2025/07/28 07:35:38] - 274 	 0.001 	 8.7 	 0.0018 	 1.0000 	 0.1699 	 0.9517 	 0.1928 	 0.9509 	 0.0000 	 0.0000
[2025/07/28 07:35:47] - 275 	 0.001 	 8.8 	 0.0019 	 1.0000 	 0.1670 	 0.9507 	 0.1932 	 0.9508 	 0.0000 	 0.0000
[2025/07/28 07:35:56] - 276 	 0.001 	 9.0 	 0.0018 	 1.0000 	 0.2023 	 0.9424 	 0.1932 	 0.9503 	 0.0000 	 0.0000
[2025/07/28 07:36:05] - 277 	 0.001 	 8.7 	 0.0018 	 1.0000 	 0.1403 	 0.9590 	 0.1964 	 0.9498 	 0.0000 	 0.0000
[2025/07/28 07:36:14] - 278 	 0.001 	 9.0 	 0.0018 	 0.9999 	 0.1166 	 0.9666 	 0.1986 	 0.9510 	 0.0000 	 0.0000
[2025/07/28 07:36:22] - 279 	 0.001 	 8.7 	 0.0019 	 1.0000 	 0.1170 	 0.9676 	 0.1960 	 0.9500 	 0.0000 	 0.0000
[2025/07/28 07:36:31] - 280 	 0.001 	 8.7 	 0.0018 	 0.9999 	 0.1610 	 0.9529 	 0.2011 	 0.9497 	 0.9538 	 0.9508
[2025/07/28 07:36:40] - 281 	 0.001 	 9.1 	 0.0018 	 1.0000 	 0.1318 	 0.9614 	 0.1957 	 0.9506 	 0.0000 	 0.0000
[2025/07/28 07:36:49] - 282 	 0.001 	 9.2 	 0.0018 	 1.0000 	 0.0936 	 0.9738 	 0.1940 	 0.9513 	 0.0000 	 0.0000
[2025/07/28 07:36:58] - 283 	 0.001 	 8.9 	 0.0018 	 1.0000 	 0.0882 	 0.9753 	 0.1983 	 0.9508 	 0.0000 	 0.0000
[2025/07/28 07:37:07] - 284 	 0.001 	 9.0 	 0.0019 	 1.0000 	 0.1476 	 0.9581 	 0.1954 	 0.9497 	 0.0000 	 0.0000
[2025/07/28 07:37:16] - 285 	 0.001 	 8.7 	 0.0019 	 0.9999 	 0.1181 	 0.9661 	 0.1992 	 0.9495 	 0.0000 	 0.0000
[2025/07/28 07:37:25] - 286 	 0.001 	 9.2 	 0.0019 	 0.9999 	 0.1418 	 0.9592 	 0.1944 	 0.9511 	 0.0000 	 0.0000
[2025/07/28 07:37:34] - 287 	 0.001 	 9.1 	 0.0019 	 1.0000 	 0.1580 	 0.9548 	 0.1996 	 0.9505 	 0.0000 	 0.0000
[2025/07/28 07:37:43] - 288 	 0.001 	 8.9 	 0.0018 	 1.0000 	 0.1388 	 0.9590 	 0.2003 	 0.9508 	 0.0000 	 0.0000
[2025/07/28 07:37:52] - 289 	 0.001 	 9.2 	 0.0018 	 0.9999 	 0.1901 	 0.9463 	 0.1940 	 0.9506 	 0.0000 	 0.0000
[2025/07/28 07:38:01] - 290 	 0.001 	 8.9 	 0.0018 	 1.0000 	 0.1894 	 0.9447 	 0.1964 	 0.9503 	 0.0000 	 0.0000
[2025/07/28 07:38:10] - 291 	 0.001 	 9.1 	 0.0019 	 1.0000 	 0.1582 	 0.9551 	 0.1947 	 0.9507 	 0.0000 	 0.0000
[2025/07/28 07:38:20] - 292 	 0.001 	 9.4 	 0.0018 	 1.0000 	 0.1078 	 0.9692 	 0.1949 	 0.9505 	 0.0000 	 0.0000
[2025/07/28 07:38:29] - 293 	 0.001 	 9.0 	 0.0019 	 0.9999 	 0.1516 	 0.9570 	 0.1948 	 0.9499 	 0.0000 	 0.0000
[2025/07/28 07:38:38] - 294 	 0.001 	 9.0 	 0.0019 	 0.9999 	 0.1380 	 0.9598 	 0.1969 	 0.9487 	 0.0000 	 0.0000
[2025/07/28 07:38:47] - 295 	 0.001 	 9.0 	 0.0018 	 1.0000 	 0.1267 	 0.9644 	 0.1959 	 0.9510 	 0.0000 	 0.0000
[2025/07/28 07:38:55] - 296 	 0.001 	 8.6 	 0.0018 	 1.0000 	 0.1551 	 0.9561 	 0.1994 	 0.9498 	 0.0000 	 0.0000
[2025/07/28 07:39:05] - 297 	 0.001 	 9.2 	 0.0019 	 1.0000 	 0.1232 	 0.9634 	 0.2018 	 0.9494 	 0.0000 	 0.0000
[2025/07/28 07:39:14] - 298 	 0.001 	 9.2 	 0.0018 	 0.9999 	 0.1258 	 0.9638 	 0.2001 	 0.9506 	 0.0000 	 0.0000
[2025/07/28 07:39:23] - 299 	 0.001 	 9.2 	 0.0019 	 1.0000 	 0.1090 	 0.9686 	 0.1992 	 0.9497 	 0.0000 	 0.0000
