[2025/02/21 21:15:03] - Epoch 	 lr 	 Time 	 TrainLoss 	 TrainACC 	 TestLoss 	 TestACC
[2025/02/21 21:16:23] - 0 	 0.1000 	 80.57 	 2.9213 	 0.1834 	 2.0090 	 0.2304
[2025/02/21 21:17:52] - 1 	 0.1000 	 89.01 	 1.8730 	 0.3324 	 1.7072 	 0.3512
[2025/02/21 21:19:22] - 2 	 0.1000 	 89.28 	 1.5200 	 0.4446 	 2.4579 	 0.4345
[2025/02/21 21:20:50] - 3 	 0.1000 	 88.39 	 1.3245 	 0.5242 	 1.3011 	 0.5283
[2025/02/21 21:22:17] - 4 	 0.1000 	 87.06 	 1.1576 	 0.5875 	 1.5114 	 0.4851
[2025/02/21 21:23:46] - 5 	 0.1000 	 88.61 	 1.0322 	 0.6332 	 1.1742 	 0.5859
[2025/02/21 21:25:12] - 6 	 0.1000 	 86.38 	 0.9429 	 0.6667 	 1.0754 	 0.6216
[2025/02/21 21:26:41] - 7 	 0.1000 	 88.42 	 0.8515 	 0.7016 	 1.7021 	 0.4880
[2025/02/21 21:28:08] - 8 	 0.1000 	 87.45 	 0.7759 	 0.7278 	 1.0111 	 0.6523
[2025/02/21 21:44:26] - 9 	 0.1000 	 978.22 	 0.7187 	 0.7479 	 1.0889 	 0.6325
[2025/02/21 21:45:59] - 10 	 0.1000 	 93.15 	 0.6671 	 0.7669 	 1.2317 	 0.5962
[2025/02/21 21:47:29] - 11 	 0.1000 	 89.26 	 0.6196 	 0.7832 	 1.6035 	 0.5215
[2025/02/21 21:48:58] - 12 	 0.1000 	 89.15 	 0.5698 	 0.8003 	 1.0290 	 0.6705
[2025/02/21 21:50:28] - 13 	 0.1000 	 90.12 	 0.5406 	 0.8110 	 0.9484 	 0.6879
[2025/02/21 21:51:58] - 14 	 0.1000 	 90.33 	 0.5071 	 0.8219 	 1.0209 	 0.6736
[2025/02/21 21:53:28] - 15 	 0.1000 	 89.87 	 0.4700 	 0.8350 	 1.2139 	 0.6249
[2025/02/21 21:54:57] - 16 	 0.1000 	 88.95 	 0.4492 	 0.8431 	 1.0185 	 0.6812
[2025/02/21 21:56:26] - 17 	 0.1000 	 88.58 	 0.4161 	 0.8545 	 1.1651 	 0.6280
[2025/02/21 21:57:51] - 18 	 0.1000 	 84.92 	 0.3898 	 0.8640 	 1.1925 	 0.6655
[2025/02/21 22:14:12] - 19 	 0.1000 	 981.16 	 0.3667 	 0.8714 	 1.7969 	 0.5401
[2025/02/21 22:15:40] - 20 	 0.1000 	 88.30 	 0.3456 	 0.8793 	 1.6491 	 0.5819
[2025/02/21 22:17:10] - 21 	 0.1000 	 89.69 	 0.3354 	 0.8838 	 1.2739 	 0.6446
[2025/02/21 22:18:41] - 22 	 0.1000 	 91.50 	 0.3200 	 0.8881 	 1.3985 	 0.6311
[2025/02/21 22:20:11] - 23 	 0.1000 	 90.24 	 0.3008 	 0.8942 	 0.9732 	 0.7148
[2025/02/21 22:21:43] - 24 	 0.1000 	 92.03 	 0.2941 	 0.8974 	 1.3790 	 0.6352
[2025/02/21 22:23:15] - 25 	 0.1000 	 91.79 	 0.2842 	 0.9007 	 1.0872 	 0.6842
[2025/02/21 22:24:47] - 26 	 0.1000 	 91.84 	 0.2671 	 0.9070 	 1.2688 	 0.6620
[2025/02/21 22:26:28] - 27 	 0.1000 	 100.99 	 0.2599 	 0.9084 	 1.3470 	 0.6569
[2025/02/21 22:27:56] - 28 	 0.1000 	 88.33 	 0.2593 	 0.9076 	 1.4880 	 0.6239
[2025/02/21 22:44:25] - 29 	 0.1000 	 988.77 	 0.2518 	 0.9125 	 1.0389 	 0.6983
[2025/02/21 22:45:58] - 30 	 0.1000 	 93.11 	 0.2532 	 0.9099 	 1.7094 	 0.5908
[2025/02/21 22:47:35] - 31 	 0.1000 	 96.75 	 0.2443 	 0.9146 	 1.0016 	 0.7111
[2025/02/21 22:49:06] - 32 	 0.1000 	 91.13 	 0.2393 	 0.9167 	 1.0016 	 0.7136
[2025/02/21 22:50:36] - 33 	 0.1000 	 90.08 	 0.2332 	 0.9189 	 1.3364 	 0.6364
[2025/02/21 22:52:08] - 34 	 0.1000 	 91.36 	 0.2300 	 0.9203 	 1.3501 	 0.6536
[2025/02/21 22:53:39] - 35 	 0.1000 	 90.90 	 0.2200 	 0.9233 	 1.7423 	 0.5775
[2025/02/21 22:55:10] - 36 	 0.1000 	 91.40 	 0.2303 	 0.9191 	 1.2804 	 0.6673
[2025/02/21 22:56:57] - 37 	 0.1000 	 107.43 	 0.2249 	 0.9214 	 1.1673 	 0.6881
[2025/02/21 22:58:28] - 38 	 0.1000 	 91.00 	 0.2161 	 0.9240 	 1.1993 	 0.6828
[2025/02/21 23:14:43] - 39 	 0.1000 	 974.18 	 0.2199 	 0.9225 	 1.3662 	 0.6360
[2025/02/21 23:16:10] - 40 	 0.1000 	 87.00 	 0.2087 	 0.9256 	 1.4009 	 0.6593
[2025/02/21 23:17:39] - 41 	 0.1000 	 89.62 	 0.2074 	 0.9284 	 1.2537 	 0.6733
[2025/02/21 23:19:05] - 42 	 0.1000 	 85.51 	 0.2145 	 0.9253 	 1.2330 	 0.6794
[2025/02/21 23:20:35] - 43 	 0.1000 	 89.95 	 0.2044 	 0.9291 	 1.1734 	 0.6808
[2025/02/21 23:22:12] - 44 	 0.1000 	 96.99 	 0.2065 	 0.9268 	 1.1521 	 0.6949
[2025/02/21 23:23:44] - 45 	 0.1000 	 92.77 	 0.2011 	 0.9306 	 1.1275 	 0.7035
[2025/02/21 23:25:21] - 46 	 0.1000 	 96.16 	 0.2015 	 0.9299 	 1.4126 	 0.6538
[2025/02/21 23:26:59] - 47 	 0.1000 	 98.30 	 0.1962 	 0.9307 	 1.2172 	 0.6877
[2025/02/21 23:28:19] - 48 	 0.1000 	 79.75 	 0.2066 	 0.9265 	 1.3318 	 0.6571
[2025/02/21 23:44:40] - 49 	 0.1000 	 981.45 	 0.1961 	 0.9328 	 1.0607 	 0.7136
[2025/02/21 23:46:07] - 50 	 0.1000 	 87.32 	 0.1956 	 0.9334 	 1.3211 	 0.6780
[2025/02/21 23:47:32] - 51 	 0.1000 	 84.51 	 0.1987 	 0.9308 	 1.1499 	 0.6885
[2025/02/21 23:49:02] - 52 	 0.1000 	 90.56 	 0.1971 	 0.9318 	 1.3071 	 0.6801
[2025/02/21 23:50:30] - 53 	 0.1000 	 87.79 	 0.1957 	 0.9310 	 1.4130 	 0.6633
[2025/02/21 23:51:57] - 54 	 0.1000 	 86.98 	 0.1964 	 0.9323 	 2.0138 	 0.5325
[2025/02/21 23:53:24] - 55 	 0.1000 	 86.82 	 0.1840 	 0.9369 	 1.3585 	 0.6566
[2025/02/21 23:54:54] - 56 	 0.1000 	 89.72 	 0.1918 	 0.9334 	 1.0884 	 0.7086
[2025/02/21 23:56:28] - 57 	 0.1000 	 94.15 	 0.1923 	 0.9328 	 1.5953 	 0.5974
[2025/02/21 23:57:52] - 58 	 0.1000 	 83.63 	 0.1964 	 0.9319 	 1.1195 	 0.6994
[2025/02/22 00:14:36] - 59 	 0.1000 	 1004.59 	 0.1868 	 0.9357 	 1.1963 	 0.6926
[2025/02/22 00:16:01] - 60 	 0.0010 	 85.38 	 0.0646 	 0.9811 	 0.8495 	 0.7750
[2025/02/22 00:17:27] - 61 	 0.0100 	 85.97 	 0.0195 	 0.9976 	 0.8854 	 0.7762
[2025/02/22 00:19:02] - 62 	 0.0100 	 94.13 	 0.0110 	 0.9996 	 0.8907 	 0.7805
[2025/02/22 00:20:28] - 63 	 0.0100 	 86.53 	 0.0077 	 0.9999 	 0.8955 	 0.7788
[2025/02/22 00:21:57] - 64 	 0.0100 	 88.75 	 0.0059 	 0.9999 	 0.9111 	 0.7826
[2025/02/22 00:23:28] - 65 	 0.0100 	 90.90 	 0.0049 	 0.9999 	 0.9259 	 0.7814
[2025/02/22 00:24:57] - 66 	 0.0100 	 89.18 	 0.0042 	 1.0000 	 0.9205 	 0.7809
[2025/02/22 00:26:27] - 67 	 0.0100 	 89.57 	 0.0036 	 1.0000 	 0.9485 	 0.7829
[2025/02/22 00:27:59] - 68 	 0.0100 	 92.67 	 0.0034 	 0.9999 	 0.9730 	 0.7798
[2025/02/22 00:44:26] - 69 	 0.0100 	 986.64 	 0.0030 	 1.0000 	 0.9473 	 0.7825
[2025/02/22 00:45:57] - 70 	 0.0100 	 91.41 	 0.0028 	 1.0000 	 0.9375 	 0.7812
[2025/02/22 00:47:22] - 71 	 0.0100 	 84.90 	 0.0026 	 1.0000 	 0.9650 	 0.7826
[2025/02/22 00:48:54] - 72 	 0.0100 	 92.13 	 0.0024 	 1.0000 	 0.9379 	 0.7824
[2025/02/22 00:50:40] - 73 	 0.0100 	 106.07 	 0.0023 	 1.0000 	 0.9503 	 0.7810
[2025/02/22 00:52:06] - 74 	 0.0100 	 85.51 	 0.0022 	 1.0000 	 0.9663 	 0.7837
[2025/02/22 00:53:36] - 75 	 0.0100 	 90.15 	 0.0021 	 1.0000 	 0.9774 	 0.7819
[2025/02/22 00:55:07] - 76 	 0.0100 	 91.18 	 0.0020 	 1.0000 	 0.9505 	 0.7829
[2025/02/22 00:56:40] - 77 	 0.0100 	 92.78 	 0.0020 	 1.0000 	 0.9630 	 0.7841
[2025/02/22 00:58:17] - 78 	 0.0100 	 96.73 	 0.0019 	 1.0000 	 0.9463 	 0.7837
[2025/02/22 01:15:08] - 79 	 0.0100 	 1011.43 	 0.0019 	 1.0000 	 0.9525 	 0.7843
[2025/02/22 01:16:38] - 80 	 0.0100 	 90.33 	 0.0019 	 1.0000 	 0.9452 	 0.7837
[2025/02/22 01:18:18] - 81 	 0.0100 	 99.64 	 0.0018 	 1.0000 	 0.9472 	 0.7846
[2025/02/22 01:19:44] - 82 	 0.0100 	 85.93 	 0.0017 	 1.0000 	 0.9412 	 0.7838
[2025/02/22 01:21:13] - 83 	 0.0100 	 89.36 	 0.0017 	 1.0000 	 0.9795 	 0.7846
[2025/02/22 01:22:43] - 84 	 0.0100 	 89.91 	 0.0016 	 1.0000 	 0.9662 	 0.7840
[2025/02/22 01:24:17] - 85 	 0.0100 	 93.95 	 0.0016 	 1.0000 	 0.9433 	 0.7846
[2025/02/22 01:25:47] - 86 	 0.0100 	 90.02 	 0.0016 	 1.0000 	 0.9480 	 0.7839
[2025/02/22 01:27:19] - 87 	 0.0100 	 91.85 	 0.0015 	 1.0000 	 0.9819 	 0.7846
[2025/02/22 01:29:00] - 88 	 0.0100 	 101.13 	 0.0015 	 1.0000 	 0.9514 	 0.7845
[2025/02/22 01:46:30] - 89 	 0.0100 	 1049.80 	 0.0015 	 1.0000 	 0.9446 	 0.7834
[2025/02/22 01:48:02] - 90 	 0.0001 	 92.39 	 0.0014 	 1.0000 	 0.9809 	 0.7850
[2025/02/22 01:49:32] - 91 	 0.0010 	 89.69 	 0.0014 	 1.0000 	 0.9513 	 0.7852
[2025/02/22 01:51:03] - 92 	 0.0010 	 90.77 	 0.0014 	 1.0000 	 0.9606 	 0.7828
[2025/02/22 01:52:40] - 93 	 0.0010 	 96.83 	 0.0014 	 1.0000 	 0.9454 	 0.7844
[2025/02/22 01:54:09] - 94 	 0.0010 	 89.44 	 0.0014 	 1.0000 	 0.9816 	 0.7845
[2025/02/22 01:55:36] - 95 	 0.0010 	 86.41 	 0.0014 	 1.0000 	 0.9536 	 0.7846
[2025/02/22 01:57:02] - 96 	 0.0010 	 86.14 	 0.0014 	 1.0000 	 0.9626 	 0.7852
[2025/02/22 01:58:31] - 97 	 0.0010 	 89.38 	 0.0014 	 1.0000 	 0.9625 	 0.7842
[2025/02/22 02:00:11] - 98 	 0.0010 	 99.96 	 0.0014 	 1.0000 	 0.9678 	 0.7848
[2025/02/22 02:17:36] - 99 	 0.0010 	 1044.76 	 0.0014 	 1.0000 	 0.9457 	 0.7850
[2025/02/22 02:19:02] - 100 	 0.0010 	 86.69 	 0.0013 	 1.0000 	 0.9420 	 0.7838
[2025/02/22 02:20:31] - 101 	 0.0010 	 88.99 	 0.0014 	 1.0000 	 0.9574 	 0.7856
[2025/02/22 02:22:13] - 102 	 0.0010 	 101.29 	 0.0013 	 1.0000 	 0.9419 	 0.7846
[2025/02/22 02:23:44] - 103 	 0.0010 	 91.65 	 0.0014 	 1.0000 	 0.9435 	 0.7836
[2025/02/22 02:25:15] - 104 	 0.0010 	 90.83 	 0.0014 	 1.0000 	 0.9545 	 0.7852
[2025/02/22 02:26:44] - 105 	 0.0010 	 89.05 	 0.0013 	 1.0000 	 0.9474 	 0.7840
[2025/02/22 02:28:13] - 106 	 0.0010 	 88.39 	 0.0014 	 1.0000 	 0.9371 	 0.7850
[2025/02/22 02:29:35] - 107 	 0.0010 	 82.32 	 0.0013 	 1.0000 	 0.9970 	 0.7846
[2025/02/22 02:31:16] - 108 	 0.0010 	 101.05 	 0.0013 	 1.0000 	 0.9831 	 0.7838
[2025/02/22 02:48:31] - 109 	 0.0010 	 1034.54 	 0.0013 	 1.0000 	 0.9492 	 0.7841
[2025/02/22 02:50:00] - 110 	 0.0010 	 89.72 	 0.0013 	 1.0000 	 0.9543 	 0.7840
[2025/02/22 02:51:29] - 111 	 0.0010 	 88.64 	 0.0014 	 1.0000 	 0.9389 	 0.7854
[2025/02/22 02:52:57] - 112 	 0.0010 	 88.35 	 0.0013 	 1.0000 	 0.9447 	 0.7850
[2025/02/22 02:54:26] - 113 	 0.0010 	 88.99 	 0.0013 	 1.0000 	 0.9535 	 0.7839
[2025/02/22 02:56:00] - 114 	 0.0010 	 93.60 	 0.0013 	 1.0000 	 0.9792 	 0.7835
[2025/02/22 02:57:25] - 115 	 0.0010 	 85.25 	 0.0013 	 1.0000 	 0.9514 	 0.7845
[2025/02/22 02:58:54] - 116 	 0.0010 	 88.98 	 0.0014 	 1.0000 	 0.9474 	 0.7848
[2025/02/22 03:00:33] - 117 	 0.0010 	 98.44 	 0.0013 	 1.0000 	 0.9625 	 0.7843
[2025/02/22 03:02:11] - 118 	 0.0010 	 98.39 	 0.0013 	 1.0000 	 0.9590 	 0.7845
[2025/02/22 03:19:03] - 119 	 0.0010 	 1011.76 	 0.0013 	 1.0000 	 0.9733 	 0.7837
[2025/02/22 03:20:26] - 120 	 0.0010 	 82.92 	 0.0013 	 1.0000 	 0.9637 	 0.7838
[2025/02/22 03:21:50] - 121 	 0.0010 	 84.43 	 0.0013 	 1.0000 	 0.9828 	 0.7838
[2025/02/22 03:23:30] - 122 	 0.0010 	 100.05 	 0.0013 	 1.0000 	 0.9484 	 0.7852
[2025/02/22 03:25:02] - 123 	 0.0010 	 92.03 	 0.0013 	 1.0000 	 0.9555 	 0.7861
[2025/02/22 03:26:32] - 124 	 0.0010 	 90.03 	 0.0013 	 1.0000 	 0.9673 	 0.7837
[2025/02/22 03:28:04] - 125 	 0.0010 	 91.41 	 0.0012 	 1.0000 	 0.9669 	 0.7846
[2025/02/22 03:29:42] - 126 	 0.0010 	 98.32 	 0.0013 	 1.0000 	 0.9408 	 0.7842
[2025/02/22 03:31:07] - 127 	 0.0010 	 85.51 	 0.0013 	 1.0000 	 0.9554 	 0.7859
[2025/02/22 03:32:37] - 128 	 0.0010 	 89.84 	 0.0013 	 1.0000 	 0.9811 	 0.7846
[2025/02/22 03:48:57] - 129 	 0.0010 	 979.54 	 0.0013 	 1.0000 	 0.9721 	 0.7853
[2025/02/22 03:50:28] - 130 	 0.0010 	 91.12 	 0.0013 	 1.0000 	 0.9582 	 0.7853
[2025/02/22 03:52:10] - 131 	 0.0010 	 102.04 	 0.0013 	 1.0000 	 0.9621 	 0.7848
[2025/02/22 03:53:42] - 132 	 0.0010 	 92.37 	 0.0013 	 1.0000 	 0.9503 	 0.7846
[2025/02/22 03:55:21] - 133 	 0.0010 	 98.53 	 0.0013 	 1.0000 	 0.9597 	 0.7838
[2025/02/22 03:56:55] - 134 	 0.0010 	 93.95 	 0.0013 	 1.0000 	 0.9455 	 0.7856
[2025/02/22 03:58:32] - 135 	 0.0010 	 96.86 	 0.0012 	 1.0000 	 0.9500 	 0.7837
[2025/02/22 04:00:04] - 136 	 0.0010 	 92.11 	 0.0013 	 1.0000 	 0.9813 	 0.7846
[2025/02/22 04:01:39] - 137 	 0.0010 	 95.73 	 0.0012 	 1.0000 	 0.9606 	 0.7860
[2025/02/22 04:03:28] - 138 	 0.0010 	 108.28 	 0.0014 	 1.0000 	 0.9761 	 0.7844
[2025/02/22 04:20:35] - 139 	 0.0010 	 1027.36 	 0.0013 	 1.0000 	 0.9654 	 0.7855
[2025/02/22 04:22:13] - 140 	 0.0010 	 97.37 	 0.0013 	 1.0000 	 0.9356 	 0.7850
[2025/02/22 04:23:48] - 141 	 0.0010 	 95.86 	 0.0013 	 1.0000 	 0.9806 	 0.7853
[2025/02/22 04:25:34] - 142 	 0.0010 	 105.67 	 0.0013 	 1.0000 	 0.9529 	 0.7850
[2025/02/22 04:27:07] - 143 	 0.0010 	 92.62 	 0.0013 	 1.0000 	 0.9680 	 0.7847
[2025/02/22 04:28:49] - 144 	 0.0010 	 101.90 	 0.0012 	 1.0000 	 0.9748 	 0.7839
[2025/02/22 04:30:22] - 145 	 0.0010 	 93.81 	 0.0012 	 1.0000 	 0.9361 	 0.7845
[2025/02/22 04:32:12] - 146 	 0.0010 	 109.36 	 0.0013 	 1.0000 	 0.9612 	 0.7841
[2025/02/22 04:33:49] - 147 	 0.0010 	 97.56 	 0.0013 	 1.0000 	 0.9394 	 0.7847
[2025/02/22 04:35:41] - 148 	 0.0010 	 111.31 	 0.0012 	 1.0000 	 0.9666 	 0.7848
[2025/02/22 04:52:45] - 149 	 0.0010 	 1024.87 	 0.0012 	 1.0000 	 0.9569 	 0.7841
[2025/02/22 04:54:24] - 150 	 0.0010 	 98.62 	 0.0013 	 1.0000 	 0.9659 	 0.7847
[2025/02/22 04:56:01] - 151 	 0.0010 	 97.12 	 0.0012 	 1.0000 	 0.9507 	 0.7852
[2025/02/22 04:57:33] - 152 	 0.0010 	 92.30 	 0.0012 	 1.0000 	 0.9669 	 0.7857
[2025/02/22 04:59:15] - 153 	 0.0010 	 101.75 	 0.0012 	 1.0000 	 0.9500 	 0.7857
[2025/02/22 05:00:48] - 154 	 0.0010 	 92.42 	 0.0012 	 1.0000 	 0.9453 	 0.7855
[2025/02/22 05:02:36] - 155 	 0.0010 	 108.73 	 0.0012 	 1.0000 	 0.9524 	 0.7852
[2025/02/22 05:04:10] - 156 	 0.0010 	 93.20 	 0.0012 	 1.0000 	 0.9586 	 0.7841
[2025/02/22 05:05:59] - 157 	 0.0010 	 109.19 	 0.0012 	 1.0000 	 0.9453 	 0.7854
[2025/02/22 05:07:39] - 158 	 0.0010 	 99.97 	 0.0012 	 1.0000 	 0.9747 	 0.7842
[2025/02/22 05:25:51] - 159 	 0.0010 	 1091.95 	 0.0012 	 1.0000 	 0.9479 	 0.7845
[2025/02/22 05:27:25] - 160 	 0.0010 	 94.02 	 0.0012 	 1.0000 	 0.9722 	 0.7852
[2025/02/22 05:29:12] - 161 	 0.0010 	 107.45 	 0.0012 	 1.0000 	 0.9829 	 0.7851
[2025/02/22 05:30:45] - 162 	 0.0010 	 92.47 	 0.0012 	 1.0000 	 0.9462 	 0.7846
[2025/02/22 05:32:34] - 163 	 0.0010 	 109.65 	 0.0012 	 1.0000 	 0.9666 	 0.7846
[2025/02/22 05:34:10] - 164 	 0.0010 	 95.25 	 0.0012 	 1.0000 	 0.9746 	 0.7837
[2025/02/22 05:35:59] - 165 	 0.0010 	 109.16 	 0.0011 	 1.0000 	 0.9618 	 0.7852
[2025/02/22 05:37:32] - 166 	 0.0010 	 92.81 	 0.0012 	 1.0000 	 0.9698 	 0.7860
[2025/02/22 05:39:13] - 167 	 0.0010 	 101.59 	 0.0012 	 1.0000 	 0.9501 	 0.7854
[2025/02/22 05:40:50] - 168 	 0.0010 	 97.39 	 0.0012 	 1.0000 	 0.9717 	 0.7850
[2025/02/22 05:54:27] - 169 	 0.0010 	 816.06 	 0.0012 	 1.0000 	 0.9562 	 0.7859
[2025/02/22 05:54:51] - 170 	 0.0010 	 24.07 	 0.0012 	 1.0000 	 0.9682 	 0.7850
[2025/02/22 05:55:15] - 171 	 0.0010 	 23.94 	 0.0012 	 1.0000 	 0.9456 	 0.7840
[2025/02/22 05:55:37] - 172 	 0.0010 	 22.51 	 0.0012 	 1.0000 	 0.9884 	 0.7842
[2025/02/22 05:56:01] - 173 	 0.0010 	 24.33 	 0.0011 	 1.0000 	 0.9445 	 0.7853
[2025/02/22 05:56:26] - 174 	 0.0010 	 24.28 	 0.0012 	 1.0000 	 0.9491 	 0.7843
[2025/02/22 05:56:51] - 175 	 0.0010 	 25.64 	 0.0011 	 1.0000 	 0.9836 	 0.7853
[2025/02/22 05:57:20] - 176 	 0.0010 	 28.74 	 0.0011 	 1.0000 	 0.9660 	 0.7859
[2025/02/22 05:57:48] - 177 	 0.0010 	 28.33 	 0.0011 	 1.0000 	 0.9844 	 0.7855
[2025/02/22 05:58:17] - 178 	 0.0010 	 28.57 	 0.0012 	 1.0000 	 0.9609 	 0.7851
[2025/02/22 06:08:50] - 179 	 0.0010 	 632.96 	 0.0012 	 1.0000 	 0.9571 	 0.7854
[2025/02/22 06:09:14] - 180 	 0.0010 	 24.53 	 0.0012 	 1.0000 	 0.9539 	 0.7853
[2025/02/22 06:09:40] - 181 	 0.0010 	 25.14 	 0.0011 	 1.0000 	 0.9532 	 0.7841
[2025/02/22 06:10:04] - 182 	 0.0010 	 24.28 	 0.0011 	 1.0000 	 0.9649 	 0.7850
[2025/02/22 06:10:28] - 183 	 0.0010 	 24.20 	 0.0011 	 1.0000 	 0.9807 	 0.7840
[2025/02/22 06:10:55] - 184 	 0.0010 	 27.05 	 0.0012 	 1.0000 	 0.9614 	 0.7842
[2025/02/22 06:11:24] - 185 	 0.0010 	 28.98 	 0.0011 	 1.0000 	 0.9997 	 0.7850
[2025/02/22 06:11:53] - 186 	 0.0010 	 28.67 	 0.0011 	 1.0000 	 1.0003 	 0.7842
[2025/02/22 06:12:21] - 187 	 0.0010 	 28.68 	 0.0011 	 1.0000 	 0.9647 	 0.7855
[2025/02/22 06:12:50] - 188 	 0.0010 	 28.35 	 0.0011 	 1.0000 	 0.9546 	 0.7841
[2025/02/22 06:23:17] - 189 	 0.0010 	 627.41 	 0.0011 	 1.0000 	 0.9528 	 0.7852
[2025/02/22 06:23:43] - 190 	 0.0010 	 25.88 	 0.0011 	 1.0000 	 0.9652 	 0.7856
[2025/02/22 06:24:07] - 191 	 0.0010 	 24.10 	 0.0011 	 1.0000 	 0.9802 	 0.7847
[2025/02/22 06:24:33] - 192 	 0.0010 	 25.52 	 0.0011 	 1.0000 	 0.9786 	 0.7855
[2025/02/22 06:24:56] - 193 	 0.0010 	 23.74 	 0.0011 	 1.0000 	 0.9670 	 0.7851
[2025/02/22 06:25:26] - 194 	 0.0010 	 29.92 	 0.0011 	 1.0000 	 0.9686 	 0.7850
[2025/02/22 06:25:56] - 195 	 0.0010 	 29.51 	 0.0011 	 1.0000 	 0.9611 	 0.7847
[2025/02/22 06:26:27] - 196 	 0.0010 	 30.81 	 0.0011 	 1.0000 	 0.9888 	 0.7849
[2025/02/22 06:26:57] - 197 	 0.0010 	 30.25 	 0.0011 	 1.0000 	 0.9547 	 0.7844
[2025/02/22 06:27:26] - 198 	 0.0010 	 29.52 	 0.0010 	 1.0000 	 0.9561 	 0.7847
[2025/02/22 06:37:44] - 199 	 0.0010 	 617.49 	 0.0010 	 1.0000 	 0.9744 	 0.7858
[2025/02/22 06:38:10] - 200 	 0.0010 	 26.25 	 0.0010 	 1.0000 	 0.9627 	 0.7846
[2025/02/22 06:38:36] - 201 	 0.0010 	 25.93 	 0.0011 	 1.0000 	 0.9834 	 0.7853
[2025/02/22 06:39:00] - 202 	 0.0010 	 24.18 	 0.0011 	 1.0000 	 0.9533 	 0.7853
[2025/02/22 06:39:26] - 203 	 0.0010 	 25.37 	 0.0011 	 1.0000 	 0.9589 	 0.7856
[2025/02/22 06:39:56] - 204 	 0.0010 	 30.16 	 0.0010 	 1.0000 	 0.9509 	 0.7846
[2025/02/22 06:40:26] - 205 	 0.0010 	 30.30 	 0.0010 	 1.0000 	 0.9674 	 0.7854
[2025/02/22 06:40:56] - 206 	 0.0010 	 30.28 	 0.0010 	 1.0000 	 0.9827 	 0.7857
[2025/02/22 06:41:25] - 207 	 0.0010 	 28.53 	 0.0011 	 1.0000 	 0.9825 	 0.7853
[2025/02/22 06:41:53] - 208 	 0.0010 	 28.36 	 0.0010 	 1.0000 	 0.9665 	 0.7847
[2025/02/22 06:51:53] - 209 	 0.0010 	 599.31 	 0.0010 	 1.0000 	 0.9741 	 0.7852
[2025/02/22 06:52:17] - 210 	 0.0010 	 24.00 	 0.0010 	 1.0000 	 0.9918 	 0.7844
[2025/02/22 06:52:42] - 211 	 0.0010 	 24.94 	 0.0010 	 1.0000 	 0.9504 	 0.7844
[2025/02/22 06:53:06] - 212 	 0.0010 	 24.16 	 0.0010 	 1.0000 	 1.0115 	 0.7848
[2025/02/22 06:53:30] - 213 	 0.0010 	 23.80 	 0.0010 	 1.0000 	 0.9748 	 0.7859
[2025/02/22 06:53:57] - 214 	 0.0010 	 27.64 	 0.0010 	 1.0000 	 0.9690 	 0.7852
[2025/02/22 06:54:27] - 215 	 0.0010 	 29.46 	 0.0010 	 1.0000 	 0.9604 	 0.7853
[2025/02/22 06:54:56] - 216 	 0.0010 	 29.02 	 0.0010 	 1.0000 	 0.9706 	 0.7839
[2025/02/22 06:55:24] - 217 	 0.0010 	 28.52 	 0.0010 	 1.0000 	 0.9671 	 0.7849
[2025/02/22 06:55:53] - 218 	 0.0010 	 29.18 	 0.0010 	 1.0000 	 0.9663 	 0.7846
[2025/02/22 07:06:12] - 219 	 0.0010 	 619.04 	 0.0010 	 1.0000 	 0.9775 	 0.7857
[2025/02/22 07:06:36] - 220 	 0.0010 	 23.16 	 0.0010 	 1.0000 	 0.9696 	 0.7864
[2025/02/22 07:06:59] - 221 	 0.0010 	 23.02 	 0.0010 	 1.0000 	 0.9777 	 0.7850
[2025/02/22 07:07:23] - 222 	 0.0010 	 24.33 	 0.0010 	 1.0000 	 0.9516 	 0.7859
[2025/02/22 07:07:46] - 223 	 0.0010 	 23.26 	 0.0010 	 1.0000 	 0.9741 	 0.7844
[2025/02/22 07:08:14] - 224 	 0.0010 	 27.62 	 0.0010 	 1.0000 	 0.9695 	 0.7849
[2025/02/22 07:08:42] - 225 	 0.0010 	 28.33 	 0.0010 	 1.0000 	 0.9853 	 0.7838
[2025/02/22 07:09:09] - 226 	 0.0010 	 26.43 	 0.0010 	 1.0000 	 0.9772 	 0.7854
[2025/02/22 07:09:36] - 227 	 0.0010 	 27.70 	 0.0010 	 1.0000 	 1.0049 	 0.7854
[2025/02/22 07:10:03] - 228 	 0.0010 	 26.59 	 0.0010 	 1.0000 	 0.9635 	 0.7858
[2025/02/22 07:20:51] - 229 	 0.0010 	 647.74 	 0.0010 	 1.0000 	 0.9693 	 0.7871
[2025/02/22 07:21:15] - 230 	 0.0010 	 24.46 	 0.0010 	 1.0000 	 0.9897 	 0.7855
[2025/02/22 07:21:39] - 231 	 0.0010 	 24.16 	 0.0010 	 1.0000 	 0.9736 	 0.7866
[2025/02/22 07:22:05] - 232 	 0.0010 	 25.92 	 0.0010 	 1.0000 	 0.9802 	 0.7854
[2025/02/22 07:22:34] - 233 	 0.0010 	 29.07 	 0.0010 	 1.0000 	 0.9906 	 0.7850
[2025/02/22 07:23:02] - 234 	 0.0010 	 27.92 	 0.0010 	 1.0000 	 0.9729 	 0.7848
[2025/02/22 07:23:30] - 235 	 0.0010 	 28.26 	 0.0010 	 1.0000 	 0.9947 	 0.7847
[2025/02/22 07:23:59] - 236 	 0.0010 	 28.31 	 0.0010 	 1.0000 	 0.9707 	 0.7854
[2025/02/22 07:24:27] - 237 	 0.0010 	 28.52 	 0.0010 	 1.0000 	 0.9700 	 0.7856
[2025/02/22 07:24:56] - 238 	 0.0010 	 28.66 	 0.0010 	 1.0000 	 0.9774 	 0.7857
[2025/02/22 07:35:30] - 239 	 0.0010 	 633.95 	 0.0010 	 1.0000 	 0.9797 	 0.7860
[2025/02/22 07:35:56] - 240 	 0.0010 	 25.98 	 0.0010 	 1.0000 	 0.9675 	 0.7857
[2025/02/22 07:36:22] - 241 	 0.0010 	 25.87 	 0.0009 	 1.0000 	 0.9854 	 0.7850
[2025/02/22 07:36:48] - 242 	 0.0010 	 26.75 	 0.0010 	 1.0000 	 0.9711 	 0.7847
[2025/02/22 07:37:20] - 243 	 0.0010 	 31.11 	 0.0010 	 1.0000 	 0.9684 	 0.7849
[2025/02/22 07:37:50] - 244 	 0.0010 	 30.35 	 0.0010 	 1.0000 	 0.9978 	 0.7851
[2025/02/22 07:38:20] - 245 	 0.0010 	 30.34 	 0.0010 	 1.0000 	 0.9812 	 0.7855
[2025/02/22 07:38:51] - 246 	 0.0010 	 30.49 	 0.0009 	 1.0000 	 0.9836 	 0.7853
[2025/02/22 07:39:21] - 247 	 0.0010 	 30.22 	 0.0009 	 1.0000 	 0.9782 	 0.7865
[2025/02/22 07:39:51] - 248 	 0.0010 	 30.30 	 0.0009 	 1.0000 	 0.9723 	 0.7848
[2025/02/22 07:50:08] - 249 	 0.0010 	 616.86 	 0.0010 	 1.0000 	 0.9799 	 0.7857
[2025/02/22 07:50:34] - 250 	 0.0010 	 25.90 	 0.0009 	 1.0000 	 0.9768 	 0.7849
[2025/02/22 07:51:00] - 251 	 0.0010 	 25.87 	 0.0010 	 1.0000 	 0.9949 	 0.7853
[2025/02/22 07:51:27] - 252 	 0.0010 	 26.82 	 0.0009 	 1.0000 	 1.0018 	 0.7864
[2025/02/22 07:51:57] - 253 	 0.0010 	 30.00 	 0.0009 	 1.0000 	 0.9752 	 0.7857
[2025/02/22 07:52:27] - 254 	 0.0010 	 29.89 	 0.0009 	 1.0000 	 0.9855 	 0.7860
[2025/02/22 07:52:57] - 255 	 0.0010 	 30.19 	 0.0010 	 1.0000 	 0.9842 	 0.7844
[2025/02/22 07:53:26] - 256 	 0.0010 	 29.40 	 0.0009 	 1.0000 	 0.9673 	 0.7849
[2025/02/22 07:53:56] - 257 	 0.0010 	 29.50 	 0.0009 	 1.0000 	 0.9790 	 0.7850
[2025/02/22 07:54:24] - 258 	 0.0010 	 27.97 	 0.0009 	 1.0000 	 0.9879 	 0.7864
[2025/02/22 08:04:57] - 259 	 0.0010 	 633.25 	 0.0009 	 1.0000 	 0.9910 	 0.7862
[2025/02/22 08:05:21] - 260 	 0.0010 	 24.52 	 0.0010 	 1.0000 	 0.9756 	 0.7853
[2025/02/22 08:05:46] - 261 	 0.0010 	 24.42 	 0.0010 	 1.0000 	 0.9778 	 0.7867
[2025/02/22 08:06:14] - 262 	 0.0010 	 28.21 	 0.0009 	 1.0000 	 0.9809 	 0.7853
[2025/02/22 08:06:43] - 263 	 0.0010 	 29.36 	 0.0009 	 1.0000 	 0.9651 	 0.7858
[2025/02/22 08:07:13] - 264 	 0.0010 	 29.13 	 0.0009 	 1.0000 	 1.0010 	 0.7861
[2025/02/22 08:07:41] - 265 	 0.0010 	 28.87 	 0.0010 	 1.0000 	 0.9804 	 0.7839
[2025/02/22 08:08:10] - 266 	 0.0010 	 28.73 	 0.0009 	 1.0000 	 1.0137 	 0.7861
[2025/02/22 08:08:38] - 267 	 0.0010 	 28.28 	 0.0009 	 1.0000 	 0.9885 	 0.7845
[2025/02/22 08:09:07] - 268 	 0.0010 	 28.69 	 0.0009 	 1.0000 	 0.9843 	 0.7847
[2025/02/22 08:19:40] - 269 	 0.0010 	 633.20 	 0.0009 	 1.0000 	 1.0056 	 0.7859
[2025/02/22 08:20:04] - 270 	 0.0010 	 24.05 	 0.0009 	 1.0000 	 1.0003 	 0.7849
[2025/02/22 08:20:32] - 271 	 0.0010 	 27.75 	 0.0009 	 1.0000 	 1.0042 	 0.7858
[2025/02/22 08:21:01] - 272 	 0.0010 	 28.93 	 0.0009 	 1.0000 	 0.9884 	 0.7842
[2025/02/22 08:21:29] - 273 	 0.0010 	 28.18 	 0.0009 	 1.0000 	 0.9879 	 0.7848
[2025/02/22 08:21:58] - 274 	 0.0010 	 28.85 	 0.0009 	 1.0000 	 1.0137 	 0.7865
[2025/02/22 08:22:27] - 275 	 0.0010 	 29.34 	 0.0009 	 1.0000 	 1.0007 	 0.7853
[2025/02/22 08:22:56] - 276 	 0.0010 	 28.55 	 0.0009 	 1.0000 	 0.9909 	 0.7845
[2025/02/22 08:23:25] - 277 	 0.0010 	 28.57 	 0.0010 	 1.0000 	 0.9999 	 0.7862
[2025/02/22 08:23:53] - 278 	 0.0010 	 28.60 	 0.0010 	 1.0000 	 0.9916 	 0.7858
[2025/02/22 08:34:12] - 279 	 0.0010 	 618.87 	 0.0009 	 1.0000 	 0.9876 	 0.7839
[2025/02/22 08:34:39] - 280 	 0.0010 	 26.54 	 0.0009 	 1.0000 	 0.9943 	 0.7852
[2025/02/22 08:35:07] - 281 	 0.0010 	 28.45 	 0.0009 	 1.0000 	 0.9748 	 0.7858
[2025/02/22 08:35:36] - 282 	 0.0010 	 28.70 	 0.0009 	 1.0000 	 1.0045 	 0.7848
[2025/02/22 08:36:05] - 283 	 0.0010 	 29.70 	 0.0009 	 1.0000 	 1.0000 	 0.7857
[2025/02/22 08:36:35] - 284 	 0.0010 	 29.46 	 0.0009 	 1.0000 	 0.9731 	 0.7840
[2025/02/22 08:37:07] - 285 	 0.0010 	 32.30 	 0.0009 	 1.0000 	 0.9903 	 0.7849
[2025/02/22 08:37:41] - 286 	 0.0010 	 33.53 	 0.0009 	 1.0000 	 1.0106 	 0.7855
[2025/02/22 08:38:14] - 287 	 0.0010 	 33.62 	 0.0009 	 1.0000 	 0.9820 	 0.7855
[2025/02/22 08:38:48] - 288 	 0.0010 	 34.13 	 0.0009 	 1.0000 	 0.9802 	 0.7851
[2025/02/22 08:48:46] - 289 	 0.0010 	 597.53 	 0.0009 	 1.0000 	 0.9804 	 0.7866
[2025/02/22 08:49:15] - 290 	 0.0010 	 28.79 	 0.0009 	 1.0000 	 0.9887 	 0.7851
[2025/02/22 08:49:44] - 291 	 0.0010 	 29.00 	 0.0009 	 1.0000 	 0.9849 	 0.7852
[2025/02/22 08:50:12] - 292 	 0.0010 	 28.19 	 0.0009 	 1.0000 	 0.9856 	 0.7856
[2025/02/22 08:50:40] - 293 	 0.0010 	 27.62 	 0.0009 	 1.0000 	 1.0029 	 0.7848
[2025/02/22 08:51:08] - 294 	 0.0010 	 28.55 	 0.0009 	 1.0000 	 0.9908 	 0.7849
[2025/02/22 08:51:37] - 295 	 0.0010 	 28.57 	 0.0009 	 1.0000 	 0.9846 	 0.7861
[2025/02/22 08:52:05] - 296 	 0.0010 	 27.97 	 0.0009 	 1.0000 	 1.0040 	 0.7844
[2025/02/22 08:52:33] - 297 	 0.0010 	 28.26 	 0.0009 	 1.0000 	 0.9850 	 0.7836
[2025/02/22 08:53:01] - 298 	 0.0010 	 28.52 	 0.0009 	 1.0000 	 0.9838 	 0.7847
[2025/02/22 09:02:48] - 299 	 0.0010 	 586.14 	 0.0009 	 1.0000 	 1.0266 	 0.7855
[2025/02/22 09:03:13] - 300 	 0.0010 	 25.40 	 0.0009 	 1.0000 	 1.0028 	 0.7846
[2025/02/22 09:03:42] - 301 	 0.0010 	 28.71 	 0.0009 	 1.0000 	 1.0015 	 0.7854
[2025/02/22 09:04:10] - 302 	 0.0010 	 28.74 	 0.0009 	 1.0000 	 1.0028 	 0.7857
[2025/02/22 09:04:39] - 303 	 0.0010 	 28.98 	 0.0009 	 1.0000 	 0.9976 	 0.7861
[2025/02/22 09:05:08] - 304 	 0.0010 	 29.03 	 0.0009 	 1.0000 	 0.9947 	 0.7825
[2025/02/22 09:05:37] - 305 	 0.0010 	 28.41 	 0.0008 	 1.0000 	 0.9974 	 0.7858
[2025/02/22 09:06:06] - 306 	 0.0010 	 28.77 	 0.0009 	 1.0000 	 0.9823 	 0.7861
[2025/02/22 09:06:35] - 307 	 0.0010 	 29.08 	 0.0009 	 1.0000 	 1.0035 	 0.7850
[2025/02/22 09:07:03] - 308 	 0.0010 	 28.66 	 0.0009 	 1.0000 	 1.0026 	 0.7857
[2025/02/22 09:16:59] - 309 	 0.0010 	 596.01 	 0.0009 	 1.0000 	 0.9929 	 0.7850
[2025/02/22 09:17:25] - 310 	 0.0010 	 26.01 	 0.0009 	 1.0000 	 0.9852 	 0.7859
[2025/02/22 09:17:55] - 311 	 0.0010 	 29.48 	 0.0008 	 1.0000 	 0.9915 	 0.7853
[2025/02/22 09:18:27] - 312 	 0.0010 	 31.70 	 0.0009 	 1.0000 	 0.9969 	 0.7857
[2025/02/22 09:18:55] - 313 	 0.0010 	 28.49 	 0.0009 	 1.0000 	 0.9880 	 0.7855
[2025/02/22 09:19:23] - 314 	 0.0010 	 28.16 	 0.0008 	 1.0000 	 0.9895 	 0.7854
[2025/02/22 09:19:52] - 315 	 0.0010 	 28.77 	 0.0009 	 1.0000 	 1.0050 	 0.7863
[2025/02/22 09:20:20] - 316 	 0.0010 	 28.40 	 0.0008 	 1.0000 	 1.0082 	 0.7849
[2025/02/22 09:20:48] - 317 	 0.0010 	 28.07 	 0.0008 	 1.0000 	 0.9948 	 0.7849
[2025/02/22 09:21:17] - 318 	 0.0010 	 28.86 	 0.0008 	 1.0000 	 0.9865 	 0.7858
[2025/02/22 09:31:15] - 319 	 0.0010 	 597.38 	 0.0008 	 1.0000 	 1.0152 	 0.7852
[2025/02/22 09:31:38] - 320 	 0.0010 	 23.23 	 0.0009 	 1.0000 	 1.0063 	 0.7859
[2025/02/22 09:32:04] - 321 	 0.0010 	 26.45 	 0.0008 	 1.0000 	 1.0046 	 0.7834
[2025/02/22 09:32:33] - 322 	 0.0010 	 28.94 	 0.0008 	 1.0000 	 0.9806 	 0.7846
[2025/02/22 09:33:02] - 323 	 0.0010 	 28.39 	 0.0009 	 1.0000 	 1.0041 	 0.7846
[2025/02/22 09:33:30] - 324 	 0.0010 	 28.17 	 0.0008 	 1.0000 	 1.0146 	 0.7838
[2025/02/22 09:33:59] - 325 	 0.0010 	 28.85 	 0.0008 	 1.0000 	 1.0219 	 0.7847
[2025/02/22 09:34:27] - 326 	 0.0010 	 28.01 	 0.0009 	 1.0000 	 1.0020 	 0.7850
[2025/02/22 09:34:55] - 327 	 0.0010 	 28.35 	 0.0008 	 1.0000 	 1.0060 	 0.7850
[2025/02/22 09:35:23] - 328 	 0.0010 	 28.13 	 0.0009 	 1.0000 	 1.0282 	 0.7849
[2025/02/22 09:45:18] - 329 	 0.0010 	 595.26 	 0.0008 	 1.0000 	 0.9947 	 0.7849
[2025/02/22 09:45:45] - 330 	 0.0010 	 26.60 	 0.0009 	 1.0000 	 0.9929 	 0.7852
[2025/02/22 09:46:11] - 331 	 0.0010 	 25.62 	 0.0009 	 1.0000 	 0.9999 	 0.7860
[2025/02/22 09:46:37] - 332 	 0.0010 	 26.01 	 0.0008 	 1.0000 	 1.0198 	 0.7849
[2025/02/22 09:47:10] - 333 	 0.0010 	 33.44 	 0.0009 	 1.0000 	 1.0023 	 0.7841
[2025/02/22 09:47:43] - 334 	 0.0010 	 33.21 	 0.0010 	 1.0000 	 1.0148 	 0.7840
[2025/02/22 09:48:16] - 335 	 0.0010 	 33.00 	 0.0009 	 1.0000 	 0.9999 	 0.7855
[2025/02/22 09:48:49] - 336 	 0.0010 	 32.78 	 0.0009 	 1.0000 	 1.0453 	 0.7838
[2025/02/22 09:49:22] - 337 	 0.0010 	 32.67 	 0.0009 	 1.0000 	 1.0138 	 0.7838
[2025/02/22 09:49:55] - 338 	 0.0010 	 33.08 	 0.0009 	 1.0000 	 1.0070 	 0.7848
[2025/02/22 09:59:36] - 339 	 0.0010 	 581.44 	 0.0008 	 1.0000 	 0.9910 	 0.7840
[2025/02/22 10:00:00] - 340 	 0.0010 	 23.36 	 0.0009 	 1.0000 	 0.9994 	 0.7843
[2025/02/22 10:00:23] - 341 	 0.0010 	 23.14 	 0.0008 	 1.0000 	 1.0084 	 0.7834
[2025/02/22 10:00:51] - 342 	 0.0010 	 28.57 	 0.0008 	 1.0000 	 1.0013 	 0.7847
[2025/02/22 10:01:19] - 343 	 0.0010 	 27.87 	 0.0008 	 1.0000 	 1.0059 	 0.7842
[2025/02/22 10:01:47] - 344 	 0.0010 	 27.51 	 0.0008 	 1.0000 	 0.9941 	 0.7848
[2025/02/22 10:02:15] - 345 	 0.0010 	 28.38 	 0.0008 	 1.0000 	 0.9929 	 0.7852
[2025/02/22 10:02:43] - 346 	 0.0010 	 28.11 	 0.0009 	 1.0000 	 1.0031 	 0.7853
[2025/02/22 10:03:12] - 347 	 0.0010 	 28.80 	 0.0009 	 1.0000 	 1.0144 	 0.7843
[2025/02/22 10:03:41] - 348 	 0.0010 	 28.46 	 0.0009 	 1.0000 	 1.0279 	 0.7858
[2025/02/22 10:13:30] - 349 	 0.0010 	 589.83 	 0.0008 	 1.0000 	 1.0286 	 0.7835
[2025/02/22 10:13:57] - 350 	 0.0010 	 26.44 	 0.0009 	 1.0000 	 1.0204 	 0.7848
[2025/02/22 10:14:22] - 351 	 0.0010 	 25.64 	 0.0008 	 1.0000 	 0.9945 	 0.7832
[2025/02/22 10:14:50] - 352 	 0.0010 	 27.41 	 0.0008 	 1.0000 	 1.0233 	 0.7841
[2025/02/22 10:15:23] - 353 	 0.0010 	 33.08 	 0.0008 	 1.0000 	 1.0147 	 0.7846
[2025/02/22 10:15:56] - 354 	 0.0010 	 33.30 	 0.0009 	 1.0000 	 1.0159 	 0.7826
[2025/02/22 10:16:29] - 355 	 0.0010 	 32.57 	 0.0009 	 1.0000 	 1.0121 	 0.7846
[2025/02/22 10:17:01] - 356 	 0.0010 	 32.59 	 0.0008 	 1.0000 	 0.9992 	 0.7847
[2025/02/22 10:17:35] - 357 	 0.0010 	 33.17 	 0.0008 	 1.0000 	 1.0034 	 0.7849
[2025/02/22 10:18:07] - 358 	 0.0010 	 32.81 	 0.0008 	 1.0000 	 0.9858 	 0.7840
[2025/02/22 10:28:00] - 359 	 0.0010 	 592.16 	 0.0008 	 1.0000 	 1.0130 	 0.7834
[2025/02/22 10:28:23] - 360 	 0.0010 	 23.16 	 0.0009 	 1.0000 	 1.0020 	 0.7846
[2025/02/22 10:28:51] - 361 	 0.0010 	 28.33 	 0.0009 	 1.0000 	 1.0338 	 0.7840
[2025/02/22 10:29:19] - 362 	 0.0010 	 28.28 	 0.0008 	 1.0000 	 0.9971 	 0.7843
[2025/02/22 10:29:48] - 363 	 0.0010 	 28.17 	 0.0008 	 1.0000 	 1.0047 	 0.7848
[2025/02/22 10:30:16] - 364 	 0.0010 	 28.16 	 0.0008 	 1.0000 	 1.0202 	 0.7827
[2025/02/22 10:30:44] - 365 	 0.0010 	 28.26 	 0.0008 	 1.0000 	 1.0246 	 0.7846
[2025/02/22 10:31:12] - 366 	 0.0010 	 27.96 	 0.0008 	 1.0000 	 1.0004 	 0.7847
[2025/02/22 10:31:40] - 367 	 0.0010 	 27.98 	 0.0008 	 1.0000 	 1.0413 	 0.7843
[2025/02/22 10:32:08] - 368 	 0.0010 	 28.05 	 0.0008 	 1.0000 	 1.0100 	 0.7851
[2025/02/22 10:42:05] - 369 	 0.0010 	 596.74 	 0.0008 	 1.0000 	 1.0065 	 0.7841
[2025/02/22 10:42:28] - 370 	 0.0010 	 23.76 	 0.0008 	 1.0000 	 1.0250 	 0.7854
[2025/02/22 10:42:53] - 371 	 0.0010 	 24.51 	 0.0009 	 1.0000 	 1.0300 	 0.7857
[2025/02/22 10:43:22] - 372 	 0.0010 	 28.70 	 0.0008 	 1.0000 	 1.0163 	 0.7853
[2025/02/22 10:43:50] - 373 	 0.0010 	 27.96 	 0.0008 	 1.0000 	 1.0135 	 0.7855
[2025/02/22 10:44:18] - 374 	 0.0010 	 28.42 	 0.0009 	 1.0000 	 1.0073 	 0.7831
[2025/02/22 10:44:46] - 375 	 0.0010 	 27.92 	 0.0009 	 1.0000 	 1.0016 	 0.7845
[2025/02/22 10:45:17] - 376 	 0.0010 	 30.92 	 0.0008 	 1.0000 	 0.9971 	 0.7852
[2025/02/22 10:45:50] - 377 	 0.0010 	 33.45 	 0.0008 	 1.0000 	 1.0033 	 0.7848
[2025/02/22 10:46:23] - 378 	 0.0010 	 33.02 	 0.0008 	 1.0000 	 1.0432 	 0.7852
[2025/02/22 10:55:58] - 379 	 0.0010 	 575.10 	 0.0008 	 1.0000 	 0.9987 	 0.7861
[2025/02/22 10:56:23] - 380 	 0.0010 	 24.10 	 0.0008 	 1.0000 	 1.0456 	 0.7850
[2025/02/22 10:56:46] - 381 	 0.0010 	 23.71 	 0.0008 	 1.0000 	 1.0179 	 0.7849
[2025/02/22 10:57:11] - 382 	 0.0010 	 24.70 	 0.0009 	 1.0000 	 1.0230 	 0.7849
[2025/02/22 10:57:38] - 383 	 0.0010 	 26.93 	 0.0009 	 1.0000 	 1.0393 	 0.7847
[2025/02/22 10:58:07] - 384 	 0.0010 	 29.40 	 0.0008 	 1.0000 	 1.0227 	 0.7856
[2025/02/22 10:58:36] - 385 	 0.0010 	 28.63 	 0.0008 	 1.0000 	 1.0079 	 0.7844
[2025/02/22 10:59:05] - 386 	 0.0010 	 29.49 	 0.0008 	 1.0000 	 1.0210 	 0.7861
[2025/02/22 10:59:34] - 387 	 0.0010 	 28.73 	 0.0008 	 1.0000 	 1.0267 	 0.7839
[2025/02/22 11:00:03] - 388 	 0.0010 	 29.07 	 0.0008 	 1.0000 	 1.0213 	 0.7857
[2025/02/22 11:10:25] - 389 	 0.0010 	 621.78 	 0.0008 	 1.0000 	 1.0070 	 0.7839
[2025/02/22 11:10:49] - 390 	 0.0010 	 24.40 	 0.0008 	 1.0000 	 1.0077 	 0.7848
[2025/02/22 11:11:14] - 391 	 0.0010 	 24.48 	 0.0008 	 1.0000 	 1.0168 	 0.7858
[2025/02/22 11:11:41] - 392 	 0.0010 	 26.87 	 0.0008 	 1.0000 	 1.0229 	 0.7844
[2025/02/22 11:12:10] - 393 	 0.0010 	 29.42 	 0.0008 	 1.0000 	 1.0174 	 0.7835
[2025/02/22 11:12:40] - 394 	 0.0010 	 29.52 	 0.0008 	 1.0000 	 1.0113 	 0.7831
[2025/02/22 11:13:09] - 395 	 0.0010 	 29.05 	 0.0009 	 1.0000 	 1.0230 	 0.7835
[2025/02/22 11:13:38] - 396 	 0.0010 	 28.84 	 0.0008 	 1.0000 	 1.0167 	 0.7855
[2025/02/22 11:14:06] - 397 	 0.0010 	 28.61 	 0.0008 	 1.0000 	 1.0241 	 0.7840
[2025/02/22 11:14:35] - 398 	 0.0010 	 29.00 	 0.0008 	 1.0000 	 1.0356 	 0.7842
[2025/02/22 11:24:21] - 399 	 0.0010 	 585.44 	 0.0008 	 1.0000 	 1.0389 	 0.7851
[2025/02/22 11:24:46] - 400 	 0.0010 	 25.70 	 0.0009 	 1.0000 	 1.0254 	 0.7828
[2025/02/22 11:25:12] - 401 	 0.0010 	 26.12 	 0.0009 	 1.0000 	 1.0110 	 0.7850
[2025/02/22 11:25:38] - 402 	 0.0010 	 25.58 	 0.0008 	 1.0000 	 1.0305 	 0.7847
[2025/02/22 11:26:03] - 403 	 0.0010 	 25.44 	 0.0008 	 1.0000 	 1.0331 	 0.7868
[2025/02/22 11:26:34] - 404 	 0.0010 	 30.93 	 0.0009 	 1.0000 	 1.0343 	 0.7844
[2025/02/22 11:27:06] - 405 	 0.0010 	 31.71 	 0.0009 	 1.0000 	 1.0176 	 0.7851
[2025/02/22 11:27:34] - 406 	 0.0010 	 27.76 	 0.0008 	 1.0000 	 1.0194 	 0.7850
[2025/02/22 11:28:02] - 407 	 0.0010 	 27.74 	 0.0009 	 1.0000 	 1.0247 	 0.7844
[2025/02/22 11:28:30] - 408 	 0.0010 	 28.01 	 0.0009 	 1.0000 	 1.0215 	 0.7856
[2025/02/22 11:37:47] - 409 	 0.0010 	 557.62 	 0.0008 	 1.0000 	 1.0450 	 0.7848
[2025/02/22 11:38:10] - 410 	 0.0010 	 22.74 	 0.0008 	 1.0000 	 1.0343 	 0.7848
[2025/02/22 11:38:32] - 411 	 0.0010 	 22.47 	 0.0008 	 1.0000 	 1.0040 	 0.7840
[2025/02/22 11:38:54] - 412 	 0.0010 	 21.83 	 0.0008 	 1.0000 	 1.0207 	 0.7836
[2025/02/22 11:39:15] - 413 	 0.0010 	 20.75 	 0.0008 	 1.0000 	 1.0314 	 0.7841
[2025/02/22 11:39:37] - 414 	 0.0010 	 21.96 	 0.0008 	 1.0000 	 1.0419 	 0.7834
[2025/02/22 11:40:04] - 415 	 0.0010 	 26.70 	 0.0009 	 1.0000 	 1.0056 	 0.7843
[2025/02/22 11:40:32] - 416 	 0.0010 	 27.96 	 0.0008 	 1.0000 	 1.0222 	 0.7839
[2025/02/22 11:40:59] - 417 	 0.0010 	 27.65 	 0.0009 	 1.0000 	 1.0307 	 0.7834
[2025/02/22 11:41:27] - 418 	 0.0010 	 28.11 	 0.0008 	 1.0000 	 1.0273 	 0.7847
[2025/02/22 11:51:36] - 419 	 0.0010 	 608.82 	 0.0009 	 1.0000 	 1.0396 	 0.7843
[2025/02/22 11:52:00] - 420 	 0.0010 	 24.07 	 0.0009 	 1.0000 	 1.0249 	 0.7833
[2025/02/22 11:52:23] - 421 	 0.0010 	 23.02 	 0.0010 	 1.0000 	 1.0247 	 0.7842
[2025/02/22 11:52:48] - 422 	 0.0010 	 24.38 	 0.0009 	 1.0000 	 1.0161 	 0.7859
[2025/02/22 11:53:11] - 423 	 0.0010 	 23.18 	 0.0009 	 1.0000 	 1.0347 	 0.7850
[2025/02/22 11:53:33] - 424 	 0.0010 	 21.97 	 0.0009 	 1.0000 	 1.0348 	 0.7850
[2025/02/22 11:53:59] - 425 	 0.0010 	 25.67 	 0.0008 	 1.0000 	 1.0253 	 0.7845
[2025/02/22 11:54:24] - 426 	 0.0010 	 25.77 	 0.0009 	 1.0000 	 1.0284 	 0.7855
[2025/02/22 11:54:53] - 427 	 0.0010 	 28.49 	 0.0009 	 1.0000 	 1.0391 	 0.7838
[2025/02/22 11:55:18] - 428 	 0.0010 	 25.40 	 0.0011 	 0.9999 	 0.9991 	 0.7839
[2025/02/22 12:03:58] - 429 	 0.0010 	 519.63 	 0.0009 	 1.0000 	 1.0251 	 0.7845
[2025/02/22 12:04:19] - 430 	 0.0010 	 21.57 	 0.0009 	 1.0000 	 1.0238 	 0.7841
[2025/02/22 12:04:39] - 431 	 0.0010 	 20.04 	 0.0009 	 1.0000 	 1.0347 	 0.7845
[2025/02/22 12:05:01] - 432 	 0.0010 	 21.59 	 0.0009 	 1.0000 	 1.0308 	 0.7849
[2025/02/22 12:05:24] - 433 	 0.0010 	 22.66 	 0.0009 	 1.0000 	 1.0078 	 0.7854
[2025/02/22 12:05:45] - 434 	 0.0010 	 21.01 	 0.0009 	 1.0000 	 1.0512 	 0.7840
[2025/02/22 12:06:05] - 435 	 0.0010 	 20.60 	 0.0008 	 1.0000 	 1.0365 	 0.7834
[2025/02/22 12:06:32] - 436 	 0.0010 	 26.92 	 0.0009 	 1.0000 	 1.0314 	 0.7845
[2025/02/22 12:06:57] - 437 	 0.0010 	 24.72 	 0.0009 	 1.0000 	 1.0300 	 0.7828
[2025/02/22 12:07:25] - 438 	 0.0010 	 27.63 	 0.0009 	 1.0000 	 1.0202 	 0.7844
[2025/02/22 12:17:28] - 439 	 0.0010 	 603.27 	 0.0009 	 1.0000 	 1.0113 	 0.7830
[2025/02/22 12:17:47] - 440 	 0.0010 	 19.26 	 0.0009 	 1.0000 	 1.0136 	 0.7849
[2025/02/22 12:18:07] - 441 	 0.0010 	 20.01 	 0.0009 	 1.0000 	 1.0180 	 0.7832
[2025/02/22 12:18:29] - 442 	 0.0010 	 21.83 	 0.0009 	 1.0000 	 1.0254 	 0.7852
[2025/02/22 12:18:49] - 443 	 0.0010 	 20.41 	 0.0009 	 1.0000 	 1.0240 	 0.7849
[2025/02/22 12:19:10] - 444 	 0.0010 	 20.23 	 0.0009 	 1.0000 	 1.0462 	 0.7828
[2025/02/22 12:19:34] - 445 	 0.0010 	 24.48 	 0.0010 	 1.0000 	 1.0302 	 0.7847
[2025/02/22 12:19:59] - 446 	 0.0010 	 24.65 	 0.0010 	 1.0000 	 1.0512 	 0.7835
[2025/02/22 12:20:24] - 447 	 0.0010 	 24.94 	 0.0009 	 1.0000 	 1.0299 	 0.7847
[2025/02/22 12:20:52] - 448 	 0.0010 	 28.58 	 0.0009 	 1.0000 	 1.0399 	 0.7840
[2025/02/22 12:29:32] - 449 	 0.0010 	 519.81 	 0.0009 	 1.0000 	 1.0427 	 0.7837
[2025/02/22 12:29:53] - 450 	 0.0010 	 20.79 	 0.0009 	 1.0000 	 1.0244 	 0.7842
[2025/02/22 12:30:15] - 451 	 0.0010 	 21.96 	 0.0009 	 1.0000 	 1.0468 	 0.7849
[2025/02/22 12:30:34] - 452 	 0.0010 	 19.64 	 0.0009 	 1.0000 	 1.0350 	 0.7833
[2025/02/22 12:30:56] - 453 	 0.0010 	 21.56 	 0.0009 	 1.0000 	 1.0781 	 0.7849
[2025/02/22 12:31:17] - 454 	 0.0010 	 20.89 	 0.0009 	 1.0000 	 1.0417 	 0.7843
[2025/02/22 12:31:40] - 455 	 0.0010 	 22.64 	 0.0009 	 1.0000 	 1.0369 	 0.7843
[2025/02/22 12:32:02] - 456 	 0.0010 	 22.49 	 0.0009 	 1.0000 	 1.0299 	 0.7850
[2025/02/22 12:32:34] - 457 	 0.0010 	 32.28 	 0.0009 	 1.0000 	 1.0610 	 0.7834
[2025/02/22 12:33:07] - 458 	 0.0010 	 33.09 	 0.0009 	 1.0000 	 1.0259 	 0.7839
[2025/02/22 12:43:04] - 459 	 0.0010 	 596.19 	 0.0009 	 1.0000 	 1.0081 	 0.7848
[2025/02/22 12:43:24] - 460 	 0.0010 	 20.29 	 0.0009 	 1.0000 	 1.0515 	 0.7852
[2025/02/22 12:43:44] - 461 	 0.0010 	 20.59 	 0.0009 	 1.0000 	 1.0321 	 0.7850
[2025/02/22 12:44:06] - 462 	 0.0010 	 21.15 	 0.0009 	 1.0000 	 1.0200 	 0.7852
[2025/02/22 12:44:26] - 463 	 0.0010 	 19.88 	 0.0009 	 1.0000 	 1.0417 	 0.7835
[2025/02/22 12:44:44] - 464 	 0.0010 	 18.51 	 0.0009 	 1.0000 	 1.0525 	 0.7830
[2025/02/22 12:45:07] - 465 	 0.0010 	 22.81 	 0.0009 	 1.0000 	 1.0356 	 0.7838
[2025/02/22 12:45:28] - 466 	 0.0010 	 21.56 	 0.0009 	 1.0000 	 1.0585 	 0.7831
[2025/02/22 12:45:56] - 467 	 0.0010 	 27.41 	 0.0009 	 1.0000 	 1.0400 	 0.7844
[2025/02/22 12:46:21] - 468 	 0.0010 	 25.44 	 0.0009 	 1.0000 	 1.0641 	 0.7839
[2025/02/22 12:55:44] - 469 	 0.0010 	 563.18 	 0.0009 	 1.0000 	 1.0151 	 0.7844
[2025/02/22 12:56:10] - 470 	 0.0010 	 25.11 	 0.0009 	 1.0000 	 1.0418 	 0.7835
[2025/02/22 12:56:34] - 471 	 0.0010 	 24.28 	 0.0009 	 1.0000 	 1.0208 	 0.7851
[2025/02/22 12:56:57] - 472 	 0.0010 	 22.77 	 0.0009 	 1.0000 	 1.0503 	 0.7840
[2025/02/22 12:57:19] - 473 	 0.0010 	 22.27 	 0.0009 	 1.0000 	 1.0400 	 0.7842
[2025/02/22 12:57:43] - 474 	 0.0010 	 24.31 	 0.0010 	 1.0000 	 1.0591 	 0.7836
[2025/02/22 12:58:05] - 475 	 0.0010 	 21.35 	 0.0009 	 1.0000 	 1.0194 	 0.7843
[2025/02/22 12:58:30] - 476 	 0.0010 	 25.18 	 0.0009 	 1.0000 	 1.0606 	 0.7841
[2025/02/22 12:59:04] - 477 	 0.0010 	 33.93 	 0.0009 	 1.0000 	 1.0437 	 0.7862
[2025/02/22 12:59:36] - 478 	 0.0010 	 32.80 	 0.0009 	 1.0000 	 1.0321 	 0.7860
[2025/02/22 13:08:44] - 479 	 0.0010 	 547.94 	 0.0009 	 1.0000 	 1.0380 	 0.7854
[2025/02/22 13:09:07] - 480 	 0.0010 	 22.26 	 0.0009 	 1.0000 	 1.0227 	 0.7854
[2025/02/22 13:09:27] - 481 	 0.0010 	 20.62 	 0.0009 	 1.0000 	 1.0367 	 0.7842
[2025/02/22 13:09:48] - 482 	 0.0010 	 20.25 	 0.0009 	 1.0000 	 1.0380 	 0.7850
[2025/02/22 13:10:07] - 483 	 0.0010 	 19.94 	 0.0009 	 1.0000 	 1.0341 	 0.7842
[2025/02/22 13:10:27] - 484 	 0.0010 	 19.38 	 0.0009 	 1.0000 	 1.0359 	 0.7855
[2025/02/22 13:10:48] - 485 	 0.0010 	 21.01 	 0.0009 	 1.0000 	 1.0313 	 0.7857
[2025/02/22 13:11:08] - 486 	 0.0010 	 20.62 	 0.0009 	 1.0000 	 1.0231 	 0.7852
[2025/02/22 13:11:28] - 487 	 0.0010 	 19.48 	 0.0009 	 1.0000 	 1.0520 	 0.7846
[2025/02/22 13:11:55] - 488 	 0.0010 	 27.02 	 0.0009 	 1.0000 	 1.0495 	 0.7838
[2025/02/22 13:22:13] - 489 	 0.0010 	 617.70 	 0.0009 	 1.0000 	 1.0499 	 0.7841
[2025/02/22 13:22:36] - 490 	 0.0010 	 23.34 	 0.0009 	 1.0000 	 1.0936 	 0.7850
[2025/02/22 13:23:02] - 491 	 0.0010 	 26.24 	 0.0009 	 1.0000 	 1.0559 	 0.7847
[2025/02/22 13:23:28] - 492 	 0.0010 	 25.36 	 0.0009 	 1.0000 	 1.0243 	 0.7854
[2025/02/22 13:23:51] - 493 	 0.0010 	 23.06 	 0.0009 	 1.0000 	 1.0196 	 0.7841
[2025/02/22 13:24:14] - 494 	 0.0010 	 23.80 	 0.0009 	 1.0000 	 1.0444 	 0.7845
[2025/02/22 13:24:36] - 495 	 0.0010 	 21.66 	 0.0011 	 1.0000 	 1.0426 	 0.7835
[2025/02/22 13:24:56] - 496 	 0.0010 	 19.64 	 0.0014 	 1.0000 	 1.0241 	 0.7834
[2025/02/22 13:25:21] - 497 	 0.0010 	 24.80 	 0.0011 	 1.0000 	 1.0131 	 0.7838
[2025/02/22 13:25:46] - 498 	 0.0010 	 25.14 	 0.0010 	 1.0000 	 1.0252 	 0.7848
[2025/02/22 13:34:24] - 499 	 0.0010 	 518.77 	 0.0010 	 1.0000 	 1.0441 	 0.7831
[2025/02/22 13:34:31] - Number of unforgettable examples: 10133
[2025/02/22 17:28:21] - Epoch 	 lr 	 Time 	 TrainLoss 	 TrainACC 	 TestLoss 	 TestACC
[2025/02/22 17:28:43] - 0 	 0.1000 	 22.10 	 2.9213 	 0.1834 	 2.0090 	 0.2304
[2025/02/22 17:29:04] - 1 	 0.1000 	 20.85 	 1.8730 	 0.3324 	 1.7072 	 0.3512
[2025/02/22 17:29:24] - 2 	 0.1000 	 20.10 	 1.5200 	 0.4446 	 2.4579 	 0.4345
[2025/02/22 17:29:45] - 3 	 0.1000 	 21.59 	 1.3245 	 0.5242 	 1.3011 	 0.5283
[2025/02/22 17:30:07] - 4 	 0.1000 	 21.70 	 1.1576 	 0.5875 	 1.5114 	 0.4851
[2025/02/22 17:30:28] - 5 	 0.1000 	 21.14 	 1.0322 	 0.6332 	 1.1742 	 0.5859
[2025/02/22 17:30:49] - 6 	 0.1000 	 20.92 	 0.9429 	 0.6667 	 1.0754 	 0.6216
[2025/02/22 17:31:08] - 7 	 0.1000 	 19.26 	 0.8515 	 0.7016 	 1.7021 	 0.4880
[2025/02/22 17:32:47] - Epoch 	 lr 	 Time 	 TrainLoss 	 TrainACC 	 TestLoss 	 TestACC
[2025/02/22 17:33:04] - 0 	 0.1000 	 16.92 	 1.7945 	 0.3581 	 3.0050 	 0.2580
[2025/02/22 17:33:23] - 1 	 0.1000 	 19.72 	 1.1872 	 0.5699 	 1.7608 	 0.4229
[2025/02/22 17:33:43] - 2 	 0.1000 	 19.74 	 0.8928 	 0.6825 	 1.5345 	 0.5222
[2025/02/22 17:34:03] - 3 	 0.1000 	 20.05 	 0.7112 	 0.7510 	 1.0992 	 0.6212
[2025/02/22 17:34:23] - 4 	 0.1000 	 20.30 	 0.5692 	 0.8007 	 1.1750 	 0.6301
[2025/02/22 17:34:44] - 5 	 0.1000 	 20.45 	 0.4556 	 0.8409 	 0.7208 	 0.7567
[2025/02/22 17:35:10] - 6 	 0.1000 	 25.92 	 0.3600 	 0.8733 	 0.6998 	 0.7649
[2025/02/22 17:35:36] - 7 	 0.1000 	 26.05 	 0.2923 	 0.8978 	 1.2293 	 0.6585
[2025/02/22 17:36:01] - 8 	 0.1000 	 24.98 	 0.2425 	 0.9143 	 0.7245 	 0.7742
[2025/02/22 17:44:26] - 9 	 0.1000 	 505.66 	 0.1925 	 0.9334 	 1.0444 	 0.7108
[2025/02/22 17:44:56] - 10 	 0.1000 	 29.49 	 0.1626 	 0.9430 	 0.6729 	 0.7954
[2025/02/22 17:45:25] - 11 	 0.1000 	 28.90 	 0.1448 	 0.9505 	 1.0600 	 0.7131
[2025/02/22 17:45:53] - 12 	 0.1000 	 27.89 	 0.1251 	 0.9567 	 0.9699 	 0.7495
[2025/02/22 17:46:21] - 13 	 0.1000 	 27.85 	 0.1135 	 0.9607 	 0.8244 	 0.7682
[2025/02/22 17:46:46] - 14 	 0.1000 	 25.67 	 0.1141 	 0.9617 	 0.9364 	 0.7632
[2025/02/22 17:47:13] - 15 	 0.1000 	 26.82 	 0.1062 	 0.9631 	 0.7888 	 0.7834
[2025/02/22 17:47:40] - 16 	 0.1000 	 26.48 	 0.1075 	 0.9629 	 0.8375 	 0.7709
[2025/02/22 17:48:06] - 17 	 0.1000 	 26.15 	 0.0948 	 0.9684 	 1.0009 	 0.7494
[2025/02/22 17:48:31] - 18 	 0.1000 	 25.22 	 0.0952 	 0.9676 	 1.0768 	 0.7291
[2025/02/22 17:57:48] - 19 	 0.1000 	 557.16 	 0.1035 	 0.9659 	 0.8102 	 0.7837
[2025/02/22 17:58:18] - 20 	 0.1000 	 30.15 	 0.0882 	 0.9707 	 0.9786 	 0.7646
[2025/02/22 17:58:48] - 21 	 0.1000 	 29.66 	 0.0923 	 0.9684 	 0.9236 	 0.7532
[2025/02/22 17:59:16] - 22 	 0.1000 	 28.48 	 0.1035 	 0.9639 	 0.8310 	 0.7708
[2025/02/22 17:59:45] - 23 	 0.1000 	 29.06 	 0.0941 	 0.9676 	 0.8837 	 0.7774
[2025/02/22 18:00:11] - 24 	 0.1000 	 25.62 	 0.0757 	 0.9749 	 0.8422 	 0.7854
[2025/02/22 18:00:37] - 25 	 0.1000 	 25.91 	 0.0849 	 0.9715 	 0.8143 	 0.7865
[2025/02/22 18:01:02] - 26 	 0.1000 	 25.33 	 0.0866 	 0.9709 	 1.1967 	 0.7225
[2025/02/22 18:01:28] - 27 	 0.1000 	 25.41 	 0.0926 	 0.9687 	 1.0443 	 0.7435
[2025/02/22 18:01:56] - 28 	 0.1000 	 28.29 	 0.0863 	 0.9716 	 0.7779 	 0.7874
[2025/02/22 18:10:31] - 29 	 0.1000 	 515.02 	 0.0801 	 0.9737 	 0.8607 	 0.7736
[2025/02/22 18:10:58] - 30 	 0.1000 	 27.26 	 0.0907 	 0.9695 	 1.0627 	 0.7277
[2025/02/22 18:11:27] - 31 	 0.1000 	 28.38 	 0.0889 	 0.9702 	 0.8225 	 0.7752
[2025/02/22 18:11:57] - 32 	 0.1000 	 30.11 	 0.0817 	 0.9728 	 1.0941 	 0.7385
[2025/02/22 18:12:31] - 33 	 0.1000 	 34.10 	 0.0881 	 0.9706 	 0.9444 	 0.7616
[2025/02/22 18:13:04] - 34 	 0.1000 	 33.40 	 0.0772 	 0.9741 	 0.7149 	 0.8005
[2025/02/22 18:13:38] - 35 	 0.1000 	 33.39 	 0.0777 	 0.9748 	 1.0237 	 0.7435
[2025/02/22 18:14:11] - 36 	 0.1000 	 33.36 	 0.0814 	 0.9730 	 1.0553 	 0.7498
[2025/02/22 18:14:45] - 37 	 0.1000 	 34.45 	 0.0803 	 0.9737 	 1.2263 	 0.7109
[2025/02/22 18:15:20] - 38 	 0.1000 	 34.35 	 0.0786 	 0.9740 	 1.0211 	 0.7490
[2025/02/22 18:24:38] - 39 	 0.1000 	 558.44 	 0.0828 	 0.9716 	 0.7784 	 0.7925
[2025/02/22 18:25:08] - 40 	 0.1000 	 29.58 	 0.0788 	 0.9736 	 1.0133 	 0.7489
[2025/02/22 18:25:35] - 41 	 0.1000 	 26.96 	 0.0753 	 0.9752 	 0.7706 	 0.8070
[2025/02/22 18:26:05] - 42 	 0.1000 	 30.03 	 0.0658 	 0.9782 	 1.0505 	 0.7538
[2025/02/22 18:26:34] - 43 	 0.1000 	 29.08 	 0.0844 	 0.9724 	 1.0085 	 0.7473
[2025/02/22 18:27:03] - 44 	 0.1000 	 29.36 	 0.0858 	 0.9714 	 0.9066 	 0.7553
[2025/02/22 18:27:33] - 45 	 0.1000 	 29.31 	 0.0831 	 0.9717 	 0.8512 	 0.7640
[2025/02/22 18:28:02] - 46 	 0.1000 	 29.00 	 0.0773 	 0.9743 	 0.8226 	 0.7792
[2025/02/22 18:28:32] - 47 	 0.1000 	 30.01 	 0.0732 	 0.9761 	 1.0395 	 0.7483
[2025/02/22 18:28:57] - 48 	 0.1000 	 25.22 	 0.0759 	 0.9746 	 0.7188 	 0.7953
[2025/02/22 18:38:08] - 49 	 0.1000 	 551.40 	 0.0786 	 0.9739 	 0.8707 	 0.7717
[2025/02/22 18:38:43] - 50 	 0.1000 	 34.58 	 0.0773 	 0.9742 	 0.8533 	 0.7757
[2025/02/22 18:39:18] - 51 	 0.1000 	 35.05 	 0.0695 	 0.9768 	 0.8686 	 0.7840
[2025/02/22 18:39:53] - 52 	 0.1000 	 35.66 	 0.0734 	 0.9758 	 0.8910 	 0.7831
[2025/02/22 18:40:28] - 53 	 0.1000 	 34.56 	 0.0814 	 0.9726 	 1.4256 	 0.6927
[2025/02/22 18:41:03] - 54 	 0.1000 	 35.37 	 0.0862 	 0.9707 	 0.8361 	 0.7807
[2025/02/22 18:41:39] - 55 	 0.1000 	 35.36 	 0.0629 	 0.9793 	 0.6956 	 0.8090
[2025/02/22 18:42:13] - 56 	 0.1000 	 34.43 	 0.0724 	 0.9759 	 0.8015 	 0.7839
[2025/02/22 18:42:47] - 57 	 0.1000 	 34.19 	 0.0788 	 0.9736 	 1.0133 	 0.7486
[2025/02/22 18:43:18] - 58 	 0.1000 	 30.68 	 0.0650 	 0.9788 	 0.8186 	 0.7765
[2025/02/22 18:52:18] - 59 	 0.1000 	 539.50 	 0.0700 	 0.9774 	 0.8947 	 0.7779
[2025/02/22 18:52:45] - 60 	 0.0010 	 27.35 	 0.0185 	 0.9951 	 0.4701 	 0.8666
[2025/02/22 18:53:13] - 61 	 0.0100 	 27.79 	 0.0037 	 0.9999 	 0.4862 	 0.8721
[2025/02/22 18:53:42] - 62 	 0.0100 	 28.98 	 0.0027 	 1.0000 	 0.4692 	 0.8735
[2025/02/22 18:54:09] - 63 	 0.0100 	 27.12 	 0.0023 	 1.0000 	 0.4556 	 0.8728
[2025/02/22 18:54:36] - 64 	 0.0100 	 26.94 	 0.0021 	 1.0000 	 0.4607 	 0.8730
[2025/02/22 18:55:03] - 65 	 0.0100 	 27.37 	 0.0019 	 1.0000 	 0.4536 	 0.8738
[2025/02/22 18:55:29] - 66 	 0.0100 	 26.34 	 0.0018 	 1.0000 	 0.4537 	 0.8739
[2025/02/22 18:55:59] - 67 	 0.0100 	 29.19 	 0.0018 	 1.0000 	 0.4487 	 0.8752
[2025/02/22 18:56:26] - 68 	 0.0100 	 27.35 	 0.0018 	 1.0000 	 0.4624 	 0.8753
[2025/02/22 19:06:40] - 69 	 0.0100 	 613.75 	 0.0017 	 1.0000 	 0.4530 	 0.8761
[2025/02/22 19:07:07] - 70 	 0.0100 	 27.22 	 0.0017 	 1.0000 	 0.4286 	 0.8758
[2025/02/22 19:07:37] - 71 	 0.0100 	 29.56 	 0.0017 	 1.0000 	 0.4394 	 0.8755
[2025/02/22 19:08:05] - 72 	 0.0100 	 28.39 	 0.0017 	 1.0000 	 0.4407 	 0.8768
[2025/02/22 19:08:32] - 73 	 0.0100 	 27.09 	 0.0017 	 1.0000 	 0.4225 	 0.8762
[2025/02/22 19:09:02] - 74 	 0.0100 	 29.59 	 0.0016 	 1.0000 	 0.4251 	 0.8768
[2025/02/22 19:09:31] - 75 	 0.0100 	 29.17 	 0.0017 	 1.0000 	 0.4393 	 0.8757
[2025/02/22 19:10:01] - 76 	 0.0100 	 29.98 	 0.0017 	 1.0000 	 0.4237 	 0.8748
[2025/02/22 19:10:28] - 77 	 0.0100 	 26.97 	 0.0017 	 1.0000 	 0.4125 	 0.8772
[2025/02/22 19:10:54] - 78 	 0.0100 	 26.38 	 0.0017 	 1.0000 	 0.4142 	 0.8765
[2025/02/22 19:19:52] - 79 	 0.0100 	 537.77 	 0.0018 	 1.0000 	 0.4335 	 0.8766
[2025/02/22 19:20:21] - 80 	 0.0100 	 29.60 	 0.0018 	 1.0000 	 0.4266 	 0.8781
[2025/02/22 19:20:53] - 81 	 0.0100 	 31.62 	 0.0018 	 1.0000 	 0.4232 	 0.8782
[2025/02/22 19:21:27] - 82 	 0.0100 	 33.73 	 0.0017 	 1.0000 	 0.4087 	 0.8777
[2025/02/22 19:22:01] - 83 	 0.0100 	 33.89 	 0.0018 	 1.0000 	 0.4126 	 0.8774
[2025/02/22 19:22:34] - 84 	 0.0100 	 33.71 	 0.0018 	 1.0000 	 0.4226 	 0.8768
[2025/02/22 19:23:09] - 85 	 0.0100 	 34.33 	 0.0018 	 1.0000 	 0.4066 	 0.8804
[2025/02/22 19:23:43] - 86 	 0.0100 	 34.43 	 0.0018 	 1.0000 	 0.4093 	 0.8778
[2025/02/22 19:24:18] - 87 	 0.0100 	 34.58 	 0.0018 	 1.0000 	 0.4034 	 0.8775
[2025/02/22 19:24:53] - 88 	 0.0100 	 34.83 	 0.0019 	 1.0000 	 0.3997 	 0.8782
[2025/02/22 19:34:39] - 89 	 0.0100 	 586.55 	 0.0019 	 1.0000 	 0.4041 	 0.8791
[2025/02/22 19:35:06] - 90 	 0.0001 	 26.36 	 0.0018 	 1.0000 	 0.3976 	 0.8787
[2025/02/22 19:35:35] - 91 	 0.0010 	 29.67 	 0.0018 	 1.0000 	 0.3955 	 0.8784
[2025/02/22 19:36:04] - 92 	 0.0010 	 29.14 	 0.0018 	 1.0000 	 0.3919 	 0.8785
[2025/02/22 19:36:31] - 93 	 0.0010 	 26.90 	 0.0018 	 1.0000 	 0.4065 	 0.8789
[2025/02/22 19:37:01] - 94 	 0.0010 	 29.89 	 0.0019 	 1.0000 	 0.3973 	 0.8785
[2025/02/22 19:37:28] - 95 	 0.0010 	 26.49 	 0.0018 	 1.0000 	 0.3966 	 0.8786
[2025/02/22 19:37:55] - 96 	 0.0010 	 27.48 	 0.0018 	 1.0000 	 0.4058 	 0.8796
[2025/02/22 19:38:25] - 97 	 0.0010 	 29.75 	 0.0018 	 1.0000 	 0.4110 	 0.8795
[2025/02/22 19:38:52] - 98 	 0.0010 	 27.26 	 0.0019 	 1.0000 	 0.3971 	 0.8799
[2025/02/22 19:48:50] - 99 	 0.0010 	 598.03 	 0.0018 	 1.0000 	 0.4041 	 0.8780
[2025/02/22 19:49:25] - 100 	 0.0010 	 34.55 	 0.0018 	 1.0000 	 0.3938 	 0.8792
[2025/02/22 19:50:00] - 101 	 0.0010 	 35.74 	 0.0018 	 1.0000 	 0.3932 	 0.8797
[2025/02/22 19:50:37] - 102 	 0.0010 	 36.26 	 0.0018 	 1.0000 	 0.4048 	 0.8786
[2025/02/22 19:51:10] - 103 	 0.0010 	 33.56 	 0.0019 	 1.0000 	 0.4034 	 0.8781
[2025/02/22 19:51:41] - 104 	 0.0010 	 31.24 	 0.0019 	 1.0000 	 0.4147 	 0.8796
[2025/02/22 19:52:10] - 105 	 0.0010 	 28.45 	 0.0018 	 1.0000 	 0.4016 	 0.8790
[2025/02/22 19:52:38] - 106 	 0.0010 	 27.62 	 0.0019 	 1.0000 	 0.3996 	 0.8792
[2025/02/22 19:53:05] - 107 	 0.0010 	 27.95 	 0.0018 	 1.0000 	 0.4053 	 0.8802
[2025/02/22 19:53:33] - 108 	 0.0010 	 27.48 	 0.0018 	 1.0000 	 0.4009 	 0.8800
[2025/02/22 20:02:41] - 109 	 0.0010 	 548.33 	 0.0018 	 1.0000 	 0.4010 	 0.8787
[2025/02/22 20:03:08] - 110 	 0.0010 	 26.31 	 0.0019 	 1.0000 	 0.3895 	 0.8790
[2025/02/22 20:03:36] - 111 	 0.0010 	 28.31 	 0.0019 	 1.0000 	 0.4056 	 0.8793
[2025/02/22 20:04:05] - 112 	 0.0010 	 28.82 	 0.0018 	 1.0000 	 0.4137 	 0.8794
[2025/02/22 20:04:32] - 113 	 0.0010 	 27.03 	 0.0019 	 1.0000 	 0.4068 	 0.8790
[2025/02/22 20:05:01] - 114 	 0.0010 	 29.41 	 0.0019 	 1.0000 	 0.4180 	 0.8782
[2025/02/22 20:05:28] - 115 	 0.0010 	 27.22 	 0.0019 	 1.0000 	 0.4013 	 0.8787
[2025/02/22 20:05:58] - 116 	 0.0010 	 29.60 	 0.0019 	 1.0000 	 0.3945 	 0.8790
[2025/02/22 20:06:29] - 117 	 0.0010 	 31.08 	 0.0019 	 1.0000 	 0.3933 	 0.8797
[2025/02/22 20:07:03] - 118 	 0.0010 	 34.27 	 0.0019 	 1.0000 	 0.4033 	 0.8809
[2025/02/22 20:17:19] - 119 	 0.0010 	 615.20 	 0.0019 	 1.0000 	 0.4009 	 0.8789
[2025/02/22 20:17:47] - 120 	 0.0010 	 28.64 	 0.0019 	 1.0000 	 0.4062 	 0.8782
[2025/02/22 20:18:17] - 121 	 0.0010 	 29.50 	 0.0018 	 1.0000 	 0.3940 	 0.8784
[2025/02/22 20:18:45] - 122 	 0.0010 	 27.98 	 0.0019 	 1.0000 	 0.4022 	 0.8795
[2025/02/22 20:19:14] - 123 	 0.0010 	 29.06 	 0.0019 	 1.0000 	 0.3935 	 0.8797
[2025/02/22 20:19:44] - 124 	 0.0010 	 29.77 	 0.0018 	 1.0000 	 0.3911 	 0.8802
[2025/02/22 20:20:12] - 125 	 0.0010 	 28.39 	 0.0018 	 1.0000 	 0.3893 	 0.8794
[2025/02/22 20:20:41] - 126 	 0.0010 	 29.58 	 0.0018 	 1.0000 	 0.3996 	 0.8784
[2025/02/22 20:21:10] - 127 	 0.0010 	 28.02 	 0.0018 	 1.0000 	 0.3998 	 0.8795
[2025/02/22 20:21:39] - 128 	 0.0010 	 29.94 	 0.0019 	 1.0000 	 0.3947 	 0.8791
[2025/02/22 20:31:05] - 129 	 0.0010 	 565.50 	 0.0018 	 1.0000 	 0.4015 	 0.8786
[2025/02/22 20:31:40] - 130 	 0.0010 	 34.64 	 0.0019 	 1.0000 	 0.3925 	 0.8805
[2025/02/22 20:32:13] - 131 	 0.0010 	 33.22 	 0.0019 	 1.0000 	 0.3883 	 0.8794
[2025/02/22 20:32:49] - 132 	 0.0010 	 35.83 	 0.0019 	 1.0000 	 0.3973 	 0.8794
[2025/02/22 20:33:23] - 133 	 0.0010 	 34.37 	 0.0019 	 1.0000 	 0.4059 	 0.8793
[2025/02/22 20:34:30] - 134 	 0.0010 	 66.90 	 0.0019 	 1.0000 	 0.4015 	 0.8792
[2025/02/22 20:36:01] - 135 	 0.0010 	 90.74 	 0.0019 	 1.0000 	 0.4064 	 0.8791
[2025/02/22 20:37:31] - 136 	 0.0010 	 90.23 	 0.0019 	 1.0000 	 0.4001 	 0.8792
[2025/02/22 20:39:01] - 137 	 0.0010 	 90.13 	 0.0018 	 1.0000 	 0.4044 	 0.8794
[2025/02/22 20:40:27] - 138 	 0.0010 	 86.30 	 0.0019 	 1.0000 	 0.4004 	 0.8795
[2025/02/22 20:55:26] - 139 	 0.0010 	 898.75 	 0.0018 	 1.0000 	 0.3860 	 0.8794
[2025/02/22 20:57:00] - 140 	 0.0010 	 93.86 	 0.0019 	 1.0000 	 0.3984 	 0.8799
[2025/02/22 20:58:23] - 141 	 0.0010 	 83.02 	 0.0019 	 1.0000 	 0.3891 	 0.8782
[2025/02/22 20:59:46] - 142 	 0.0010 	 83.35 	 0.0019 	 1.0000 	 0.4059 	 0.8808
[2025/02/22 21:01:20] - 143 	 0.0010 	 93.96 	 0.0019 	 1.0000 	 0.3892 	 0.8802
[2025/02/22 21:02:43] - 144 	 0.0010 	 82.46 	 0.0019 	 1.0000 	 0.3948 	 0.8814
[2025/02/22 21:04:05] - 145 	 0.0010 	 82.09 	 0.0019 	 1.0000 	 0.3913 	 0.8797
[2025/02/22 21:05:27] - 146 	 0.0010 	 82.48 	 0.0019 	 1.0000 	 0.4072 	 0.8795
[2025/02/22 21:06:50] - 147 	 0.0010 	 83.03 	 0.0019 	 1.0000 	 0.3905 	 0.8788
[2025/02/22 21:08:23] - 148 	 0.0010 	 93.12 	 0.0019 	 1.0000 	 0.4022 	 0.8789
[2025/02/22 21:22:41] - 149 	 0.0010 	 857.66 	 0.0019 	 1.0000 	 0.4044 	 0.8794
[2025/02/22 21:24:04] - 150 	 0.0010 	 83.05 	 0.0019 	 1.0000 	 0.3931 	 0.8790
[2025/02/22 21:25:36] - 151 	 0.0010 	 91.71 	 0.0019 	 1.0000 	 0.3940 	 0.8801
[2025/02/22 21:26:59] - 152 	 0.0010 	 82.87 	 0.0019 	 1.0000 	 0.4006 	 0.8800
[2025/02/22 21:28:22] - 153 	 0.0010 	 83.59 	 0.0019 	 1.0000 	 0.3974 	 0.8800
[2025/02/22 21:29:56] - 154 	 0.0010 	 94.03 	 0.0019 	 1.0000 	 0.3893 	 0.8789
[2025/02/22 21:31:19] - 155 	 0.0010 	 82.49 	 0.0019 	 1.0000 	 0.3863 	 0.8801
[2025/02/22 21:32:41] - 156 	 0.0010 	 82.18 	 0.0019 	 1.0000 	 0.3930 	 0.8799
[2025/02/22 21:34:03] - 157 	 0.0010 	 82.10 	 0.0019 	 1.0000 	 0.3862 	 0.8803
[2025/02/22 21:35:38] - 158 	 0.0010 	 94.47 	 0.0019 	 1.0000 	 0.3911 	 0.8806
[2025/02/22 21:50:45] - 159 	 0.0010 	 907.63 	 0.0019 	 1.0000 	 0.4012 	 0.8798
[2025/02/22 21:52:17] - 160 	 0.0010 	 92.06 	 0.0019 	 1.0000 	 0.3945 	 0.8802
[2025/02/22 21:53:47] - 161 	 0.0010 	 90.19 	 0.0019 	 1.0000 	 0.3932 	 0.8809
[2025/02/22 21:55:17] - 162 	 0.0010 	 89.93 	 0.0019 	 1.0000 	 0.3916 	 0.8803
[2025/02/22 21:56:47] - 163 	 0.0010 	 90.02 	 0.0019 	 1.0000 	 0.4115 	 0.8810
[2025/02/22 21:58:17] - 164 	 0.0010 	 89.73 	 0.0019 	 1.0000 	 0.3911 	 0.8786
[2025/02/22 21:59:48] - 165 	 0.0010 	 90.64 	 0.0019 	 1.0000 	 0.3961 	 0.8797
[2025/02/22 22:01:19] - 166 	 0.0010 	 90.97 	 0.0019 	 1.0000 	 0.3920 	 0.8800
[2025/02/22 22:02:50] - 167 	 0.0010 	 90.89 	 0.0019 	 1.0000 	 0.3968 	 0.8797
[2025/02/22 22:04:28] - 168 	 0.0010 	 97.98 	 0.0019 	 1.0000 	 0.3956 	 0.8804
[2025/02/22 22:19:31] - 169 	 0.0010 	 903.09 	 0.0019 	 1.0000 	 0.4083 	 0.8802
[2025/02/22 22:20:55] - 170 	 0.0010 	 83.85 	 0.0019 	 1.0000 	 0.4096 	 0.8807
[2025/02/22 22:22:29] - 171 	 0.0010 	 94.87 	 0.0019 	 1.0000 	 0.3963 	 0.8790
[2025/02/22 22:23:52] - 172 	 0.0010 	 82.76 	 0.0019 	 1.0000 	 0.3862 	 0.8805
[2025/02/22 22:25:15] - 173 	 0.0010 	 82.87 	 0.0019 	 1.0000 	 0.3951 	 0.8803
[2025/02/22 22:26:38] - 174 	 0.0010 	 82.97 	 0.0019 	 1.0000 	 0.3917 	 0.8806
[2025/02/22 22:28:12] - 175 	 0.0010 	 93.55 	 0.0019 	 1.0000 	 0.3935 	 0.8801
[2025/02/22 22:29:34] - 176 	 0.0010 	 82.48 	 0.0019 	 1.0000 	 0.3870 	 0.8811
[2025/02/22 22:30:57] - 177 	 0.0010 	 82.95 	 0.0019 	 1.0000 	 0.3841 	 0.8801
[2025/02/22 22:32:29] - 178 	 0.0010 	 92.07 	 0.0019 	 1.0000 	 0.3858 	 0.8803
[2025/02/22 22:46:25] - 179 	 0.0010 	 835.44 	 0.0019 	 1.0000 	 0.4050 	 0.8799
[2025/02/22 22:47:47] - 180 	 0.0010 	 82.85 	 0.0019 	 1.0000 	 0.3869 	 0.8802
[2025/02/22 22:49:08] - 181 	 0.0010 	 80.61 	 0.0019 	 1.0000 	 0.4056 	 0.8808
[2025/02/22 22:50:30] - 182 	 0.0010 	 82.41 	 0.0019 	 1.0000 	 0.3881 	 0.8810
[2025/02/22 22:51:53] - 183 	 0.0010 	 82.72 	 0.0019 	 1.0000 	 0.3887 	 0.8803
[2025/02/22 22:53:17] - 184 	 0.0010 	 83.45 	 0.0019 	 1.0000 	 0.3888 	 0.8804
[2025/02/22 22:54:45] - 185 	 0.0010 	 88.57 	 0.0019 	 1.0000 	 0.4014 	 0.8801
[2025/02/22 22:56:10] - 186 	 0.0010 	 85.38 	 0.0019 	 1.0000 	 0.3953 	 0.8804
[2025/02/22 22:57:37] - 187 	 0.0010 	 86.39 	 0.0019 	 1.0000 	 0.3978 	 0.8802
[2025/02/22 22:59:00] - 188 	 0.0010 	 82.73 	 0.0019 	 1.0000 	 0.3872 	 0.8803
[2025/02/22 23:13:24] - 189 	 0.0010 	 864.80 	 0.0019 	 1.0000 	 0.4099 	 0.8794
[2025/02/22 23:14:45] - 190 	 0.0010 	 80.16 	 0.0019 	 1.0000 	 0.3874 	 0.8802
[2025/02/22 23:16:14] - 191 	 0.0010 	 89.05 	 0.0019 	 1.0000 	 0.3894 	 0.8803
[2025/02/22 23:17:45] - 192 	 0.0010 	 91.23 	 0.0019 	 1.0000 	 0.3890 	 0.8805
[2025/02/22 23:19:18] - 193 	 0.0010 	 93.02 	 0.0019 	 1.0000 	 0.3943 	 0.8810
[2025/02/22 23:20:52] - 194 	 0.0010 	 94.10 	 0.0019 	 1.0000 	 0.4105 	 0.8817
[2025/02/22 23:22:23] - 195 	 0.0010 	 91.48 	 0.0019 	 1.0000 	 0.4089 	 0.8811
[2025/02/22 23:23:55] - 196 	 0.0010 	 91.33 	 0.0019 	 1.0000 	 0.3907 	 0.8796
[2025/02/22 23:25:27] - 197 	 0.0010 	 91.78 	 0.0019 	 1.0000 	 0.3875 	 0.8804
[2025/02/22 23:26:55] - 198 	 0.0010 	 88.80 	 0.0019 	 1.0000 	 0.3974 	 0.8806
[2025/02/22 23:41:25] - 199 	 0.0010 	 870.07 	 0.0019 	 1.0000 	 0.3943 	 0.8799
[2025/02/22 23:42:48] - 200 	 0.0010 	 82.18 	 0.0019 	 1.0000 	 0.3870 	 0.8811
[2025/02/22 23:44:12] - 201 	 0.0010 	 84.65 	 0.0019 	 1.0000 	 0.3898 	 0.8811
[2025/02/22 23:45:35] - 202 	 0.0010 	 82.38 	 0.0019 	 1.0000 	 0.3854 	 0.8811
[2025/02/22 23:46:57] - 203 	 0.0010 	 82.55 	 0.0019 	 1.0000 	 0.3933 	 0.8805
[2025/02/22 23:48:23] - 204 	 0.0010 	 85.99 	 0.0019 	 1.0000 	 0.4004 	 0.8808
[2025/02/22 23:49:47] - 205 	 0.0010 	 83.70 	 0.0019 	 1.0000 	 0.3914 	 0.8803
[2025/02/22 23:51:10] - 206 	 0.0010 	 83.15 	 0.0019 	 1.0000 	 0.3883 	 0.8801
[2025/02/22 23:52:33] - 207 	 0.0010 	 83.03 	 0.0019 	 1.0000 	 0.4004 	 0.8803
[2025/02/22 23:53:56] - 208 	 0.0010 	 83.15 	 0.0019 	 1.0000 	 0.3858 	 0.8815
[2025/02/23 00:08:08] - 209 	 0.0010 	 852.10 	 0.0019 	 1.0000 	 0.3839 	 0.8806
[2025/02/23 00:09:29] - 210 	 0.0010 	 80.78 	 0.0019 	 1.0000 	 0.3887 	 0.8796
[2025/02/23 00:10:55] - 211 	 0.0010 	 86.18 	 0.0019 	 1.0000 	 0.3910 	 0.8805
[2025/02/23 00:12:18] - 212 	 0.0010 	 82.97 	 0.0019 	 1.0000 	 0.3810 	 0.8814
[2025/02/23 00:13:45] - 213 	 0.0010 	 87.14 	 0.0019 	 1.0000 	 0.3887 	 0.8806
[2025/02/23 00:15:10] - 214 	 0.0010 	 84.20 	 0.0019 	 1.0000 	 0.3993 	 0.8810
[2025/02/23 00:16:32] - 215 	 0.0010 	 82.54 	 0.0019 	 1.0000 	 0.3949 	 0.8809
[2025/02/23 00:17:55] - 216 	 0.0010 	 83.28 	 0.0019 	 1.0000 	 0.3896 	 0.8809
[2025/02/23 00:19:20] - 217 	 0.0010 	 84.31 	 0.0019 	 1.0000 	 0.3861 	 0.8808
[2025/02/23 00:20:45] - 218 	 0.0010 	 84.92 	 0.0019 	 1.0000 	 0.3938 	 0.8802
[2025/02/23 00:34:59] - 219 	 0.0010 	 854.50 	 0.0019 	 1.0000 	 0.3831 	 0.8812
[2025/02/23 00:36:25] - 220 	 0.0010 	 85.84 	 0.0019 	 1.0000 	 0.3948 	 0.8802
[2025/02/23 00:37:53] - 221 	 0.0010 	 87.88 	 0.0019 	 1.0000 	 0.3829 	 0.8806
[2025/02/23 00:39:23] - 222 	 0.0010 	 90.52 	 0.0019 	 1.0000 	 0.3832 	 0.8808
[2025/02/23 00:40:54] - 223 	 0.0010 	 90.89 	 0.0019 	 1.0000 	 0.3857 	 0.8819
[2025/02/23 00:42:25] - 224 	 0.0010 	 90.41 	 0.0019 	 1.0000 	 0.3920 	 0.8812
[2025/02/23 00:43:56] - 225 	 0.0010 	 91.00 	 0.0019 	 1.0000 	 0.3928 	 0.8821
[2025/02/23 00:45:26] - 226 	 0.0010 	 90.81 	 0.0019 	 1.0000 	 0.3894 	 0.8804
[2025/02/23 00:46:54] - 227 	 0.0010 	 87.18 	 0.0019 	 1.0000 	 0.3824 	 0.8804
[2025/02/23 00:48:16] - 228 	 0.0010 	 82.38 	 0.0019 	 1.0000 	 0.3842 	 0.8817
[2025/02/23 01:02:45] - 229 	 0.0010 	 869.18 	 0.0019 	 1.0000 	 0.3954 	 0.8802
[2025/02/23 01:04:07] - 230 	 0.0010 	 81.75 	 0.0019 	 1.0000 	 0.3876 	 0.8808
[2025/02/23 01:05:30] - 231 	 0.0010 	 83.08 	 0.0019 	 1.0000 	 0.3851 	 0.8803
[2025/02/23 01:06:55] - 232 	 0.0010 	 85.03 	 0.0019 	 1.0000 	 0.4009 	 0.8809
[2025/02/23 01:08:17] - 233 	 0.0010 	 82.26 	 0.0019 	 1.0000 	 0.4007 	 0.8802
[2025/02/23 01:09:39] - 234 	 0.0010 	 82.13 	 0.0019 	 1.0000 	 0.3971 	 0.8804
[2025/02/23 01:11:05] - 235 	 0.0010 	 85.52 	 0.0019 	 1.0000 	 0.3935 	 0.8807
[2025/02/23 01:12:27] - 236 	 0.0010 	 82.47 	 0.0019 	 1.0000 	 0.3804 	 0.8816
[2025/02/23 01:13:51] - 237 	 0.0010 	 83.48 	 0.0019 	 1.0000 	 0.3823 	 0.8808
[2025/02/23 01:15:22] - 238 	 0.0010 	 91.33 	 0.0019 	 1.0000 	 0.3933 	 0.8813
[2025/02/23 01:29:38] - 239 	 0.0010 	 855.55 	 0.0019 	 1.0000 	 0.3888 	 0.8809
[2025/02/23 01:30:57] - 240 	 0.0010 	 78.93 	 0.0019 	 1.0000 	 0.3843 	 0.8807
[2025/02/23 01:32:20] - 241 	 0.0010 	 83.46 	 0.0019 	 1.0000 	 0.3850 	 0.8818
[2025/02/23 01:33:42] - 242 	 0.0010 	 82.00 	 0.0019 	 1.0000 	 0.3838 	 0.8816
[2025/02/23 01:35:05] - 243 	 0.0010 	 82.74 	 0.0019 	 1.0000 	 0.3854 	 0.8809
[2025/02/23 01:36:27] - 244 	 0.0010 	 82.24 	 0.0019 	 1.0000 	 0.3805 	 0.8812
[2025/02/23 01:37:50] - 245 	 0.0010 	 82.84 	 0.0019 	 1.0000 	 0.3872 	 0.8812
[2025/02/23 01:39:15] - 246 	 0.0010 	 84.97 	 0.0019 	 1.0000 	 0.4015 	 0.8806
[2025/02/23 01:40:38] - 247 	 0.0010 	 82.78 	 0.0019 	 1.0000 	 0.3867 	 0.8809
[2025/02/23 01:42:03] - 248 	 0.0010 	 84.86 	 0.0019 	 1.0000 	 0.3875 	 0.8816
[2025/02/23 01:56:24] - 249 	 0.0010 	 861.79 	 0.0019 	 1.0000 	 0.3896 	 0.8814
[2025/02/23 01:57:51] - 250 	 0.0010 	 86.56 	 0.0019 	 1.0000 	 0.3866 	 0.8817
[2025/02/23 01:59:21] - 251 	 0.0010 	 89.88 	 0.0019 	 1.0000 	 0.3861 	 0.8809
[2025/02/23 02:00:52] - 252 	 0.0010 	 91.37 	 0.0019 	 1.0000 	 0.3910 	 0.8818
[2025/02/23 02:02:23] - 253 	 0.0010 	 90.96 	 0.0019 	 1.0000 	 0.3821 	 0.8823
[2025/02/23 02:03:55] - 254 	 0.0010 	 91.51 	 0.0019 	 1.0000 	 0.3884 	 0.8822
[2025/02/23 02:05:27] - 255 	 0.0010 	 92.63 	 0.0020 	 1.0000 	 0.3852 	 0.8809
[2025/02/23 02:06:52] - 256 	 0.0010 	 84.80 	 0.0019 	 1.0000 	 0.3814 	 0.8810
[2025/02/23 02:08:15] - 257 	 0.0010 	 82.91 	 0.0019 	 1.0000 	 0.3930 	 0.8819
[2025/02/23 02:09:38] - 258 	 0.0010 	 83.21 	 0.0019 	 1.0000 	 0.3909 	 0.8804
[2025/02/23 02:24:14] - 259 	 0.0010 	 875.72 	 0.0019 	 1.0000 	 0.3849 	 0.8818
[2025/02/23 02:25:33] - 260 	 0.0010 	 79.12 	 0.0019 	 1.0000 	 0.3874 	 0.8818
[2025/02/23 02:26:57] - 261 	 0.0010 	 83.88 	 0.0019 	 1.0000 	 0.3833 	 0.8813
[2025/02/23 02:28:20] - 262 	 0.0010 	 83.13 	 0.0019 	 1.0000 	 0.3813 	 0.8812
[2025/02/23 02:29:43] - 263 	 0.0010 	 82.76 	 0.0019 	 1.0000 	 0.3869 	 0.8821
[2025/02/23 02:31:06] - 264 	 0.0010 	 82.96 	 0.0019 	 1.0000 	 0.3898 	 0.8815
[2025/02/23 02:32:29] - 265 	 0.0010 	 83.10 	 0.0019 	 1.0000 	 0.3972 	 0.8814
[2025/02/23 02:33:57] - 266 	 0.0010 	 87.84 	 0.0019 	 1.0000 	 0.3910 	 0.8828
[2025/02/23 02:35:30] - 267 	 0.0010 	 93.08 	 0.0019 	 1.0000 	 0.3846 	 0.8812
[2025/02/23 02:37:03] - 268 	 0.0010 	 93.27 	 0.0019 	 1.0000 	 0.3830 	 0.8812
[2025/02/23 02:51:11] - 269 	 0.0010 	 848.07 	 0.0019 	 1.0000 	 0.4038 	 0.8825
[2025/02/23 02:52:32] - 270 	 0.0010 	 81.16 	 0.0019 	 1.0000 	 0.3822 	 0.8814
[2025/02/23 02:53:55] - 271 	 0.0010 	 82.90 	 0.0019 	 1.0000 	 0.3885 	 0.8818
[2025/02/23 02:55:20] - 272 	 0.0010 	 84.96 	 0.0019 	 1.0000 	 0.3905 	 0.8820
[2025/02/23 02:56:43] - 273 	 0.0010 	 83.02 	 0.0019 	 1.0000 	 0.3967 	 0.8816
[2025/02/23 02:58:06] - 274 	 0.0010 	 82.97 	 0.0019 	 1.0000 	 0.3981 	 0.8814
[2025/02/23 02:59:30] - 275 	 0.0010 	 83.88 	 0.0019 	 1.0000 	 0.3880 	 0.8818
[2025/02/23 03:00:52] - 276 	 0.0010 	 81.99 	 0.0019 	 1.0000 	 0.3816 	 0.8810
[2025/02/23 03:02:14] - 277 	 0.0010 	 82.38 	 0.0020 	 1.0000 	 0.3947 	 0.8815
[2025/02/23 03:03:37] - 278 	 0.0010 	 82.85 	 0.0019 	 1.0000 	 0.4002 	 0.8816
[2025/02/23 03:17:57] - 279 	 0.0010 	 859.74 	 0.0019 	 1.0000 	 0.3831 	 0.8815
[2025/02/23 03:19:24] - 280 	 0.0010 	 86.43 	 0.0019 	 1.0000 	 0.3892 	 0.8825
[2025/02/23 03:20:54] - 281 	 0.0010 	 90.96 	 0.0019 	 1.0000 	 0.3869 	 0.8821
[2025/02/23 03:22:28] - 282 	 0.0010 	 93.56 	 0.0019 	 1.0000 	 0.4006 	 0.8815
[2025/02/23 03:23:58] - 283 	 0.0010 	 89.73 	 0.0019 	 1.0000 	 0.3815 	 0.8822
[2025/02/23 03:25:23] - 284 	 0.0010 	 85.74 	 0.0019 	 1.0000 	 0.3943 	 0.8820
[2025/02/23 03:26:49] - 285 	 0.0010 	 85.74 	 0.0019 	 1.0000 	 0.3795 	 0.8819
[2025/02/23 03:28:12] - 286 	 0.0010 	 82.53 	 0.0019 	 1.0000 	 0.3913 	 0.8813
[2025/02/23 03:29:34] - 287 	 0.0010 	 82.28 	 0.0019 	 1.0000 	 0.3934 	 0.8819
[2025/02/23 03:30:57] - 288 	 0.0010 	 83.30 	 0.0019 	 1.0000 	 0.3995 	 0.8827
[2025/02/23 03:45:23] - 289 	 0.0010 	 865.26 	 0.0019 	 1.0000 	 0.3938 	 0.8811
[2025/02/23 03:46:44] - 290 	 0.0010 	 81.47 	 0.0019 	 1.0000 	 0.3947 	 0.8811
[2025/02/23 03:48:10] - 291 	 0.0010 	 85.76 	 0.0019 	 1.0000 	 0.3922 	 0.8823
[2025/02/23 03:49:35] - 292 	 0.0010 	 85.25 	 0.0019 	 1.0000 	 0.3982 	 0.8811
[2025/02/23 03:50:58] - 293 	 0.0010 	 82.61 	 0.0019 	 1.0000 	 0.3900 	 0.8818
[2025/02/23 03:52:21] - 294 	 0.0010 	 83.29 	 0.0019 	 1.0000 	 0.3799 	 0.8817
[2025/02/23 03:53:52] - 295 	 0.0010 	 90.82 	 0.0019 	 1.0000 	 0.3888 	 0.8825
[2025/02/23 03:55:23] - 296 	 0.0010 	 91.36 	 0.0019 	 1.0000 	 0.3941 	 0.8820
[2025/02/23 03:56:54] - 297 	 0.0010 	 90.87 	 0.0019 	 1.0000 	 0.3862 	 0.8824
[2025/02/23 03:58:27] - 298 	 0.0010 	 93.12 	 0.0019 	 1.0000 	 0.3980 	 0.8819
[2025/02/23 04:12:47] - 299 	 0.0010 	 859.53 	 0.0019 	 1.0000 	 0.3833 	 0.8818
[2025/02/23 04:14:11] - 300 	 0.0010 	 83.99 	 0.0019 	 1.0000 	 0.3827 	 0.8819
[2025/02/23 04:15:34] - 301 	 0.0010 	 83.31 	 0.0019 	 1.0000 	 0.3864 	 0.8822
[2025/02/23 04:16:57] - 302 	 0.0010 	 83.05 	 0.0019 	 1.0000 	 0.4049 	 0.8810
[2025/02/23 04:18:25] - 303 	 0.0010 	 87.52 	 0.0019 	 1.0000 	 0.3807 	 0.8826
[2025/02/23 04:19:49] - 304 	 0.0010 	 84.10 	 0.0019 	 1.0000 	 0.3821 	 0.8817
[2025/02/23 04:21:12] - 305 	 0.0010 	 83.44 	 0.0019 	 1.0000 	 0.4005 	 0.8804
[2025/02/23 04:22:39] - 306 	 0.0010 	 87.20 	 0.0019 	 1.0000 	 0.3847 	 0.8818
[2025/02/23 04:24:03] - 307 	 0.0010 	 83.66 	 0.0019 	 1.0000 	 0.3810 	 0.8817
[2025/02/23 04:25:26] - 308 	 0.0010 	 82.78 	 0.0019 	 1.0000 	 0.3922 	 0.8817
[2025/02/23 04:39:45] - 309 	 0.0010 	 858.82 	 0.0019 	 1.0000 	 0.3960 	 0.8818
[2025/02/23 04:41:13] - 310 	 0.0010 	 88.34 	 0.0019 	 1.0000 	 0.3817 	 0.8824
[2025/02/23 04:42:44] - 311 	 0.0010 	 91.23 	 0.0019 	 1.0000 	 0.3802 	 0.8825
[2025/02/23 04:44:12] - 312 	 0.0010 	 87.69 	 0.0019 	 1.0000 	 0.3971 	 0.8817
[2025/02/23 04:45:34] - 313 	 0.0010 	 82.64 	 0.0019 	 1.0000 	 0.3892 	 0.8815
[2025/02/23 04:47:00] - 314 	 0.0010 	 85.49 	 0.0019 	 1.0000 	 0.3775 	 0.8824
[2025/02/23 04:48:23] - 315 	 0.0010 	 82.56 	 0.0019 	 1.0000 	 0.3782 	 0.8821
[2025/02/23 04:49:47] - 316 	 0.0010 	 84.11 	 0.0019 	 1.0000 	 0.3824 	 0.8820
[2025/02/23 04:51:10] - 317 	 0.0010 	 83.37 	 0.0019 	 1.0000 	 0.3969 	 0.8817
[2025/02/23 04:52:33] - 318 	 0.0010 	 82.67 	 0.0019 	 1.0000 	 0.3979 	 0.8821
[2025/02/23 05:06:58] - 319 	 0.0010 	 865.79 	 0.0019 	 1.0000 	 0.3803 	 0.8827
[2025/02/23 05:08:21] - 320 	 0.0010 	 82.12 	 0.0019 	 1.0000 	 0.3785 	 0.8829
[2025/02/23 05:09:43] - 321 	 0.0010 	 82.54 	 0.0019 	 1.0000 	 0.3933 	 0.8814
[2025/02/23 05:11:07] - 322 	 0.0010 	 84.27 	 0.0019 	 1.0000 	 0.3810 	 0.8816
[2025/02/23 05:12:37] - 323 	 0.0010 	 90.05 	 0.0019 	 1.0000 	 0.3847 	 0.8822
[2025/02/23 05:14:06] - 324 	 0.0010 	 88.34 	 0.0019 	 1.0000 	 0.3975 	 0.8823
[2025/02/23 05:15:38] - 325 	 0.0010 	 92.40 	 0.0019 	 1.0000 	 0.3809 	 0.8820
[2025/02/23 05:17:13] - 326 	 0.0010 	 94.52 	 0.0019 	 1.0000 	 0.3818 	 0.8820
[2025/02/23 05:18:43] - 327 	 0.0010 	 90.57 	 0.0019 	 1.0000 	 0.3890 	 0.8830
[2025/02/23 05:20:09] - 328 	 0.0010 	 85.96 	 0.0019 	 1.0000 	 0.3857 	 0.8820
[2025/02/23 05:34:24] - 329 	 0.0010 	 855.20 	 0.0019 	 1.0000 	 0.3780 	 0.8823
[2025/02/23 05:35:46] - 330 	 0.0010 	 81.75 	 0.0019 	 1.0000 	 0.3873 	 0.8817
[2025/02/23 05:37:09] - 331 	 0.0010 	 82.64 	 0.0019 	 1.0000 	 0.3809 	 0.8826
[2025/02/23 05:38:34] - 332 	 0.0010 	 84.98 	 0.0019 	 1.0000 	 0.3821 	 0.8822
[2025/02/23 05:39:59] - 333 	 0.0010 	 85.15 	 0.0019 	 1.0000 	 0.3825 	 0.8819
[2025/02/23 05:41:22] - 334 	 0.0010 	 83.14 	 0.0019 	 1.0000 	 0.3843 	 0.8826
[2025/02/23 05:42:45] - 335 	 0.0010 	 82.89 	 0.0019 	 1.0000 	 0.3932 	 0.8820
[2025/02/23 05:44:08] - 336 	 0.0010 	 82.72 	 0.0019 	 1.0000 	 0.3804 	 0.8824
[2025/02/23 05:45:35] - 337 	 0.0010 	 87.11 	 0.0019 	 1.0000 	 0.3888 	 0.8818
[2025/02/23 05:46:58] - 338 	 0.0010 	 82.81 	 0.0019 	 1.0000 	 0.3861 	 0.8811
[2025/02/23 06:01:06] - 339 	 0.0010 	 848.86 	 0.0019 	 1.0000 	 0.3809 	 0.8832
[2025/02/23 06:02:36] - 340 	 0.0010 	 89.95 	 0.0019 	 1.0000 	 0.3871 	 0.8821
[2025/02/23 06:04:01] - 341 	 0.0010 	 84.29 	 0.0019 	 1.0000 	 0.3867 	 0.8823
[2025/02/23 06:05:27] - 342 	 0.0010 	 85.93 	 0.0019 	 1.0000 	 0.3778 	 0.8810
[2025/02/23 06:06:49] - 343 	 0.0010 	 82.73 	 0.0019 	 1.0000 	 0.3993 	 0.8814
[2025/02/23 06:08:12] - 344 	 0.0010 	 82.81 	 0.0019 	 1.0000 	 0.3868 	 0.8822
[2025/02/23 06:09:38] - 345 	 0.0010 	 86.03 	 0.0019 	 1.0000 	 0.3798 	 0.8821
[2025/02/23 06:11:05] - 346 	 0.0010 	 86.30 	 0.0019 	 1.0000 	 0.3863 	 0.8824
[2025/02/23 06:12:27] - 347 	 0.0010 	 82.45 	 0.0019 	 1.0000 	 0.3884 	 0.8824
[2025/02/23 06:13:50] - 348 	 0.0010 	 82.84 	 0.0019 	 1.0000 	 0.3786 	 0.8818
[2025/02/23 06:28:27] - 349 	 0.0010 	 877.01 	 0.0019 	 1.0000 	 0.3792 	 0.8822
[2025/02/23 06:29:51] - 350 	 0.0010 	 84.22 	 0.0019 	 1.0000 	 0.3835 	 0.8820
[2025/02/23 06:31:21] - 351 	 0.0010 	 89.91 	 0.0019 	 1.0000 	 0.3950 	 0.8824
[2025/02/23 06:32:53] - 352 	 0.0010 	 91.87 	 0.0019 	 1.0000 	 0.3903 	 0.8818
[2025/02/23 06:34:24] - 353 	 0.0010 	 91.26 	 0.0019 	 1.0000 	 0.3848 	 0.8827
[2025/02/23 06:35:55] - 354 	 0.0010 	 91.13 	 0.0019 	 1.0000 	 0.3892 	 0.8825
[2025/02/23 06:37:26] - 355 	 0.0010 	 90.84 	 0.0019 	 1.0000 	 0.3829 	 0.8820
[2025/02/23 06:38:57] - 356 	 0.0010 	 90.90 	 0.0019 	 1.0000 	 0.3900 	 0.8824
[2025/02/23 06:40:28] - 357 	 0.0010 	 91.16 	 0.0019 	 1.0000 	 0.3827 	 0.8830
[2025/02/23 06:41:55] - 358 	 0.0010 	 86.40 	 0.0019 	 1.0000 	 0.3893 	 0.8825
[2025/02/23 06:56:07] - 359 	 0.0010 	 852.13 	 0.0019 	 1.0000 	 0.3784 	 0.8818
[2025/02/23 06:57:36] - 360 	 0.0010 	 88.92 	 0.0019 	 1.0000 	 0.3779 	 0.8826
[2025/02/23 06:58:59] - 361 	 0.0010 	 83.64 	 0.0019 	 1.0000 	 0.3807 	 0.8812
[2025/02/23 07:00:24] - 362 	 0.0010 	 84.98 	 0.0019 	 1.0000 	 0.3749 	 0.8836
[2025/02/23 07:01:54] - 363 	 0.0010 	 89.48 	 0.0019 	 1.0000 	 0.3889 	 0.8810
[2025/02/23 07:03:18] - 364 	 0.0010 	 84.35 	 0.0019 	 1.0000 	 0.3781 	 0.8830
[2025/02/23 07:04:41] - 365 	 0.0010 	 83.44 	 0.0019 	 1.0000 	 0.3823 	 0.8823
[2025/02/23 07:06:10] - 366 	 0.0010 	 88.43 	 0.0019 	 1.0000 	 0.3786 	 0.8824
[2025/02/23 07:07:35] - 367 	 0.0010 	 85.57 	 0.0019 	 1.0000 	 0.3786 	 0.8821
[2025/02/23 07:09:03] - 368 	 0.0010 	 87.74 	 0.0019 	 1.0000 	 0.3972 	 0.8825
[2025/02/23 07:23:32] - 369 	 0.0010 	 868.91 	 0.0019 	 1.0000 	 0.3885 	 0.8828
[2025/02/23 07:24:56] - 370 	 0.0010 	 83.85 	 0.0019 	 1.0000 	 0.3780 	 0.8824
[2025/02/23 07:26:23] - 371 	 0.0010 	 86.88 	 0.0019 	 1.0000 	 0.3851 	 0.8812
[2025/02/23 07:27:49] - 372 	 0.0010 	 86.46 	 0.0019 	 1.0000 	 0.3774 	 0.8824
[2025/02/23 07:29:14] - 373 	 0.0010 	 84.72 	 0.0019 	 1.0000 	 0.3923 	 0.8817
[2025/02/23 07:30:43] - 374 	 0.0010 	 88.74 	 0.0019 	 1.0000 	 0.3941 	 0.8824
[2025/02/23 07:32:07] - 375 	 0.0010 	 83.84 	 0.0019 	 1.0000 	 0.3848 	 0.8825
[2025/02/23 07:33:32] - 376 	 0.0010 	 84.89 	 0.0019 	 1.0000 	 0.3816 	 0.8826
[2025/02/23 07:35:01] - 377 	 0.0010 	 89.75 	 0.0019 	 1.0000 	 0.3824 	 0.8815
[2025/02/23 07:36:22] - 378 	 0.0010 	 80.39 	 0.0019 	 1.0000 	 0.3769 	 0.8836
[2025/02/23 07:50:28] - 379 	 0.0010 	 846.61 	 0.0019 	 1.0000 	 0.4002 	 0.8823
[2025/02/23 07:52:03] - 380 	 0.0010 	 95.14 	 0.0019 	 1.0000 	 0.3820 	 0.8821
[2025/02/23 07:53:35] - 381 	 0.0010 	 91.94 	 0.0019 	 1.0000 	 0.3822 	 0.8817
[2025/02/23 07:55:04] - 382 	 0.0010 	 88.90 	 0.0019 	 1.0000 	 0.3938 	 0.8824
[2025/02/23 07:56:28] - 383 	 0.0010 	 84.06 	 0.0019 	 1.0000 	 0.3991 	 0.8821
[2025/02/23 07:57:56] - 384 	 0.0010 	 87.28 	 0.0019 	 1.0000 	 0.3792 	 0.8833
[2025/02/23 07:59:21] - 385 	 0.0010 	 85.12 	 0.0019 	 1.0000 	 0.3805 	 0.8831
[2025/02/23 08:00:45] - 386 	 0.0010 	 84.07 	 0.0019 	 1.0000 	 0.3778 	 0.8826
[2025/02/23 08:02:11] - 387 	 0.0010 	 86.42 	 0.0019 	 1.0000 	 0.3798 	 0.8826
[2025/02/23 08:03:35] - 388 	 0.0010 	 83.50 	 0.0019 	 1.0000 	 0.3913 	 0.8827
[2025/02/23 08:14:14] - 389 	 0.0010 	 639.67 	 0.0018 	 1.0000 	 0.3841 	 0.8827
[2025/02/23 08:14:44] - 390 	 0.0010 	 29.31 	 0.0019 	 1.0000 	 0.3755 	 0.8834
[2025/02/23 08:15:15] - 391 	 0.0010 	 31.48 	 0.0018 	 1.0000 	 0.3893 	 0.8832
[2025/02/23 08:15:50] - 392 	 0.0010 	 35.35 	 0.0019 	 1.0000 	 0.3838 	 0.8818
[2025/02/23 08:16:25] - 393 	 0.0010 	 34.75 	 0.0019 	 1.0000 	 0.3818 	 0.8831
[2025/02/23 08:17:00] - 394 	 0.0010 	 34.65 	 0.0019 	 1.0000 	 0.3757 	 0.8840
[2025/02/23 08:17:35] - 395 	 0.0010 	 35.22 	 0.0019 	 1.0000 	 0.3786 	 0.8826
[2025/02/23 08:18:10] - 396 	 0.0010 	 34.82 	 0.0019 	 1.0000 	 0.3929 	 0.8822
[2025/02/23 08:18:44] - 397 	 0.0010 	 34.52 	 0.0019 	 1.0000 	 0.3764 	 0.8826
[2025/02/23 08:19:20] - 398 	 0.0010 	 35.10 	 0.0019 	 1.0000 	 0.3860 	 0.8816
[2025/02/23 08:29:12] - 399 	 0.0010 	 592.20 	 0.0019 	 1.0000 	 0.3871 	 0.8823
[2025/02/23 08:29:41] - 400 	 0.0010 	 29.60 	 0.0019 	 1.0000 	 0.3834 	 0.8825
[2025/02/23 08:30:11] - 401 	 0.0010 	 30.11 	 0.0019 	 1.0000 	 0.3823 	 0.8832
[2025/02/23 08:30:41] - 402 	 0.0010 	 29.70 	 0.0019 	 1.0000 	 0.3805 	 0.8833
[2025/02/23 08:31:11] - 403 	 0.0010 	 29.36 	 0.0019 	 1.0000 	 0.3817 	 0.8821
[2025/02/23 08:31:40] - 404 	 0.0010 	 29.79 	 0.0019 	 1.0000 	 0.3921 	 0.8832
[2025/02/23 08:32:09] - 405 	 0.0010 	 28.67 	 0.0019 	 1.0000 	 0.3797 	 0.8835
[2025/02/23 08:32:38] - 406 	 0.0010 	 29.38 	 0.0019 	 1.0000 	 0.3884 	 0.8839
[2025/02/23 08:33:08] - 407 	 0.0010 	 29.33 	 0.0019 	 1.0000 	 0.3860 	 0.8820
[2025/02/23 08:33:37] - 408 	 0.0010 	 29.52 	 0.0019 	 1.0000 	 0.3762 	 0.8821
[2025/02/23 08:43:16] - 409 	 0.0010 	 578.57 	 0.0018 	 1.0000 	 0.3806 	 0.8833
[2025/02/23 08:43:51] - 410 	 0.0010 	 35.13 	 0.0019 	 1.0000 	 0.3836 	 0.8834
[2025/02/23 08:44:26] - 411 	 0.0010 	 35.39 	 0.0019 	 1.0000 	 0.3861 	 0.8828
[2025/02/23 08:45:01] - 412 	 0.0010 	 34.99 	 0.0019 	 1.0000 	 0.3751 	 0.8835
[2025/02/23 08:45:36] - 413 	 0.0010 	 34.95 	 0.0019 	 1.0000 	 0.3828 	 0.8837
[2025/02/23 08:46:11] - 414 	 0.0010 	 34.91 	 0.0019 	 1.0000 	 0.3794 	 0.8834
[2025/02/23 08:46:46] - 415 	 0.0010 	 34.87 	 0.0019 	 1.0000 	 0.3750 	 0.8813
[2025/02/23 08:47:21] - 416 	 0.0010 	 35.24 	 0.0018 	 1.0000 	 0.3816 	 0.8824
[2025/02/23 08:47:56] - 417 	 0.0010 	 35.13 	 0.0019 	 1.0000 	 0.3769 	 0.8817
[2025/02/23 08:48:32] - 418 	 0.0010 	 35.79 	 0.0018 	 1.0000 	 0.3782 	 0.8831
[2025/02/23 08:58:04] - 419 	 0.0010 	 571.45 	 0.0019 	 1.0000 	 0.3801 	 0.8821
[2025/02/23 08:58:33] - 420 	 0.0010 	 29.43 	 0.0019 	 1.0000 	 0.3855 	 0.8820
[2025/02/23 08:59:02] - 421 	 0.0010 	 29.39 	 0.0019 	 1.0000 	 0.3881 	 0.8831
[2025/02/23 08:59:32] - 422 	 0.0010 	 29.93 	 0.0019 	 1.0000 	 0.3826 	 0.8816
[2025/02/23 09:00:02] - 423 	 0.0010 	 29.31 	 0.0019 	 1.0000 	 0.3889 	 0.8823
[2025/02/23 09:00:31] - 424 	 0.0010 	 29.34 	 0.0018 	 1.0000 	 0.3824 	 0.8824
[2025/02/23 09:01:00] - 425 	 0.0010 	 29.14 	 0.0018 	 1.0000 	 0.3918 	 0.8825
[2025/02/23 09:01:29] - 426 	 0.0010 	 28.70 	 0.0019 	 1.0000 	 0.3753 	 0.8830
[2025/02/23 09:01:58] - 427 	 0.0010 	 28.62 	 0.0019 	 1.0000 	 0.3845 	 0.8821
[2025/02/23 09:02:27] - 428 	 0.0010 	 29.87 	 0.0019 	 1.0000 	 0.3732 	 0.8838
[2025/02/23 09:12:12] - 429 	 0.0010 	 584.91 	 0.0018 	 1.0000 	 0.3859 	 0.8819
[2025/02/23 09:12:48] - 430 	 0.0010 	 35.26 	 0.0019 	 1.0000 	 0.3747 	 0.8815
[2025/02/23 09:13:23] - 431 	 0.0010 	 35.50 	 0.0019 	 1.0000 	 0.3735 	 0.8827
[2025/02/23 09:13:58] - 432 	 0.0010 	 35.14 	 0.0019 	 1.0000 	 0.3805 	 0.8824
[2025/02/23 09:14:33] - 433 	 0.0010 	 35.24 	 0.0019 	 1.0000 	 0.3849 	 0.8839
[2025/02/23 09:15:08] - 434 	 0.0010 	 34.78 	 0.0019 	 1.0000 	 0.3791 	 0.8815
[2025/02/23 09:15:37] - 435 	 0.0010 	 29.02 	 0.0018 	 1.0000 	 0.3786 	 0.8823
[2025/02/23 09:16:07] - 436 	 0.0010 	 29.39 	 0.0018 	 1.0000 	 0.3796 	 0.8830
[2025/02/23 09:16:37] - 437 	 0.0010 	 29.89 	 0.0019 	 1.0000 	 0.3801 	 0.8829
[2025/02/23 09:17:06] - 438 	 0.0010 	 29.29 	 0.0019 	 1.0000 	 0.3827 	 0.8837
[2025/02/23 09:26:29] - 439 	 0.0010 	 563.19 	 0.0018 	 1.0000 	 0.3840 	 0.8829
[2025/02/23 09:26:58] - 440 	 0.0010 	 28.82 	 0.0019 	 1.0000 	 0.3865 	 0.8828
[2025/02/23 09:27:27] - 441 	 0.0010 	 29.47 	 0.0018 	 1.0000 	 0.3857 	 0.8832
[2025/02/23 09:27:57] - 442 	 0.0010 	 29.21 	 0.0019 	 1.0000 	 0.3850 	 0.8838
[2025/02/23 09:28:25] - 443 	 0.0010 	 28.98 	 0.0019 	 1.0000 	 0.3806 	 0.8837
[2025/02/23 09:28:54] - 444 	 0.0010 	 28.91 	 0.0019 	 1.0000 	 0.3790 	 0.8832
[2025/02/23 09:29:23] - 445 	 0.0010 	 29.03 	 0.0019 	 1.0000 	 0.3811 	 0.8838
[2025/02/23 09:29:53] - 446 	 0.0010 	 29.42 	 0.0019 	 1.0000 	 0.3795 	 0.8833
[2025/02/23 09:30:22] - 447 	 0.0010 	 28.90 	 0.0018 	 1.0000 	 0.3832 	 0.8829
[2025/02/23 09:30:51] - 448 	 0.0010 	 29.01 	 0.0018 	 1.0000 	 0.3960 	 0.8825
[2025/02/23 09:40:50] - 449 	 0.0010 	 598.96 	 0.0019 	 1.0000 	 0.3809 	 0.8829
[2025/02/23 09:41:21] - 450 	 0.0010 	 31.34 	 0.0019 	 1.0000 	 0.3787 	 0.8830
[2025/02/23 09:41:50] - 451 	 0.0010 	 28.91 	 0.0018 	 1.0000 	 0.3759 	 0.8828
[2025/02/23 09:42:20] - 452 	 0.0010 	 29.92 	 0.0019 	 1.0000 	 0.3777 	 0.8832
[2025/02/23 09:42:49] - 453 	 0.0010 	 29.60 	 0.0018 	 1.0000 	 0.3861 	 0.8826
[2025/02/23 09:43:19] - 454 	 0.0010 	 29.29 	 0.0019 	 1.0000 	 0.3753 	 0.8836
[2025/02/23 09:43:48] - 455 	 0.0010 	 29.28 	 0.0018 	 1.0000 	 0.3780 	 0.8830
[2025/02/23 09:44:18] - 456 	 0.0010 	 29.85 	 0.0019 	 1.0000 	 0.3888 	 0.8828
[2025/02/23 09:44:47] - 457 	 0.0010 	 29.15 	 0.0018 	 1.0000 	 0.3859 	 0.8826
[2025/02/23 09:45:16] - 458 	 0.0010 	 29.12 	 0.0019 	 1.0000 	 0.3790 	 0.8838
[2025/02/23 09:54:46] - 459 	 0.0010 	 569.94 	 0.0018 	 1.0000 	 0.3757 	 0.8829
[2025/02/23 09:55:16] - 460 	 0.0010 	 30.18 	 0.0019 	 1.0000 	 0.3844 	 0.8831
[2025/02/23 09:55:44] - 461 	 0.0010 	 27.32 	 0.0019 	 1.0000 	 0.3858 	 0.8836
[2025/02/23 09:56:11] - 462 	 0.0010 	 27.41 	 0.0018 	 1.0000 	 0.3826 	 0.8834
[2025/02/23 09:56:41] - 463 	 0.0010 	 30.28 	 0.0019 	 1.0000 	 0.3784 	 0.8828
[2025/02/23 09:57:12] - 464 	 0.0010 	 30.28 	 0.0018 	 1.0000 	 0.3817 	 0.8827
[2025/02/23 09:57:42] - 465 	 0.0010 	 30.20 	 0.0019 	 1.0000 	 0.3841 	 0.8821
[2025/02/23 09:58:17] - 466 	 0.0010 	 34.85 	 0.0018 	 1.0000 	 0.3897 	 0.8840
[2025/02/23 09:58:53] - 467 	 0.0010 	 35.99 	 0.0019 	 1.0000 	 0.3939 	 0.8827
[2025/02/23 09:59:28] - 468 	 0.0010 	 35.02 	 0.0019 	 1.0000 	 0.3948 	 0.8834
[2025/02/23 10:10:02] - 469 	 0.0010 	 634.16 	 0.0018 	 1.0000 	 0.3915 	 0.8828
[2025/02/23 10:10:30] - 470 	 0.0010 	 28.32 	 0.0018 	 1.0000 	 0.3850 	 0.8834
[2025/02/23 10:10:58] - 471 	 0.0010 	 28.00 	 0.0019 	 1.0000 	 0.3752 	 0.8832
[2025/02/23 10:11:26] - 472 	 0.0010 	 27.51 	 0.0019 	 1.0000 	 0.3756 	 0.8840
[2025/02/23 10:11:54] - 473 	 0.0010 	 28.30 	 0.0018 	 1.0000 	 0.3738 	 0.8839
[2025/02/23 10:12:22] - 474 	 0.0010 	 28.09 	 0.0018 	 1.0000 	 0.3747 	 0.8832
[2025/02/23 10:12:50] - 475 	 0.0010 	 28.21 	 0.0018 	 1.0000 	 0.3861 	 0.8830
[2025/02/23 10:13:19] - 476 	 0.0010 	 28.78 	 0.0018 	 1.0000 	 0.3970 	 0.8836
[2025/02/23 10:13:47] - 477 	 0.0010 	 27.92 	 0.0019 	 1.0000 	 0.3884 	 0.8832
[2025/02/23 10:14:15] - 478 	 0.0010 	 28.28 	 0.0019 	 1.0000 	 0.3868 	 0.8813
[2025/02/23 10:24:10] - 479 	 0.0010 	 594.50 	 0.0019 	 1.0000 	 0.3934 	 0.8834
[2025/02/23 10:24:44] - 480 	 0.0010 	 34.54 	 0.0018 	 1.0000 	 0.3828 	 0.8841
[2025/02/23 10:25:19] - 481 	 0.0010 	 34.56 	 0.0018 	 1.0000 	 0.3740 	 0.8834
[2025/02/23 10:25:53] - 482 	 0.0010 	 34.66 	 0.0018 	 1.0000 	 0.3802 	 0.8839
[2025/02/23 10:26:28] - 483 	 0.0010 	 34.73 	 0.0018 	 1.0000 	 0.3837 	 0.8849
[2025/02/23 10:27:03] - 484 	 0.0010 	 35.11 	 0.0018 	 1.0000 	 0.3861 	 0.8826
[2025/02/23 10:27:38] - 485 	 0.0010 	 34.36 	 0.0018 	 1.0000 	 0.4072 	 0.8827
[2025/02/23 10:28:11] - 486 	 0.0010 	 33.68 	 0.0018 	 1.0000 	 0.3766 	 0.8841
[2025/02/23 10:28:46] - 487 	 0.0010 	 34.20 	 0.0018 	 1.0000 	 0.3804 	 0.8838
[2025/02/23 10:29:19] - 488 	 0.0010 	 33.90 	 0.0018 	 1.0000 	 0.3854 	 0.8833
[2025/02/23 10:38:49] - 489 	 0.0010 	 569.41 	 0.0018 	 1.0000 	 0.3797 	 0.8838
[2025/02/23 10:39:18] - 490 	 0.0010 	 28.83 	 0.0018 	 1.0000 	 0.3772 	 0.8821
[2025/02/23 10:39:47] - 491 	 0.0010 	 29.74 	 0.0018 	 1.0000 	 0.3751 	 0.8834
[2025/02/23 10:40:17] - 492 	 0.0010 	 29.52 	 0.0018 	 1.0000 	 0.3766 	 0.8823
[2025/02/23 10:40:45] - 493 	 0.0010 	 28.12 	 0.0018 	 1.0000 	 0.3767 	 0.8844
[2025/02/23 10:41:14] - 494 	 0.0010 	 29.04 	 0.0019 	 1.0000 	 0.3805 	 0.8834
[2025/02/23 10:41:43] - 495 	 0.0010 	 28.37 	 0.0019 	 1.0000 	 0.3957 	 0.8839
[2025/02/23 10:42:12] - 496 	 0.0010 	 29.36 	 0.0019 	 1.0000 	 0.3832 	 0.8833
[2025/02/23 10:42:41] - 497 	 0.0010 	 29.18 	 0.0019 	 1.0000 	 0.3753 	 0.8828
[2025/02/23 10:43:10] - 498 	 0.0010 	 29.21 	 0.0018 	 1.0000 	 0.3851 	 0.8833
[2025/02/23 10:54:22] - 499 	 0.0010 	 671.81 	 0.0018 	 1.0000 	 0.3735 	 0.8841
[2025/02/23 10:54:30] - Number of unforgettable examples: 20250
